This is pdfTeXk, Version 3.141592-1.40.3 (Web2C 7.5.6) (format=pdflatex 2007.5.18)  30 MAR 2013 00:03
entering extended mode
\write18 enabled.
 %&-line parsing enabled.
**Dissertation.tex
(./Dissertation.tex
LaTeX2e <2005/12/01>
Babel <v3.8h> and hyphenation patterns for english, usenglishmax, dumylang, noh
yphenation, arabic, basque, bulgarian, coptic, welsh, czech, slovak, german, ng
erman, danish, esperanto, spanish, catalan, galician, estonian, farsi, finnish,
 french, greek, monogreek, ancientgreek, croatian, hungarian, interlingua, ibyc
us, indonesian, icelandic, italian, latin, mongolian, dutch, norsk, polish, por
tuguese, pinyin, romanian, russian, slovenian, uppersorbian, serbian, swedish, 
turkish, ukenglish, ukrainian, loaded.
(/usr/local/texlive/2007/texmf-dist/tex/latex/base/report.cls
Document Class: report 2005/09/16 v1.4f Standard LaTeX document class
(/usr/local/texlive/2007/texmf-dist/tex/latex/base/size12.clo
File: size12.clo 2005/09/16 v1.4f Standard LaTeX file (size option)
)
\c@part=\count79
\c@chapter=\count80
\c@section=\count81
\c@subsection=\count82
\c@subsubsection=\count83
\c@paragraph=\count84
\c@subparagraph=\count85
\c@figure=\count86
\c@table=\count87
\abovecaptionskip=\skip41
\belowcaptionskip=\skip42
\bibindent=\dimen102
)
(/usr/local/texlive/2007/texmf-dist/tex/latex/anysize/anysize.sty
Package: anysize 1994/08/13 setting margin sizes

document style option `anysize' loaded
Michael Salzenberg, Thomas Esser, Dirk Hillbrecht
Version 1.0, Aug 13, 1994
\@Leftmargin=\dimen103
\@Rightmargin=\dimen104
\@Topmargin=\dimen105
\@Bottommargin=\dimen106
) (/usr/local/texlive/2007/texmf-dist/tex/latex/tools/indentfirst.sty
Package: indentfirst 1995/11/23 v1.03 Indent first paragraph (DPC)
)
(./apacite.sty
Package: apacite 2009/03/01 v4.05 APA citation
\c@BibCnt=\count88
\bibleftmargin=\skip43
\bibindent=\skip44
\bibparsep=\skip45
\bibitemsep=\skip46
)
(/usr/local/texlive/2007/texmf-dist/tex/latex/graphics/graphicx.sty
Package: graphicx 1999/02/16 v1.0f Enhanced LaTeX Graphics (DPC,SPQR)

(/usr/local/texlive/2007/texmf-dist/tex/latex/graphics/keyval.sty
Package: keyval 1999/03/16 v1.13 key=value parser (DPC)
\KV@toks@=\toks14
)
(/usr/local/texlive/2007/texmf-dist/tex/latex/graphics/graphics.sty
Package: graphics 2006/02/20 v1.0o Standard LaTeX Graphics (DPC,SPQR)

(/usr/local/texlive/2007/texmf-dist/tex/latex/graphics/trig.sty
Package: trig 1999/03/16 v1.09 sin cos tan (DPC)
)
(/usr/local/texlive/2007/texmf/tex/latex/config/graphics.cfg
File: graphics.cfg 2007/01/18 v1.5 graphics configuration of teTeX/TeXLive
)
Package graphics Info: Driver file: pdftex.def on input line 90.

(/usr/local/texlive/2007/texmf-dist/tex/latex/pdftex-def/pdftex.def
File: pdftex.def 2007/01/08 v0.04d Graphics/color for pdfTeX
\Gread@gobject=\count89
))
\Gin@req@height=\dimen107
\Gin@req@width=\dimen108
)
(/usr/local/texlive/2007/texmf-dist/tex/latex/psnfss/times.sty
Package: times 2005/04/12 PSNFSS-v9.2a (SPQR) 
)
(/usr/local/texlive/2007/texmf-dist/tex/latex/mh/mathtools.sty
Package: mathtools 2004/10/10 v1.01a mathematical typesetting tools (MH)

(/usr/local/texlive/2007/texmf-dist/tex/latex/tools/calc.sty
Package: calc 2005/08/06 v4.2 Infix arithmetic (KKT,FJ)
\calc@Acount=\count90
\calc@Bcount=\count91
\calc@Adimen=\dimen109
\calc@Bdimen=\dimen110
\calc@Askip=\skip47
\calc@Bskip=\skip48
LaTeX Info: Redefining \setlength on input line 75.
LaTeX Info: Redefining \addtolength on input line 76.
\calc@Ccount=\count92
\calc@Cskip=\skip49
)
(/usr/local/texlive/2007/texmf-dist/tex/latex/mh/mhsetup.sty
Package: mhsetup 2004/10/10 v1.0b programming setup (MH)
)
(/usr/local/texlive/2007/texmf-dist/tex/latex/amsmath/amsmath.sty
Package: amsmath 2000/07/18 v2.13 AMS math features
\@mathmargin=\skip50

For additional information on amsmath, use the `?' option.
(/usr/local/texlive/2007/texmf-dist/tex/latex/amsmath/amstext.sty
Package: amstext 2000/06/29 v2.01

(/usr/local/texlive/2007/texmf-dist/tex/latex/amsmath/amsgen.sty
File: amsgen.sty 1999/11/30 v2.0
\@emptytoks=\toks15
\ex@=\dimen111
))
(/usr/local/texlive/2007/texmf-dist/tex/latex/amsmath/amsbsy.sty
Package: amsbsy 1999/11/29 v1.2d
\pmbraise@=\dimen112
)
(/usr/local/texlive/2007/texmf-dist/tex/latex/amsmath/amsopn.sty
Package: amsopn 1999/12/14 v2.01 operator names
)
\inf@bad=\count93
LaTeX Info: Redefining \frac on input line 211.
\uproot@=\count94
\leftroot@=\count95
LaTeX Info: Redefining \overline on input line 307.
\classnum@=\count96
\DOTSCASE@=\count97
LaTeX Info: Redefining \ldots on input line 379.
LaTeX Info: Redefining \dots on input line 382.
LaTeX Info: Redefining \cdots on input line 467.
\Mathstrutbox@=\box26
\strutbox@=\box27
\big@size=\dimen113
LaTeX Font Info:    Redeclaring font encoding OML on input line 567.
LaTeX Font Info:    Redeclaring font encoding OMS on input line 568.
\macc@depth=\count98
\c@MaxMatrixCols=\count99
\dotsspace@=\muskip10
\c@parentequation=\count100
\dspbrk@lvl=\count101
\tag@help=\toks16
\row@=\count102
\column@=\count103
\maxfields@=\count104
\andhelp@=\toks17
\eqnshift@=\dimen114
\alignsep@=\dimen115
\tagshift@=\dimen116
\tagwidth@=\dimen117
\totwidth@=\dimen118
\lineht@=\dimen119
\@envbody=\toks18
\multlinegap=\skip51
\multlinetaggap=\skip52
\mathdisplay@stack=\toks19
LaTeX Info: Redefining \[ on input line 2666.
LaTeX Info: Redefining \] on input line 2667.
)
\g_MT_multlinerow_int=\count105
\l_MT_multwidth_dim=\dimen120
)
(/usr/local/texlive/2007/texmf-dist/tex/latex/base/textcomp.sty
Package: textcomp 2005/09/27 v1.99g Standard LaTeX package
Package textcomp Info: Sub-encoding information:
(textcomp)               5 = only ISO-Adobe without \textcurrency
(textcomp)               4 = 5 + \texteuro
(textcomp)               3 = 4 + \textohm
(textcomp)               2 = 3 + \textestimated + \textcurrency
(textcomp)               1 = TS1 - \textcircled - \t
(textcomp)               0 = TS1 (full)
(textcomp)             Font families with sub-encoding setting implement
(textcomp)             only a restricted character set as indicated.
(textcomp)             Family '?' is the default used for unknown fonts.
(textcomp)             See the documentation for details.
Package textcomp Info: Setting ? sub-encoding to TS1/1 on input line 71.

(/usr/local/texlive/2007/texmf-dist/tex/latex/base/ts1enc.def
File: ts1enc.def 2001/06/05 v3.0e (jk/car/fm) Standard LaTeX file
)
LaTeX Info: Redefining \oldstylenums on input line 266.
Package textcomp Info: Setting cmr sub-encoding to TS1/0 on input line 281.
Package textcomp Info: Setting cmss sub-encoding to TS1/0 on input line 282.
Package textcomp Info: Setting cmtt sub-encoding to TS1/0 on input line 283.
Package textcomp Info: Setting cmvtt sub-encoding to TS1/0 on input line 284.
Package textcomp Info: Setting cmbr sub-encoding to TS1/0 on input line 285.
Package textcomp Info: Setting cmtl sub-encoding to TS1/0 on input line 286.
Package textcomp Info: Setting ccr sub-encoding to TS1/0 on input line 287.
Package textcomp Info: Setting ptm sub-encoding to TS1/4 on input line 288.
Package textcomp Info: Setting pcr sub-encoding to TS1/4 on input line 289.
Package textcomp Info: Setting phv sub-encoding to TS1/4 on input line 290.
Package textcomp Info: Setting ppl sub-encoding to TS1/3 on input line 291.
Package textcomp Info: Setting pag sub-encoding to TS1/4 on input line 292.
Package textcomp Info: Setting pbk sub-encoding to TS1/4 on input line 293.
Package textcomp Info: Setting pnc sub-encoding to TS1/4 on input line 294.
Package textcomp Info: Setting pzc sub-encoding to TS1/4 on input line 295.
Package textcomp Info: Setting bch sub-encoding to TS1/4 on input line 296.
Package textcomp Info: Setting put sub-encoding to TS1/5 on input line 297.
Package textcomp Info: Setting uag sub-encoding to TS1/5 on input line 298.
Package textcomp Info: Setting ugq sub-encoding to TS1/5 on input line 299.
Package textcomp Info: Setting ul8 sub-encoding to TS1/4 on input line 300.
Package textcomp Info: Setting ul9 sub-encoding to TS1/4 on input line 301.
Package textcomp Info: Setting augie sub-encoding to TS1/5 on input line 302.
Package textcomp Info: Setting dayrom sub-encoding to TS1/3 on input line 303.
Package textcomp Info: Setting dayroms sub-encoding to TS1/3 on input line 304.

Package textcomp Info: Setting pxr sub-encoding to TS1/0 on input line 305.
Package textcomp Info: Setting pxss sub-encoding to TS1/0 on input line 306.
Package textcomp Info: Setting pxtt sub-encoding to TS1/0 on input line 307.
Package textcomp Info: Setting txr sub-encoding to TS1/0 on input line 308.
Package textcomp Info: Setting txss sub-encoding to TS1/0 on input line 309.
Package textcomp Info: Setting txtt sub-encoding to TS1/0 on input line 310.
Package textcomp Info: Setting futs sub-encoding to TS1/4 on input line 311.
Package textcomp Info: Setting futx sub-encoding to TS1/4 on input line 312.
Package textcomp Info: Setting futj sub-encoding to TS1/4 on input line 313.
Package textcomp Info: Setting hlh sub-encoding to TS1/3 on input line 314.
Package textcomp Info: Setting hls sub-encoding to TS1/3 on input line 315.
Package textcomp Info: Setting hlst sub-encoding to TS1/3 on input line 316.
Package textcomp Info: Setting hlct sub-encoding to TS1/5 on input line 317.
Package textcomp Info: Setting hlx sub-encoding to TS1/5 on input line 318.
Package textcomp Info: Setting hlce sub-encoding to TS1/5 on input line 319.
Package textcomp Info: Setting hlcn sub-encoding to TS1/5 on input line 320.
Package textcomp Info: Setting hlcw sub-encoding to TS1/5 on input line 321.
Package textcomp Info: Setting hlcf sub-encoding to TS1/5 on input line 322.
Package textcomp Info: Setting pplx sub-encoding to TS1/3 on input line 323.
Package textcomp Info: Setting pplj sub-encoding to TS1/3 on input line 324.
Package textcomp Info: Setting ptmx sub-encoding to TS1/4 on input line 325.
Package textcomp Info: Setting ptmj sub-encoding to TS1/4 on input line 326.
)
(./Dissertation.aux)
\openout1 = `Dissertation.aux'.

LaTeX Font Info:    Checking defaults for OML/cmm/m/it on input line 22.
LaTeX Font Info:    ... okay on input line 22.
LaTeX Font Info:    Checking defaults for T1/cmr/m/n on input line 22.
LaTeX Font Info:    ... okay on input line 22.
LaTeX Font Info:    Checking defaults for OT1/cmr/m/n on input line 22.
LaTeX Font Info:    ... okay on input line 22.
LaTeX Font Info:    Checking defaults for OMS/cmsy/m/n on input line 22.
LaTeX Font Info:    ... okay on input line 22.
LaTeX Font Info:    Checking defaults for OMX/cmex/m/n on input line 22.
LaTeX Font Info:    ... okay on input line 22.
LaTeX Font Info:    Checking defaults for U/cmr/m/n on input line 22.
LaTeX Font Info:    ... okay on input line 22.
LaTeX Font Info:    Checking defaults for TS1/cmr/m/n on input line 22.
LaTeX Font Info:    Try loading font information for TS1+cmr on input line 22.

(/usr/local/texlive/2007/texmf-dist/tex/latex/base/ts1cmr.fd
File: ts1cmr.fd 1999/05/25 v2.5h Standard LaTeX font definitions
)
LaTeX Font Info:    ... okay on input line 22.
LaTeX Font Info:    Try loading font information for OT1+ptm on input line 22.

(/usr/local/texlive/2007/texmf-dist/tex/latex/psnfss/ot1ptm.fd
File: ot1ptm.fd 2001/06/04 font definitions for OT1/ptm.
)
(/usr/local/texlive/2007/texmf-dist/tex/latex/apacite/english.apc
File: english.apc 2005/06/01
)
(/usr/local/texlive/2007/texmf-dist/tex/context/base/supp-pdf.tex
[Loading MPS to PDF converter (version 2006.09.02).]
\scratchcounter=\count106
\scratchdimen=\dimen121
\scratchbox=\box28
\nofMPsegments=\count107
\nofMParguments=\count108
\MPscratchCnt=\count109
\MPscratchDim=\dimen122
\MPnumerator=\count110
\everyMPtoPDFconversion=\toks20
)
LaTeX Font Info:    Try loading font information for OT1+pcr on input line 34.
 (/usr/local/texlive/2007/texmf-dist/tex/latex/psnfss/ot1pcr.fd
File: ot1pcr.fd 2001/06/04 font definitions for OT1/pcr.
) [1

{/usr/local/texlive/2007/texmf-var/fonts/map/pdftex/updmap/pdftex.map}]
LaTeX Font Info:    Font shape `OT1/ptm/bx/n' in size <12> not available
(Font)              Font shape `OT1/ptm/b/n' tried instead on input line 37.
 [1] [1]
LaTeX Font Info:    Font shape `OT1/ptm/bx/n' in size <24.88> not available
(Font)              Font shape `OT1/ptm/b/n' tried instead on input line 62.

(./Dissertation.toc [1

])
\tf@toc=\write3
\openout3 = `Dissertation.toc'.

 [2] (./Dissertation.lof [3

] [4]
LaTeX Font Info:    Try loading font information for TS1+ptm on input line 30.

(/usr/local/texlive/2007/texmf-dist/tex/latex/psnfss/ts1ptm.fd
File: ts1ptm.fd 2001/06/04 font definitions for TS1/ptm.
) [5] [6])
\tf@lof=\write4
\openout4 = `Dissertation.lof'.


[7] (./Dissertation.lot)
\tf@lot=\write5
\openout5 = `Dissertation.lot'.

\QuarterPage=\skip53
 [8

]
Chapter 1.
[1

] [2]
LaTeX Font Info:    Font shape `OT1/ptm/bx/n' in size <17.28> not available
(Font)              Font shape `OT1/ptm/b/n' tried instead on input line 92.
 [3] [4] [5] [6] [7] [8]
Chapter 2.
[9

] [10] <SubtractiveVsAdditive.pdf, id=72, 776.9025pt x 313.17pt>
File: SubtractiveVsAdditive.pdf Graphic file (type pdf)

<use SubtractiveVsAdditive.pdf> [11] [12 <./SubtractiveVsAdditive.pdf>]
[13] [14] [15]
Missing character: There is no Ô in font ptmr7t!
Missing character: There is no Ð in font ptmr7t!
Missing character: There is no Õ in font ptmr7t!
 [16] [17] [18]
<SynthesisTechniqueTaxonomy.pdf, id=115, 572.1375pt x 309.155pt>
File: SynthesisTechniqueTaxonomy.pdf Graphic file (type pdf)

<use SynthesisTechniqueTaxonomy.pdf>
Overfull \hbox (19.79564pt too wide) in paragraph at lines 165--166
 [] 
 []


LaTeX Warning: `!h' float specifier changed to `!ht'.

Missing character: There is no Õ in font ptmr7t!
[19] [20 <./SynthesisTechniqueTaxonomy.pdf>]
<SamplingSynthesis.pdf, id=134, 343.2825pt x 154.5775pt>
File: SamplingSynthesis.pdf Graphic file (type pdf)

<use SamplingSynthesis.pdf> [21 <./SamplingSynthesis.pdf>]
<GranularSynthesis.pdf, id=181, 381.425pt x 318.18875pt>
File: GranularSynthesis.pdf Graphic file (type pdf)

<use GranularSynthesis.pdf>

LaTeX Warning: `!h' float specifier changed to `!ht'.

[22] <AdditiveSynthesis.pdf, id=185, 361.35pt x 182.6825pt>
File: AdditiveSynthesis.pdf Graphic file (type pdf)

<use AdditiveSynthesis.pdf>

LaTeX Warning: `!h' float specifier changed to `!ht'.

[23 <./GranularSynthesis.pdf>]
<SubtractiveSynthesis.pdf, id=218, 451.6875pt x 208.78pt>
File: SubtractiveSynthesis.pdf Graphic file (type pdf)

<use SubtractiveSynthesis.pdf>

LaTeX Warning: `!h' float specifier changed to `!ht'.

Missing character: There is no Õ in font ptmr7t!
[24 <./AdditiveSynthesis.pdf>] [25 <./SubtractiveSynthesis.pdf>]
<FMSynthesis.pdf, id=280, 575.14874pt x 170.6375pt>
File: FMSynthesis.pdf Graphic file (type pdf)
 <use FMSynthesis.pdf>
[26 <./FMSynthesis.pdf>]
<DigitalWaveguideSynthesis.pdf, id=309, 723.70375pt x 476.78125pt>
File: DigitalWaveguideSynthesis.pdf Graphic file (type pdf)

<use DigitalWaveguideSynthesis.pdf>
Overfull \hbox (17.34041pt too wide) in paragraph at lines 213--214
 [] 
 []

[27 <./DigitalWaveguideSynthesis.pdf>] [28]
<ResynthesisProblem.pdf, id=340, 419.5675pt x 273.02pt>
File: ResynthesisProblem.pdf Graphic file (type pdf)

<use ResynthesisProblem.pdf>

LaTeX Warning: `!h' float specifier changed to `!ht'.

[29] <ResynthesisIdea.pdf, id=344, 772.8875pt x 293.095pt>
File: ResynthesisIdea.pdf Graphic file (type pdf)

<use ResynthesisIdea.pdf>
Overfull \hbox (5.74492pt too wide) in paragraph at lines 234--235
 [] 
 []


LaTeX Warning: `!h' float specifier changed to `!ht'.

[30 <./ResynthesisProblem.pdf>]
<ConcatSynth.pdf, id=376, 760.8425pt x 637.38126pt>
File: ConcatSynth.pdf Graphic file (type pdf)
 <use ConcatSynth.pdf>
Overfull \hbox (37.76678pt too wide) in paragraph at lines 244--245
 [] 
 []


LaTeX Warning: `!h' float specifier changed to `!ht'.

[31 <./ResynthesisIdea.pdf>] [32 <./ConcatSynth.pdf>] [33]
<PhaseVocoder.pdf, id=457, 929.4725pt x 494.84875pt>
File: PhaseVocoder.pdf Graphic file (type pdf)
 <use PhaseVocoder.pdf>
Overfull \hbox (37.5609pt too wide) in paragraph at lines 260--261
 [] 
 []


LaTeX Warning: `!h' float specifier changed to `!ht'.

[34] [35 <./PhaseVocoder.pdf>] <SMS.pdf, id=495, 741.77126pt x 429.605pt>
File: SMS.pdf Graphic file (type pdf)

<use SMS.pdf>
Overfull \hbox (27.27759pt too wide) in paragraph at lines 280--281
 [] 
 []


LaTeX Warning: `!h' float specifier changed to `!ht'.

[36] [37 <./SMS.pdf>] [38] <AdaptiveFM.pdf, id=537, 809.0225pt x 575.14874pt>
File: AdaptiveFM.pdf Graphic file (type pdf)

<use AdaptiveFM.pdf>
Overfull \hbox (23.8124pt too wide) in paragraph at lines 292--293
 [] 
 []

[39 <./AdaptiveFM.pdf>] [40]
<MetaSynthesis1.pdf, id=575, 454.69875pt x 638.385pt>
File: MetaSynthesis1.pdf Graphic file (type pdf)
 <use MetaSynthesis1.pdf>

LaTeX Warning: `!h' float specifier changed to `!ht'.

[41]

LaTeX Warning: Text page 42 contains only floats.

[42 <./MetaSynthesis1.pdf>] [43]
<PucketteMetaSynthesis.pdf, id=606, 413.545pt x 621.32124pt>
File: PucketteMetaSynthesis.pdf Graphic file (type pdf)

<use PucketteMetaSynthesis.pdf>

LaTeX Warning: `!h' float specifier changed to `!ht'.

[44]

LaTeX Warning: Text page 45 contains only floats.

[45 <./PucketteMetaSynthesis.pdf>] [46]
<OrchestralMetaSynthesis.pdf, id=652, 797.98125pt x 638.385pt>
File: OrchestralMetaSynthesis.pdf Graphic file (type pdf)

<use OrchestralMetaSynthesis.pdf>
Overfull \hbox (58.19316pt too wide) in paragraph at lines 323--324
 [] 
 []


LaTeX Warning: `!h' float specifier changed to `!ht'.

[47] [48 <./OrchestralMetaSynthesis.pdf>] [49]
<FitnessFunction.pdf, id=750, 413.545pt x 475.7775pt>
File: FitnessFunction.pdf Graphic file (type pdf)

<use FitnessFunction.pdf> [50 <./FitnessFunction.pdf>]
<DifferentTopologies.pdf, id=772, 628.3475pt x 196.735pt>
File: DifferentTopologies.pdf Graphic file (type pdf)

<use DifferentTopologies.pdf> [51 <./DifferentTopologies.pdf>] [52]
<GASearch.pdf, id=805, 768.8725pt x 972.63374pt>
File: GASearch.pdf Graphic file (type pdf)
 <use GASearch.pdf>
Overfull \hbox (3.73743pt too wide) in paragraph at lines 353--354
 [] 
 []


LaTeX Warning: `!h' float specifier changed to `!ht'.

[53]

LaTeX Warning: Text page 54 contains only floats.


Overfull \vbox (1.54172pt too high) has occurred while \output is active []


[54 <./GASearch.pdf>] [55] [56]
<GraphAsPoint.pdf, id=836, 401.5pt x 480.79625pt>
File: GraphAsPoint.pdf Graphic file (type pdf)
 <use GraphAsPoint.pdf>

LaTeX Warning: `!h' float specifier changed to `!ht'.

[57] [58 <./GraphAsPoint.pdf>] [59] [60] [61] [62] [63] [64] [65]
Missing character: There is no Ô in font ptmr7t!
Missing character: There is no Õ in font ptmr7t!
 [66] [67]
[68] [69] <GMM.pdf, id=895, 499.8675pt x 283.0575pt>
File: GMM.pdf Graphic file (type pdf)
 <use GMM.pdf> [70]
[71 <./GMM.pdf>] [72] [73]
Missing character: There is no Õ in font ptmr7t!
Missing character: There is no Õ in font ptmr7t!
 [74] [75] [76]
Missing character: There is no Ô in font ptmr7t!
Missing character: There is no Õ in font ptmr7t!
Missing character: There is no Õ in font ptmr7t!
 [77]

LaTeX Warning: Citation `Humphrey:2000th' undefined on input line 469.

[78]
Missing character: There is no Ô in font ptmr7t!
Missing character: There is no Õ in font ptmr7t!
 [79] [80] [81] [82]
Missing character: There is no Ô in font ptmr7t!
Missing character: There is no Õ in font ptmr7t!
 [83] [84]
<SyntacticCorrectness.pdf, id=967, 602.25pt x 370.38374pt>
File: SyntacticCorrectness.pdf Graphic file (type pdf)

<use SyntacticCorrectness.pdf>
Overfull \hbox (40.87424pt too wide) in paragraph at lines 501--502
 [] 
 []


LaTeX Warning: `!h' float specifier changed to `!ht'.

[85] [86 <./SyntacticCorrectness.pdf>] [87] [88] [89] [90] [91] [92] [93]
Chapter 3.
LaTeX Font Info:    Font shape `OT1/ptm/bx/n' in size <14.4> not available
(Font)              Font shape `OT1/ptm/b/n' tried instead on input line 530.
[94

] [95] <JSTranslation.pdf, id=1030, 1010.77625pt x 401.5pt>
File: JSTranslation.pdf Graphic file (type pdf)

<use JSTranslation.pdf>
Overfull \hbox (23.60545pt too wide) in paragraph at lines 545--546
 [] 
 []


LaTeX Warning: `!h' float specifier changed to `!ht'.

<MaxAudioToPython.pdf, id=1031, 929.4725pt x 401.5pt>
File: MaxAudioToPython.pdf Graphic file (type pdf)

<use MaxAudioToPython.pdf>

LaTeX Warning: `!h' float specifier changed to `!ht'.

[96] [97 <./JSTranslation.pdf> <./MaxAudioToPython.pdf>]
<RootTree.pdf, id=1094, 517.935pt x 563.10374pt>
File: RootTree.pdf Graphic file (type pdf)
 <use RootTree.pdf>

LaTeX Warning: `!h' float specifier changed to `!ht'.

[98] [99 <./RootTree.pdf>] <MaxDAGs.pdf, id=1119, 581.17125pt x 575.14874pt>
File: MaxDAGs.pdf Graphic file (type pdf)

<use MaxDAGs.pdf>
Overfull \hbox (26.11922pt too wide) in paragraph at lines 579--580
 [] 
 []


LaTeX Warning: `!h' float specifier changed to `!ht'.

<MaxDAGsLoadmess.pdf, id=1120, 567.11874pt x 530.98375pt>
File: MaxDAGsLoadmess.pdf Graphic file (type pdf)

<use MaxDAGsLoadmess.pdf>
Overfull \hbox (16.28253pt too wide) in paragraph at lines 587--588
 [] 
 []


LaTeX Warning: `!h' float specifier changed to `!ht'.

<MaxDAGsSendReceive1.pdf, id=1121, 562.1pt x 632.3625pt>
File: MaxDAGsSendReceive1.pdf Graphic file (type pdf)

<use MaxDAGsSendReceive1.pdf>
Overfull \hbox (40.8761pt too wide) in paragraph at lines 595--596
 [] 
 []

<MaxDAGsSendReceive2.pdf, id=1122, 299.1175pt x 417.56pt>
File: MaxDAGsSendReceive2.pdf Graphic file (type pdf)

<use MaxDAGsSendReceive2.pdf> [100] [101 <./MaxDAGs.pdf>] [102 <./MaxDAGsLoadme
ss.pdf>]

LaTeX Warning: `!h' float specifier changed to `!ht'.


LaTeX Warning: `!h' float specifier changed to `!ht'.

<MaxDAGs2DACs.pdf, id=1181, 592.2125pt x 467.7475pt>
File: MaxDAGs2DACs.pdf Graphic file (type pdf)
 <use MaxDAGs2DACs.pdf>
Overfull \hbox (33.84804pt too wide) in paragraph at lines 609--610
 [] 
 []


LaTeX Warning: `!h' float specifier changed to `!ht'.

<MaxDAGsCrossedPaths.pdf, id=1182, 255.95625pt x 495.8525pt>
File: MaxDAGsCrossedPaths.pdf Graphic file (type pdf)

<use MaxDAGsCrossedPaths.pdf> [103]

LaTeX Warning: Text page 104 contains only floats.

[104 <./MaxDAGsSendReceive1.pdf>]

LaTeX Warning: `!h' float specifier changed to `!ht'.

<MaxDAGsCrossedPaths2.pdf, id=1217, 496.85625pt x 494.84875pt>
File: MaxDAGsCrossedPaths2.pdf Graphic file (type pdf)

<use MaxDAGsCrossedPaths2.pdf>
Overfull \hbox (16.78766pt too wide) in paragraph at lines 625--626
 [] 
 []


LaTeX Warning: `!h' float specifier changed to `!ht'.

[105 <./MaxDAGsSendReceive2.pdf>] [106 <./MaxDAGs2DACs.pdf>] [107 <./MaxDAGsCro
ssedPaths.pdf>] <SyntaxInfo.pdf, id=1293, 379.4175pt x 168.63pt>
File: SyntaxInfo.pdf Graphic file (type pdf)

<use SyntaxInfo.pdf> [108 <./MaxDAGsCrossedPaths2.pdf>]
LaTeX Font Info:    Font shape `OT1/ptm/bx/it' in size <12> not available
(Font)              Font shape `OT1/ptm/b/it' tried instead on input line 644.
LaTeX Font Info:    Try loading font information for OMS+ptm on input line 644.


(/usr/local/texlive/2007/texmf-dist/tex/latex/psnfss/omsptm.fd
File: omsptm.fd 
)

LaTeX Font Warning: Font shape `OMS/ptm/bx/it' undefined
(Font)              using `OMS/ptm/m/n' instead
(Font)              for symbol `textbar' on input line 644.

LaTeX Font Info:    Font shape `OMS/ptm/m/n' in size <12> not available
(Font)              Font shape `OMS/cmsy/m/n' tried instead on input line 644.
[109 <./SyntaxInfo.pdf>] [110]
<OverallGPSystem.pdf, id=1348, 811.03pt x 786.94pt>
File: OverallGPSystem.pdf Graphic file (type pdf)
 <use OverallGPSystem.pdf>
Overfull \hbox (24.81613pt too wide) in paragraph at lines 658--659
 [] 
 []

[111]

LaTeX Warning: `!h' float specifier changed to `!ht'.

[112] [113 <./OverallGPSystem.pdf>] [114

] [115]
Missing character: There is no Ô in font ptmr7t!
Missing character: There is no Õ in font ptmr7t!
Missing character: There is no Ô in font ptmr7t!
Missing character: There is no Õ in font ptmr7t!
 [116]
Missing character: There is no Ô in font ptmr7t!
Missing character: There is no Õ in font ptmr7t!

<NearestNeighbor.jpg, id=1402, 508.90125pt x 311.1625pt>
File: NearestNeighbor.jpg Graphic file (type jpg)

<use NearestNeighbor.jpg>

LaTeX Warning: `!h' float specifier changed to `!ht'.

[117] [118 <./NearestNeighbor.jpg>] [119] [120] [121]
<PairwiseCNN.pdf, id=1422, 451.6875pt x 266.9975pt>
File: PairwiseCNN.pdf Graphic file (type pdf)
 <use PairwiseCNN.pdf>
Overfull \hbox (48.4028pt too wide) in paragraph at lines 722--723
 [] 
 []

[122] <CNN_kNN.pdf, id=1429, 451.6875pt x 373.395pt>
File: CNN_kNN.pdf Graphic file (type pdf)
 <use CNN_kNN.pdf>
Overfull \hbox (3.2383pt too wide) in paragraph at lines 730--731
 [] 
 []

[123 <./PairwiseCNN.pdf>] <NLSECluster.pdf, id=1577, 831.105pt x 772.8875pt>
File: NLSECluster.pdf Graphic file (type pdf)

<use NLSECluster.pdf>
Overfull \hbox (76.41129pt too wide) in paragraph at lines 738--739
 [] 
 []


LaTeX Warning: `!h' float specifier changed to `!ht'.

<TimbreDistance1.pdf, id=1578, 402.50375pt x 303.1325pt>
File: TimbreDistance1.pdf Graphic file (type pdf)

<use TimbreDistance1.pdf> [124 <./CNN_kNN.pdf>]

LaTeX Warning: Text page 125 contains only floats.

[125 <./NLSECluster.pdf>]
<TimbreDistance2.pdf, id=1700, 402.50375pt x 303.1325pt>
File: TimbreDistance2.pdf Graphic file (type pdf)

<use TimbreDistance2.pdf> [126 <./TimbreDistance1.pdf>] [127 <./TimbreDistance2
.pdf>] <TimbreDistance3.pdf, id=1745, 637.38126pt x 227.85126pt>
File: TimbreDistance3.pdf Graphic file (type pdf)

<use TimbreDistance3.pdf>
Overfull \hbox (1.73383pt too wide) in paragraph at lines 770--771
 [] 
 []


LaTeX Warning: `!h' float specifier changed to `!ht'.

<TimbreDistance4.pdf, id=1746, 637.38126pt x 227.85126pt>
File: TimbreDistance4.pdf Graphic file (type pdf)

<use TimbreDistance4.pdf>
Overfull \hbox (1.73383pt too wide) in paragraph at lines 778--779
 [] 
 []

[128] <DTWExample.pdf, id=1751, 701.62125pt x 713.66624pt>
File: DTWExample.pdf Graphic file (type pdf)

<use DTWExample.pdf> [129 <./TimbreDistance3.pdf> <./TimbreDistance4.pdf>]

LaTeX Warning: `!h' float specifier changed to `!ht'.

[130] [131 <./DTWExample.pdf>] [132] [133]
<GreedyMatching1.pdf, id=1818, 514.92375pt x 717.68124pt>
File: GreedyMatching1.pdf Graphic file (type pdf)

<use GreedyMatching1.pdf>

LaTeX Warning: Float too large for page by 3.8381pt on input line 807.

[134] [135 <./GreedyMatching1.pdf>]
<GreedyMatching2.pdf, id=1847, 516.93124pt x 679.53876pt>
File: GreedyMatching2.pdf Graphic file (type pdf)

<use GreedyMatching2.pdf>

LaTeX Warning: `!h' float specifier changed to `!ht'.

<GreedyMatching3.pdf, id=1848, 516.93124pt x 679.53876pt>
File: GreedyMatching3.pdf Graphic file (type pdf)

<use GreedyMatching3.pdf>

LaTeX Warning: `!h' float specifier changed to `!ht'.

[136]

LaTeX Warning: Text page 137 contains only floats.

[137 <./GreedyMatching2.pdf>]

LaTeX Warning: Text page 138 contains only floats.

[138 <./GreedyMatching3.pdf>] [139] [140] [141] [142] [143]
<SICSW_1.pdf, id=1918, 474.77374pt x 566.115pt>
File: SICSW_1.pdf Graphic file (type pdf)
 <use SICSW_1.pdf> [144]

LaTeX Warning: `!h' float specifier changed to `!ht'.

<SICSW_2.pdf, id=1922, 468.75125pt x 225.84375pt>
File: SICSW_2.pdf Graphic file (type pdf)
 <use SICSW_2.pdf>

LaTeX Warning: `!h' float specifier changed to `!ht'.

[145]

LaTeX Warning: Text page 146 contains only floats.

[146 <./SICSW_1.pdf>] [147 <./SICSW_2.pdf>]
<Penalty_1.pdf, id=1961, 512.91624pt x 678.535pt>
File: Penalty_1.pdf Graphic file (type pdf)
 <use Penalty_1.pdf>

LaTeX Warning: `!h' float specifier changed to `!ht'.

<Penalty_2.pdf, id=1962, 509.905pt x 474.77374pt>
File: Penalty_2.pdf Graphic file (type pdf)
 <use Penalty_2.pdf> [148]

LaTeX Warning: Text page 149 contains only floats.

[149 <./Penalty_1.pdf>] [150 <./Penalty_2.pdf>] [151] [152] [153]
Missing character: There is no Ô in font ptmr7t!
Missing character: There is no Õ in font ptmr7t!
 [154]
[155] <Crossover.pdf, id=2015, 589.20125pt x 398.48875pt>
File: Crossover.pdf Graphic file (type pdf)
 <use Crossover.pdf>
[156] <SubtreeMutation.pdf, id=2019, 575.14874pt x 233.87375pt>
File: SubtreeMutation.pdf Graphic file (type pdf)

<use SubtreeMutation.pdf>

LaTeX Warning: `!h' float specifier changed to `!ht'.

<PointMutation.pdf, id=2020, 597.23125pt x 190.7125pt>
File: PointMutation.pdf Graphic file (type pdf)
 <use PointMutation.pdf>
[157 <./Crossover.pdf>] <Reproduction.pdf, id=2041, 597.23125pt x 190.7125pt>
File: Reproduction.pdf Graphic file (type pdf)

<use Reproduction.pdf> [158 <./SubtreeMutation.pdf> <./PointMutation.pdf>]
[159 <./Reproduction.pdf>] [160] [161] [162] [163] [164] [165] [166] [167]
<PieChartSelection.jpg, id=2125, 432.61626pt x 434.62375pt>
File: PieChartSelection.jpg Graphic file (type jpg)

<use PieChartSelection.jpg> [168] [169 <./PieChartSelection.jpg>] [170]
[171] [172] [173] [174] [175] [176] [177] [178] [179] (./Dissertation.bbl
[180

] [181] [182] [183] [184] [185] [186] [187] [188] [189] [190] [191]
[192] [193] [194] [195] [196] [197] [198]) [199] (./Dissertation.aux)

LaTeX Font Warning: Some font shapes were not available, defaults substituted.


LaTeX Warning: There were undefined references.

 ) 
Here is how much of TeX's memory you used:
 3601 strings out of 94073
 52968 string characters out of 1162984
 102744 words of memory out of 1500000
 6783 multiletter control sequences out of 10000+50000
 26403 words of font info for 58 fonts, out of 1200000 for 2000
 645 hyphenation exceptions out of 8191
 33i,12n,22p,3228b,495s stack positions out of 5000i,500n,6000p,200000b,5000s
{/usr/local/texlive/2007/texmf-dist/fonts/enc/dvips/base/8r.enc}</usr/local/t
exlive/2007/texmf-dist/fonts/type1/bluesky/cm/cmex10.pfb></usr/local/texlive/20
07/texmf-dist/fonts/type1/bluesky/cm/cmmi10.pfb></usr/local/texlive/2007/texmf-
dist/fonts/type1/bluesky/cm/cmmi12.pfb></usr/local/texlive/2007/texmf-dist/font
s/type1/bluesky/cm/cmmi5.pfb></usr/local/texlive/2007/texmf-dist/fonts/type1/bl
uesky/cm/cmmi6.pfb></usr/local/texlive/2007/texmf-dist/fonts/type1/bluesky/cm/c
mmi7.pfb></usr/local/texlive/2007/texmf-dist/fonts/type1/bluesky/cm/cmmi8.pfb><
/usr/local/texlive/2007/texmf-dist/fonts/type1/bluesky/cm/cmr10.pfb></usr/local
/texlive/2007/texmf-dist/fonts/type1/bluesky/cm/cmr12.pfb></usr/local/texlive/2
007/texmf-dist/fonts/type1/bluesky/cm/cmr6.pfb></usr/local/texlive/2007/texmf-d
ist/fonts/type1/bluesky/cm/cmr7.pfb></usr/local/texlive/2007/texmf-dist/fonts/t
ype1/bluesky/cm/cmr8.pfb></usr/local/texlive/2007/texmf-dist/fonts/type1/bluesk
y/cm/cmsy10.pfb></usr/local/texlive/2007/texmf-dist/fonts/type1/bluesky/cm/cmsy
6.pfb></usr/local/texlive/2007/texmf-dist/fonts/type1/bluesky/cm/cmsy7.pfb></us
r/local/texlive/2007/texmf-dist/fonts/type1/bluesky/cm/cmsy8.pfb></usr/local/te
xlive/2007/texmf-dist/fonts/type1/urw/courier/ucrr8a.pfb></usr/local/texlive/20
07/texmf-dist/fonts/type1/urw/times/utmb8a.pfb></usr/local/texlive/2007/texmf-d
ist/fonts/type1/urw/times/utmbi8a.pfb></usr/local/texlive/2007/texmf-dist/fonts
/type1/urw/times/utmr8a.pfb></usr/local/texlive/2007/texmf-dist/fonts/type1/urw
/times/utmri8a.pfb>
Output written on Dissertation.pdf (210 pages, 4085034 bytes).
PDF statistics:
 2283 PDF objects out of 2487 (max. 8388607)
 0 named destinations out of 1000 (max. 131072)
 281 words of extra memory for PDF output out of 10000 (max. 10000000)

