This is pdfTeXk, Version 3.141592-1.40.3 (Web2C 7.5.6) (format=pdflatex 2007.5.18)  13 FEB 2013 20:32
entering extended mode
\write18 enabled.
 %&-line parsing enabled.
**litReviewFull.tex
(./litReviewFull.tex
LaTeX2e <2005/12/01>
Babel <v3.8h> and hyphenation patterns for english, usenglishmax, dumylang, noh
yphenation, arabic, basque, bulgarian, coptic, welsh, czech, slovak, german, ng
erman, danish, esperanto, spanish, catalan, galician, estonian, farsi, finnish,
 french, greek, monogreek, ancientgreek, croatian, hungarian, interlingua, ibyc
us, indonesian, icelandic, italian, latin, mongolian, dutch, norsk, polish, por
tuguese, pinyin, romanian, russian, slovenian, uppersorbian, serbian, swedish, 
turkish, ukenglish, ukrainian, loaded.
(/usr/local/texlive/2007/texmf-dist/tex/latex/base/report.cls
Document Class: report 2005/09/16 v1.4f Standard LaTeX document class
(/usr/local/texlive/2007/texmf-dist/tex/latex/base/size12.clo
File: size12.clo 2005/09/16 v1.4f Standard LaTeX file (size option)
)
\c@part=\count79
\c@chapter=\count80
\c@section=\count81
\c@subsection=\count82
\c@subsubsection=\count83
\c@paragraph=\count84
\c@subparagraph=\count85
\c@figure=\count86
\c@table=\count87
\abovecaptionskip=\skip41
\belowcaptionskip=\skip42
\bibindent=\dimen102
)
(/usr/local/texlive/2007/texmf-dist/tex/latex/anysize/anysize.sty
Package: anysize 1994/08/13 setting margin sizes

document style option `anysize' loaded
Michael Salzenberg, Thomas Esser, Dirk Hillbrecht
Version 1.0, Aug 13, 1994
\@Leftmargin=\dimen103
\@Rightmargin=\dimen104
\@Topmargin=\dimen105
\@Bottommargin=\dimen106
) (/usr/local/texlive/2007/texmf-dist/tex/latex/tools/indentfirst.sty
Package: indentfirst 1995/11/23 v1.03 Indent first paragraph (DPC)
)
(./apacite.sty
Package: apacite 2009/03/01 v4.05 APA citation
\c@BibCnt=\count88
\bibleftmargin=\skip43
\bibindent=\skip44
\bibparsep=\skip45
\bibitemsep=\skip46
)
(/usr/local/texlive/2007/texmf-dist/tex/latex/graphics/graphicx.sty
Package: graphicx 1999/02/16 v1.0f Enhanced LaTeX Graphics (DPC,SPQR)

(/usr/local/texlive/2007/texmf-dist/tex/latex/graphics/keyval.sty
Package: keyval 1999/03/16 v1.13 key=value parser (DPC)
\KV@toks@=\toks14
)
(/usr/local/texlive/2007/texmf-dist/tex/latex/graphics/graphics.sty
Package: graphics 2006/02/20 v1.0o Standard LaTeX Graphics (DPC,SPQR)

(/usr/local/texlive/2007/texmf-dist/tex/latex/graphics/trig.sty
Package: trig 1999/03/16 v1.09 sin cos tan (DPC)
)
(/usr/local/texlive/2007/texmf/tex/latex/config/graphics.cfg
File: graphics.cfg 2007/01/18 v1.5 graphics configuration of teTeX/TeXLive
)
Package graphics Info: Driver file: pdftex.def on input line 90.

(/usr/local/texlive/2007/texmf-dist/tex/latex/pdftex-def/pdftex.def
File: pdftex.def 2007/01/08 v0.04d Graphics/color for pdfTeX
\Gread@gobject=\count89
))
\Gin@req@height=\dimen107
\Gin@req@width=\dimen108
)
(./litReviewFull.aux)
\openout1 = `litReviewFull.aux'.

LaTeX Font Info:    Checking defaults for OML/cmm/m/it on input line 14.
LaTeX Font Info:    ... okay on input line 14.
LaTeX Font Info:    Checking defaults for T1/cmr/m/n on input line 14.
LaTeX Font Info:    ... okay on input line 14.
LaTeX Font Info:    Checking defaults for OT1/cmr/m/n on input line 14.
LaTeX Font Info:    ... okay on input line 14.
LaTeX Font Info:    Checking defaults for OMS/cmsy/m/n on input line 14.
LaTeX Font Info:    ... okay on input line 14.
LaTeX Font Info:    Checking defaults for OMX/cmex/m/n on input line 14.
LaTeX Font Info:    ... okay on input line 14.
LaTeX Font Info:    Checking defaults for U/cmr/m/n on input line 14.
LaTeX Font Info:    ... okay on input line 14.

(/usr/local/texlive/2007/texmf-dist/tex/latex/apacite/english.apc
File: english.apc 2005/06/01
)
(/usr/local/texlive/2007/texmf-dist/tex/context/base/supp-pdf.tex
[Loading MPS to PDF converter (version 2006.09.02).]
\scratchcounter=\count90
\scratchdimen=\dimen109
\scratchbox=\box26
\nofMPsegments=\count91
\nofMParguments=\count92
\MPscratchCnt=\count93
\MPscratchDim=\dimen110
\MPnumerator=\count94
\everyMPtoPDFconversion=\toks15
) (./litReviewFull.lot
LaTeX Font Info:    External font `cmex10' loaded for size
(Font)              <12> on input line 1.
LaTeX Font Info:    External font `cmex10' loaded for size
(Font)              <8> on input line 1.
LaTeX Font Info:    External font `cmex10' loaded for size
(Font)              <6> on input line 1.
)
\tf@lot=\write3
\openout3 = `litReviewFull.lot'.

 [2


{/usr/local/texlive/2007/texmf-var/fonts/map/pdftex/updmap/pdftex.map}] (./litR
eviewFull.lof)
\tf@lof=\write4
\openout4 = `litReviewFull.lof'.

 [3

] [1] [2] [3] [4]
Missing character: There is no Ò in font cmr12!
Missing character: There is no Ó in font cmr12!
 [5] [6] [7]
[8]
Missing character: There is no ¿ in font cmr12!
 [9]
Missing character: There is no Õ in font cmr12!
Missing character: There is no Õ in font cmr12!
 [10] [11]
Missing character: There is no Õ in font cmr12!
 [12] [13] [14] [15]
Missing character: There is no Õ in font cmr12!
 [16] [17] [18]
Missing character: There is no Õ in font cmr12!
 [19] [20] [21] [22]
[23] [24] [25]
Missing character: There is no Ô in font cmr12!
Missing character: There is no Õ in font cmr12!
 [26] [27] [28] [29] [30] [31] [32] [33] [34] [35] [36] [37]
[38] [39] [40] [41] [42] [43] [44] [45] [46] [47] [48] [49] [50] [51] [52]
[53] [54] [55] [56] [57] [58] [59] [60] [61] [62] [63] [64] [65] [66] [67]
[68] [69] [70] [71] [72] [73] [74] [75] [76] [77] [78] [79] [80] [81] [82]
[83] [84] [85] [86] [87] [88] [89]
LaTeX Font Info:    Try loading font information for OML+cmr on input line 383.


(/usr/local/texlive/2007/texmf-dist/tex/latex/base/omlcmr.fd
File: omlcmr.fd 1999/05/25 v2.5h Standard LaTeX font definitions
)
LaTeX Font Info:    Font shape `OML/cmr/m/n' in size <12> not available
(Font)              Font shape `OML/cmm/m/it' tried instead on input line 383.
 [90]
<NSC.pdf, id=296, 564.01364pt x 375.8209pt>
File: NSC.pdf Graphic file (type pdf)
 <use NSC.pdf>

LaTeX Warning: `!h' float specifier changed to `!ht'.

[91] [92 <./NSC.pdf>] <BestOfRunError.pdf, id=328, 338.43216pt x 257.20842pt>
File: BestOfRunError.pdf Graphic file (type pdf)

<use BestOfRunError.pdf> <FEvsAC1.pdf, id=329, 546.64859pt x 362.2836pt>
File: FEvsAC1.pdf Graphic file (type pdf)

<use FEvsAC1.pdf>

LaTeX Warning: `!h' float specifier changed to `!ht'.


LaTeX Warning: `!h' float specifier changed to `!ht'.

[93] <AFEvsPDL.pdf, id=333, 569.85535pt x 380.97792pt>
File: AFEvsPDL.pdf Graphic file (type pdf)
 <use AFEvsPDL.pdf>
<CTvsPDL.pdf, id=334, 566.63219pt x 370.66379pt>
File: CTvsPDL.pdf Graphic file (type pdf)
 <use CTvsPDL.pdf>
<NAGvsFT.pdf, id=335, 567.27681pt x 368.08537pt>
File: NAGvsFT.pdf Graphic file (type pdf)
 <use NAGvsFT.pdf> [94 <./BestOfRunError.pdf>]

LaTeX Warning: `!h' float specifier changed to `!ht'.


LaTeX Warning: `!h' float specifier changed to `!ht'.

[95 <./FEvsAC1.pdf>]

LaTeX Warning: `!h' float specifier changed to `!ht'.

[96 <./AFEvsPDL.pdf>] [97 <./CTvsPDL.pdf>] [98 <./NAGvsFT.pdf>]
<NN.pdf, id=446, 402.25089pt x 195.96834pt>
File: NN.pdf Graphic file (type pdf)
 <use NN.pdf>

LaTeX Warning: `!h' float specifier changed to `!ht'.

[99] [100 <./NN.pdf>] <AEvsMOD.pdf, id=473, 571.78922pt x 395.80443pt>
File: AEvsMOD.pdf Graphic file (type pdf)

<use AEvsMOD.pdf>

LaTeX Warning: `!h' float specifier changed to `!ht'.

[101] <BestOfRun.pdf, id=478, 428.03615pt x 215.952pt>
File: BestOfRun.pdf Graphic file (type pdf)
 <use BestOfRun.pdf>
[102 <./AEvsMOD.pdf>] [103 <./BestOfRun.pdf>] (./litReviewFull.bbl [104

]
[105] [106] [107] [108] [109] [110] [111] [112] [113] [114] [115] [116]
[117] [118] [119] [120] [121]) [122] (./litReviewFull.aux) ) 
Here is how much of TeX's memory you used:
 1759 strings out of 94073
 24621 string characters out of 1162984
 83663 words of memory out of 1500000
 5055 multiletter control sequences out of 10000+50000
 8847 words of font info for 31 fonts, out of 1200000 for 2000
 645 hyphenation exceptions out of 8191
 25i,7n,19p,3211b,351s stack positions out of 5000i,500n,6000p,200000b,5000s
</usr/local/texlive
/2007/texmf-dist/fonts/type1/bluesky/cm/cmbx12.pfb></usr/local/texlive/2007/tex
mf-dist/fonts/type1/bluesky/cm/cmmi12.pfb></usr/local/texlive/2007/texmf-dist/f
onts/type1/bluesky/cm/cmr12.pfb></usr/local/texlive/2007/texmf-dist/fonts/type1
/bluesky/cm/cmti12.pfb>
Output written on litReviewFull.pdf (124 pages, 517420 bytes).
PDF statistics:
 593 PDF objects out of 1000 (max. 8388607)
 0 named destinations out of 1000 (max. 131072)
 46 words of extra memory for PDF output out of 10000 (max. 10000000)

