This is pdfTeXk, Version 3.141592-1.40.3 (Web2C 7.5.6) (format=pdflatex 2007.5.18)  23 DEC 2012 21:17
entering extended mode
\write18 enabled.
 %&-line parsing enabled.
**litReview.tex
(./litReview.tex
LaTeX2e <2005/12/01>
Babel <v3.8h> and hyphenation patterns for english, usenglishmax, dumylang, noh
yphenation, arabic, basque, bulgarian, coptic, welsh, czech, slovak, german, ng
erman, danish, esperanto, spanish, catalan, galician, estonian, farsi, finnish,
 french, greek, monogreek, ancientgreek, croatian, hungarian, interlingua, ibyc
us, indonesian, icelandic, italian, latin, mongolian, dutch, norsk, polish, por
tuguese, pinyin, romanian, russian, slovenian, uppersorbian, serbian, swedish, 
turkish, ukenglish, ukrainian, loaded.
(/usr/local/texlive/2007/texmf-dist/tex/latex/base/report.cls
Document Class: report 2005/09/16 v1.4f Standard LaTeX document class
(/usr/local/texlive/2007/texmf-dist/tex/latex/base/size12.clo
File: size12.clo 2005/09/16 v1.4f Standard LaTeX file (size option)
)
\c@part=\count79
\c@chapter=\count80
\c@section=\count81
\c@subsection=\count82
\c@subsubsection=\count83
\c@paragraph=\count84
\c@subparagraph=\count85
\c@figure=\count86
\c@table=\count87
\abovecaptionskip=\skip41
\belowcaptionskip=\skip42
\bibindent=\dimen102
)
(/usr/local/texlive/2007/texmf-dist/tex/latex/anysize/anysize.sty
Package: anysize 1994/08/13 setting margin sizes

document style option `anysize' loaded
Michael Salzenberg, Thomas Esser, Dirk Hillbrecht
Version 1.0, Aug 13, 1994
\@Leftmargin=\dimen103
\@Rightmargin=\dimen104
\@Topmargin=\dimen105
\@Bottommargin=\dimen106
) (/usr/local/texlive/2007/texmf-dist/tex/latex/tools/indentfirst.sty
Package: indentfirst 1995/11/23 v1.03 Indent first paragraph (DPC)
)
(./apacite.sty
Package: apacite 2009/03/01 v4.05 APA citation
\c@BibCnt=\count88
\bibleftmargin=\skip43
\bibindent=\skip44
\bibparsep=\skip45
\bibitemsep=\skip46
)
(/usr/local/texlive/2007/texmf-dist/tex/latex/graphics/graphicx.sty
Package: graphicx 1999/02/16 v1.0f Enhanced LaTeX Graphics (DPC,SPQR)

(/usr/local/texlive/2007/texmf-dist/tex/latex/graphics/keyval.sty
Package: keyval 1999/03/16 v1.13 key=value parser (DPC)
\KV@toks@=\toks14
)
(/usr/local/texlive/2007/texmf-dist/tex/latex/graphics/graphics.sty
Package: graphics 2006/02/20 v1.0o Standard LaTeX Graphics (DPC,SPQR)

(/usr/local/texlive/2007/texmf-dist/tex/latex/graphics/trig.sty
Package: trig 1999/03/16 v1.09 sin cos tan (DPC)
)
(/usr/local/texlive/2007/texmf/tex/latex/config/graphics.cfg
File: graphics.cfg 2007/01/18 v1.5 graphics configuration of teTeX/TeXLive
)
Package graphics Info: Driver file: pdftex.def on input line 90.

(/usr/local/texlive/2007/texmf-dist/tex/latex/pdftex-def/pdftex.def
File: pdftex.def 2007/01/08 v0.04d Graphics/color for pdfTeX
\Gread@gobject=\count89
))
\Gin@req@height=\dimen107
\Gin@req@width=\dimen108
)
(/usr/local/texlive/2007/texmf-dist/tex/latex/psnfss/times.sty
Package: times 2005/04/12 PSNFSS-v9.2a (SPQR) 
)
(./litReview.aux)
\openout1 = `litReview.aux'.

LaTeX Font Info:    Checking defaults for OML/cmm/m/it on input line 15.
LaTeX Font Info:    ... okay on input line 15.
LaTeX Font Info:    Checking defaults for T1/cmr/m/n on input line 15.
LaTeX Font Info:    ... okay on input line 15.
LaTeX Font Info:    Checking defaults for OT1/cmr/m/n on input line 15.
LaTeX Font Info:    ... okay on input line 15.
LaTeX Font Info:    Checking defaults for OMS/cmsy/m/n on input line 15.
LaTeX Font Info:    ... okay on input line 15.
LaTeX Font Info:    Checking defaults for OMX/cmex/m/n on input line 15.
LaTeX Font Info:    ... okay on input line 15.
LaTeX Font Info:    Checking defaults for U/cmr/m/n on input line 15.
LaTeX Font Info:    ... okay on input line 15.
LaTeX Font Info:    Try loading font information for OT1+ptm on input line 15.

(/usr/local/texlive/2007/texmf-dist/tex/latex/psnfss/ot1ptm.fd
File: ot1ptm.fd 2001/06/04 font definitions for OT1/ptm.
)
(/usr/local/texlive/2007/texmf-dist/tex/latex/apacite/english.apc
File: english.apc 2005/06/01
)
(/usr/local/texlive/2007/texmf-dist/tex/context/base/supp-pdf.tex
[Loading MPS to PDF converter (version 2006.09.02).]
\scratchcounter=\count90
\scratchdimen=\dimen109
\scratchbox=\box26
\nofMPsegments=\count91
\nofMParguments=\count92
\MPscratchCnt=\count93
\MPscratchDim=\dimen110
\MPnumerator=\count94
\everyMPtoPDFconversion=\toks15
)
LaTeX Font Info:    Font shape `OT1/ptm/bx/n' in size <24.88> not available
(Font)              Font shape `OT1/ptm/b/n' tried instead on input line 21.
 (./litReview.lot
LaTeX Font Info:    External font `cmex10' loaded for size
(Font)              <12> on input line 1.
LaTeX Font Info:    External font `cmex10' loaded for size
(Font)              <8> on input line 1.
LaTeX Font Info:    External font `cmex10' loaded for size
(Font)              <6> on input line 1.
)
\tf@lot=\write3
\openout3 = `litReview.lot'.

 [2


{/usr/local/texlive/2007/texmf-var/fonts/map/pdftex/updmap/pdftex.map}] (./litR
eview.lof [3

])
\tf@lof=\write4
\openout4 = `litReview.lof'.

 [4]
LaTeX Font Info:    Font shape `OT1/ptm/bx/n' in size <14.4> not available
(Font)              Font shape `OT1/ptm/b/n' tried instead on input line 35.
LaTeX Font Info:    Font shape `OT1/ptm/bx/n' in size <12> not available
(Font)              Font shape `OT1/ptm/b/n' tried instead on input line 36.
 [1] [2] [3]
Missing character: There is no Ò in font ptmr7t!
Missing character: There is no Ó in font ptmr7t!
 [4] [5] [6] [7] [8]
[9] [10] [11] [12] [13]
Missing character: There is no Ô in font ptmr7t!
Missing character: There is no Ð in font ptmr7t!
Missing character: There is no Õ in font ptmr7t!
 [14] [15]
Missing character: There is no Õ in font ptmr7t!
Missing character: There is no Õ in font ptmr7t!
Missing character: There is no Õ in font ptmr7t!
Missing character: There is no Õ in font ptmr7t!
 [16]
Missing character: There is no Õ in font ptmr7t!
 [17] [18] [19] [20]
Missing character: There is no Õ in font ptmr7t!
 [21] [22] [23]
[24] [25] [26] [27] [28] [29] [30] [31] [32] [33] [34] [35] [36] [37] [38]
[39] [40] [41] [42] [43] [44] [45] [46] [47] [48] [49] [50] [51]
Missing character: There is no Ô in font ptmr7t!
Missing character: There is no Õ in font ptmr7t!
 [52] [53]
[54] [55] [56] [57] [58]
Missing character: There is no Õ in font ptmr7t!
Missing character: There is no Õ in font ptmr7t!
 [59] [60]
Missing character: There is no Ô in font ptmr7t!
Missing character: There is no Õ in font ptmr7t!
Missing character: There is no Õ in font ptmr7t!
 [61]
Missing character: There is no Ô in font ptmr7t!
Missing character: There is no Õ in font ptmr7t!
 [62] [63] [64] [65]
Missing character: There is no Ô in font ptmr7t!
Missing character: There is no Õ in font ptmr7t!
 [66] [67] [68]
[69] [70] [71] [72] [73] [74] [75] [76] [77] [78] [79] [80]
<RootTree.jpg, id=267, 644.4075pt x 538.01pt>
File: RootTree.jpg Graphic file (type jpg)
 <use RootTree.jpg>

LaTeX Warning: `!h' float specifier changed to `!ht'.

[81] [82 <./RootTree.jpg>] <JSBridge.jpg, id=275, 838.13126pt x 419.5675pt>
File: JSBridge.jpg Graphic file (type jpg)

<use JSBridge.jpg>

LaTeX Warning: `!h' float specifier changed to `!ht'.

<InputSpace.png, id=276, 522.95375pt x 250.9375pt>
File: InputSpace.png Graphic file (type png)
 <use InputSpace.png>

LaTeX Warning: `!h' float specifier changed to `!ht'.

[83] [84 <./JSBridge.jpg> <./InputSpace.png>]
LaTeX Font Info:    Try loading font information for OML+ptm on input line 418.


(/usr/local/texlive/2007/texmf-dist/tex/latex/psnfss/omlptm.fd
File: omlptm.fd 
)
LaTeX Font Info:    Font shape `OML/ptm/m/n' in size <12> not available
(Font)              Font shape `OML/cmm/m/it' tried instead on input line 418.

<NSC.pdf, id=284, 564.01364pt x 375.8209pt>
File: NSC.pdf Graphic file (type pdf)
 <use NSC.pdf>

LaTeX Warning: `!h' float specifier changed to `!ht'.

<Crossover.jpg, id=285, 367.3725pt x 303.1325pt>
File: Crossover.jpg Graphic file (type jpg)
 <use Crossover.jpg> [85]

LaTeX Warning: `!h' float specifier changed to `!ht'.

<Mutation.png, id=290, 352.31625pt x 190.7125pt>
File: Mutation.png Graphic file (type png)
 <use Mutation.png> [86 <./NSC.pdf>] [87 <./Crossover.jpg> <./Mutation.png>]
<BestOfRunError.pdf, id=322, 338.43216pt x 257.20842pt>
File: BestOfRunError.pdf Graphic file (type pdf)

<use BestOfRunError.pdf> <FEvsAC1.pdf, id=323, 546.64859pt x 362.2836pt>
File: FEvsAC1.pdf Graphic file (type pdf)

<use FEvsAC1.pdf>
Overfull \hbox (1.95354pt too wide) in paragraph at lines 459--460
 [] 
 []


LaTeX Warning: `!h' float specifier changed to `!ht'.


LaTeX Warning: `!h' float specifier changed to `!ht'.

<PieChartSelection.jpg, id=324, 432.61626pt x 434.62375pt>
File: PieChartSelection.jpg Graphic file (type jpg)

<use PieChartSelection.jpg> [88]

LaTeX Warning: `!h' float specifier changed to `!ht'.

[89 <./BestOfRunError.pdf>] [90 <./FEvsAC1.pdf>]
<AFEvsPDL.pdf, id=365, 569.85535pt x 380.97792pt>
File: AFEvsPDL.pdf Graphic file (type pdf)
 <use AFEvsPDL.pdf>

LaTeX Warning: `!h' float specifier changed to `!ht'.

<CTvsPDL.pdf, id=366, 566.63219pt x 370.66379pt>
File: CTvsPDL.pdf Graphic file (type pdf)
 <use CTvsPDL.pdf>

LaTeX Warning: `!h' float specifier changed to `!ht'.

<NAGvsFT.pdf, id=367, 567.27681pt x 368.08537pt>
File: NAGvsFT.pdf Graphic file (type pdf)
 <use NAGvsFT.pdf> [91 <./PieChartSelection.jpg>]

LaTeX Warning: `!h' float specifier changed to `!ht'.

[92 <./AFEvsPDL.pdf>] [93 <./CTvsPDL.pdf>]
<NearestNeighbor.jpg, id=420, 508.90125pt x 311.1625pt>
File: NearestNeighbor.jpg Graphic file (type jpg)

<use NearestNeighbor.jpg> [94 <./NAGvsFT.pdf>]
<NN.pdf, id=446, 402.25089pt x 195.96834pt>
File: NN.pdf Graphic file (type pdf)
 <use NN.pdf>

LaTeX Warning: `!h' float specifier changed to `!ht'.

LaTeX Font Info:    Try loading font information for OT1+pcr on input line 527.

(/usr/local/texlive/2007/texmf-dist/tex/latex/psnfss/ot1pcr.fd
File: ot1pcr.fd 2001/06/04 font definitions for OT1/pcr.
) [95 <./NearestNeighbor.jpg>] [96 <./NN.pdf>] <AEvsMOD.pdf, id=474, 571.78922p
t x 395.80443pt>
File: AEvsMOD.pdf Graphic file (type pdf)

<use AEvsMOD.pdf>

LaTeX Warning: `!h' float specifier changed to `!ht'.

<FastDTW_p4.pdf, id=475, 242.38193pt x 76.71129pt>
File: FastDTW_p4.pdf Graphic file (type pdf)
 <use FastDTW_p4.pdf>

LaTeX Warning: `!h' float specifier changed to `!ht'.

[97] <BestOfRun.pdf, id=479, 428.03615pt x 215.952pt>
File: BestOfRun.pdf Graphic file (type pdf)
 <use BestOfRun.pdf>
Overfull \vbox (6.1753pt too high) has occurred while \output is active []


[98 <./AEvsMOD.pdf> <./FastDTW_p4.pdf>] [99 <./BestOfRun.pdf>]
<TargetPatch.jpg, id=555, 568.1225pt x 309.155pt>
File: TargetPatch.jpg Graphic file (type jpg)
 <use TargetPatch.jpg>
[100 <./TargetPatch.jpg>] [101]
<ProposalRun.jpg, id=563, 563.2242pt x 484.6908pt>
File: ProposalRun.jpg Graphic file (type jpg)
 <use ProposalRun.jpg>
[102] [103 <./ProposalRun.jpg>]
<BestOfRunPatch.jpg, id=570, 555.07375pt x 312.16624pt>
File: BestOfRunPatch.jpg Graphic file (type jpg)

<use BestOfRunPatch.jpg>

LaTeX Warning: `!h' float specifier changed to `!ht'.

[104] (./litReview.bbl [105 <./BestOfRunPatch.jpg>] [106

] [107] [108] [109]
[110] [111] [112] [113] [114] [115] [116] [117] [118] [119] [120] [121]
[122] [123] [124]) [125] (./litReview.aux) ) 
Here is how much of TeX's memory you used:
 1899 strings out of 94073
 26887 string characters out of 1162984
 82605 words of memory out of 1500000
 5167 multiletter control sequences out of 10000+50000
 16052 words of font info for 37 fonts, out of 1200000 for 2000
 645 hyphenation exceptions out of 8191
 25i,7n,19p,3207b,356s stack positions out of 5000i,500n,6000p,200000b,5000s
{/usr/local/texlive/2007/texmf-dist
/fonts/enc/dvips/base/8r.enc}</usr/local/texlive/2007/texmf-dist/fonts/type1/bl
uesky/cm/cmmi12.pfb></usr/local/texlive/2007/texmf-dist/fonts/type1/urw/courier
/ucrr8a.pfb></usr/local/texlive/2007/texmf-dist/fonts/type1/urw/times/utmb8a.pf
b></usr/local/texlive/2007/texmf-dist/fonts/type1/urw/times/utmr8a.pfb></usr/lo
cal/texlive/2007/texmf-dist/fonts/type1/urw/times/utmri8a.pfb>
Output written on litReview.pdf (128 pages, 1778729 bytes).
PDF statistics:
 663 PDF objects out of 1000 (max. 8388607)
 0 named destinations out of 1000 (max. 131072)
 101 words of extra memory for PDF output out of 10000 (max. 10000000)

