This is pdfTeXk, Version 3.141592-1.40.3 (Web2C 7.5.6) (format=pdflatex 2007.5.18)  28 MAR 2013 20:57
entering extended mode
\write18 enabled.
 %&-line parsing enabled.
**Methods.tex
(./Methods.tex
LaTeX2e <2005/12/01>
Babel <v3.8h> and hyphenation patterns for english, usenglishmax, dumylang, noh
yphenation, arabic, basque, bulgarian, coptic, welsh, czech, slovak, german, ng
erman, danish, esperanto, spanish, catalan, galician, estonian, farsi, finnish,
 french, greek, monogreek, ancientgreek, croatian, hungarian, interlingua, ibyc
us, indonesian, icelandic, italian, latin, mongolian, dutch, norsk, polish, por
tuguese, pinyin, romanian, russian, slovenian, uppersorbian, serbian, swedish, 
turkish, ukenglish, ukrainian, loaded.
(/usr/local/texlive/2007/texmf-dist/tex/latex/base/report.cls
Document Class: report 2005/09/16 v1.4f Standard LaTeX document class
(/usr/local/texlive/2007/texmf-dist/tex/latex/base/size12.clo
File: size12.clo 2005/09/16 v1.4f Standard LaTeX file (size option)
)
\c@part=\count79
\c@chapter=\count80
\c@section=\count81
\c@subsection=\count82
\c@subsubsection=\count83
\c@paragraph=\count84
\c@subparagraph=\count85
\c@figure=\count86
\c@table=\count87
\abovecaptionskip=\skip41
\belowcaptionskip=\skip42
\bibindent=\dimen102
)
(/usr/local/texlive/2007/texmf-dist/tex/latex/anysize/anysize.sty
Package: anysize 1994/08/13 setting margin sizes

document style option `anysize' loaded
Michael Salzenberg, Thomas Esser, Dirk Hillbrecht
Version 1.0, Aug 13, 1994
\@Leftmargin=\dimen103
\@Rightmargin=\dimen104
\@Topmargin=\dimen105
\@Bottommargin=\dimen106
) (/usr/local/texlive/2007/texmf-dist/tex/latex/tools/indentfirst.sty
Package: indentfirst 1995/11/23 v1.03 Indent first paragraph (DPC)
)
(./apacite.sty
Package: apacite 2009/03/01 v4.05 APA citation
\c@BibCnt=\count88
\bibleftmargin=\skip43
\bibindent=\skip44
\bibparsep=\skip45
\bibitemsep=\skip46
)
(/usr/local/texlive/2007/texmf-dist/tex/latex/graphics/graphicx.sty
Package: graphicx 1999/02/16 v1.0f Enhanced LaTeX Graphics (DPC,SPQR)

(/usr/local/texlive/2007/texmf-dist/tex/latex/graphics/keyval.sty
Package: keyval 1999/03/16 v1.13 key=value parser (DPC)
\KV@toks@=\toks14
)
(/usr/local/texlive/2007/texmf-dist/tex/latex/graphics/graphics.sty
Package: graphics 2006/02/20 v1.0o Standard LaTeX Graphics (DPC,SPQR)

(/usr/local/texlive/2007/texmf-dist/tex/latex/graphics/trig.sty
Package: trig 1999/03/16 v1.09 sin cos tan (DPC)
)
(/usr/local/texlive/2007/texmf/tex/latex/config/graphics.cfg
File: graphics.cfg 2007/01/18 v1.5 graphics configuration of teTeX/TeXLive
)
Package graphics Info: Driver file: pdftex.def on input line 90.

(/usr/local/texlive/2007/texmf-dist/tex/latex/pdftex-def/pdftex.def
File: pdftex.def 2007/01/08 v0.04d Graphics/color for pdfTeX
\Gread@gobject=\count89
))
\Gin@req@height=\dimen107
\Gin@req@width=\dimen108
)
(/usr/local/texlive/2007/texmf-dist/tex/latex/psnfss/times.sty
Package: times 2005/04/12 PSNFSS-v9.2a (SPQR) 
)
(/usr/local/texlive/2007/texmf-dist/tex/latex/mh/mathtools.sty
Package: mathtools 2004/10/10 v1.01a mathematical typesetting tools (MH)

(/usr/local/texlive/2007/texmf-dist/tex/latex/tools/calc.sty
Package: calc 2005/08/06 v4.2 Infix arithmetic (KKT,FJ)
\calc@Acount=\count90
\calc@Bcount=\count91
\calc@Adimen=\dimen109
\calc@Bdimen=\dimen110
\calc@Askip=\skip47
\calc@Bskip=\skip48
LaTeX Info: Redefining \setlength on input line 75.
LaTeX Info: Redefining \addtolength on input line 76.
\calc@Ccount=\count92
\calc@Cskip=\skip49
)
(/usr/local/texlive/2007/texmf-dist/tex/latex/mh/mhsetup.sty
Package: mhsetup 2004/10/10 v1.0b programming setup (MH)
)
(/usr/local/texlive/2007/texmf-dist/tex/latex/amsmath/amsmath.sty
Package: amsmath 2000/07/18 v2.13 AMS math features
\@mathmargin=\skip50

For additional information on amsmath, use the `?' option.
(/usr/local/texlive/2007/texmf-dist/tex/latex/amsmath/amstext.sty
Package: amstext 2000/06/29 v2.01

(/usr/local/texlive/2007/texmf-dist/tex/latex/amsmath/amsgen.sty
File: amsgen.sty 1999/11/30 v2.0
\@emptytoks=\toks15
\ex@=\dimen111
))
(/usr/local/texlive/2007/texmf-dist/tex/latex/amsmath/amsbsy.sty
Package: amsbsy 1999/11/29 v1.2d
\pmbraise@=\dimen112
)
(/usr/local/texlive/2007/texmf-dist/tex/latex/amsmath/amsopn.sty
Package: amsopn 1999/12/14 v2.01 operator names
)
\inf@bad=\count93
LaTeX Info: Redefining \frac on input line 211.
\uproot@=\count94
\leftroot@=\count95
LaTeX Info: Redefining \overline on input line 307.
\classnum@=\count96
\DOTSCASE@=\count97
LaTeX Info: Redefining \ldots on input line 379.
LaTeX Info: Redefining \dots on input line 382.
LaTeX Info: Redefining \cdots on input line 467.
\Mathstrutbox@=\box26
\strutbox@=\box27
\big@size=\dimen113
LaTeX Font Info:    Redeclaring font encoding OML on input line 567.
LaTeX Font Info:    Redeclaring font encoding OMS on input line 568.
\macc@depth=\count98
\c@MaxMatrixCols=\count99
\dotsspace@=\muskip10
\c@parentequation=\count100
\dspbrk@lvl=\count101
\tag@help=\toks16
\row@=\count102
\column@=\count103
\maxfields@=\count104
\andhelp@=\toks17
\eqnshift@=\dimen114
\alignsep@=\dimen115
\tagshift@=\dimen116
\tagwidth@=\dimen117
\totwidth@=\dimen118
\lineht@=\dimen119
\@envbody=\toks18
\multlinegap=\skip51
\multlinetaggap=\skip52
\mathdisplay@stack=\toks19
LaTeX Info: Redefining \[ on input line 2666.
LaTeX Info: Redefining \] on input line 2667.
)
\g_MT_multlinerow_int=\count105
\l_MT_multwidth_dim=\dimen120
)
(/usr/local/texlive/2007/texmf-dist/tex/latex/base/textcomp.sty
Package: textcomp 2005/09/27 v1.99g Standard LaTeX package
Package textcomp Info: Sub-encoding information:
(textcomp)               5 = only ISO-Adobe without \textcurrency
(textcomp)               4 = 5 + \texteuro
(textcomp)               3 = 4 + \textohm
(textcomp)               2 = 3 + \textestimated + \textcurrency
(textcomp)               1 = TS1 - \textcircled - \t
(textcomp)               0 = TS1 (full)
(textcomp)             Font families with sub-encoding setting implement
(textcomp)             only a restricted character set as indicated.
(textcomp)             Family '?' is the default used for unknown fonts.
(textcomp)             See the documentation for details.
Package textcomp Info: Setting ? sub-encoding to TS1/1 on input line 71.

(/usr/local/texlive/2007/texmf-dist/tex/latex/base/ts1enc.def
File: ts1enc.def 2001/06/05 v3.0e (jk/car/fm) Standard LaTeX file
)
LaTeX Info: Redefining \oldstylenums on input line 266.
Package textcomp Info: Setting cmr sub-encoding to TS1/0 on input line 281.
Package textcomp Info: Setting cmss sub-encoding to TS1/0 on input line 282.
Package textcomp Info: Setting cmtt sub-encoding to TS1/0 on input line 283.
Package textcomp Info: Setting cmvtt sub-encoding to TS1/0 on input line 284.
Package textcomp Info: Setting cmbr sub-encoding to TS1/0 on input line 285.
Package textcomp Info: Setting cmtl sub-encoding to TS1/0 on input line 286.
Package textcomp Info: Setting ccr sub-encoding to TS1/0 on input line 287.
Package textcomp Info: Setting ptm sub-encoding to TS1/4 on input line 288.
Package textcomp Info: Setting pcr sub-encoding to TS1/4 on input line 289.
Package textcomp Info: Setting phv sub-encoding to TS1/4 on input line 290.
Package textcomp Info: Setting ppl sub-encoding to TS1/3 on input line 291.
Package textcomp Info: Setting pag sub-encoding to TS1/4 on input line 292.
Package textcomp Info: Setting pbk sub-encoding to TS1/4 on input line 293.
Package textcomp Info: Setting pnc sub-encoding to TS1/4 on input line 294.
Package textcomp Info: Setting pzc sub-encoding to TS1/4 on input line 295.
Package textcomp Info: Setting bch sub-encoding to TS1/4 on input line 296.
Package textcomp Info: Setting put sub-encoding to TS1/5 on input line 297.
Package textcomp Info: Setting uag sub-encoding to TS1/5 on input line 298.
Package textcomp Info: Setting ugq sub-encoding to TS1/5 on input line 299.
Package textcomp Info: Setting ul8 sub-encoding to TS1/4 on input line 300.
Package textcomp Info: Setting ul9 sub-encoding to TS1/4 on input line 301.
Package textcomp Info: Setting augie sub-encoding to TS1/5 on input line 302.
Package textcomp Info: Setting dayrom sub-encoding to TS1/3 on input line 303.
Package textcomp Info: Setting dayroms sub-encoding to TS1/3 on input line 304.

Package textcomp Info: Setting pxr sub-encoding to TS1/0 on input line 305.
Package textcomp Info: Setting pxss sub-encoding to TS1/0 on input line 306.
Package textcomp Info: Setting pxtt sub-encoding to TS1/0 on input line 307.
Package textcomp Info: Setting txr sub-encoding to TS1/0 on input line 308.
Package textcomp Info: Setting txss sub-encoding to TS1/0 on input line 309.
Package textcomp Info: Setting txtt sub-encoding to TS1/0 on input line 310.
Package textcomp Info: Setting futs sub-encoding to TS1/4 on input line 311.
Package textcomp Info: Setting futx sub-encoding to TS1/4 on input line 312.
Package textcomp Info: Setting futj sub-encoding to TS1/4 on input line 313.
Package textcomp Info: Setting hlh sub-encoding to TS1/3 on input line 314.
Package textcomp Info: Setting hls sub-encoding to TS1/3 on input line 315.
Package textcomp Info: Setting hlst sub-encoding to TS1/3 on input line 316.
Package textcomp Info: Setting hlct sub-encoding to TS1/5 on input line 317.
Package textcomp Info: Setting hlx sub-encoding to TS1/5 on input line 318.
Package textcomp Info: Setting hlce sub-encoding to TS1/5 on input line 319.
Package textcomp Info: Setting hlcn sub-encoding to TS1/5 on input line 320.
Package textcomp Info: Setting hlcw sub-encoding to TS1/5 on input line 321.
Package textcomp Info: Setting hlcf sub-encoding to TS1/5 on input line 322.
Package textcomp Info: Setting pplx sub-encoding to TS1/3 on input line 323.
Package textcomp Info: Setting pplj sub-encoding to TS1/3 on input line 324.
Package textcomp Info: Setting ptmx sub-encoding to TS1/4 on input line 325.
Package textcomp Info: Setting ptmj sub-encoding to TS1/4 on input line 326.
) (./Methods.aux)
\openout1 = `Methods.aux'.

LaTeX Font Info:    Checking defaults for OML/cmm/m/it on input line 17.
LaTeX Font Info:    ... okay on input line 17.
LaTeX Font Info:    Checking defaults for T1/cmr/m/n on input line 17.
LaTeX Font Info:    ... okay on input line 17.
LaTeX Font Info:    Checking defaults for OT1/cmr/m/n on input line 17.
LaTeX Font Info:    ... okay on input line 17.
LaTeX Font Info:    Checking defaults for OMS/cmsy/m/n on input line 17.
LaTeX Font Info:    ... okay on input line 17.
LaTeX Font Info:    Checking defaults for OMX/cmex/m/n on input line 17.
LaTeX Font Info:    ... okay on input line 17.
LaTeX Font Info:    Checking defaults for U/cmr/m/n on input line 17.
LaTeX Font Info:    ... okay on input line 17.
LaTeX Font Info:    Checking defaults for TS1/cmr/m/n on input line 17.
LaTeX Font Info:    Try loading font information for TS1+cmr on input line 17.
(/usr/local/texlive/2007/texmf-dist/tex/latex/base/ts1cmr.fd
File: ts1cmr.fd 1999/05/25 v2.5h Standard LaTeX font definitions
)
LaTeX Font Info:    ... okay on input line 17.
LaTeX Font Info:    Try loading font information for OT1+ptm on input line 17.

(/usr/local/texlive/2007/texmf-dist/tex/latex/psnfss/ot1ptm.fd
File: ot1ptm.fd 2001/06/04 font definitions for OT1/ptm.
)
(/usr/local/texlive/2007/texmf-dist/tex/latex/apacite/english.apc
File: english.apc 2005/06/01
)
(/usr/local/texlive/2007/texmf-dist/tex/context/base/supp-pdf.tex
[Loading MPS to PDF converter (version 2006.09.02).]
\scratchcounter=\count106
\scratchdimen=\dimen121
\scratchbox=\box28
\nofMPsegments=\count107
\nofMParguments=\count108
\MPscratchCnt=\count109
\MPscratchDim=\dimen122
\MPnumerator=\count110
\everyMPtoPDFconversion=\toks20
)
LaTeX Font Info:    Font shape `OT1/ptm/bx/n' in size <17.28> not available
(Font)              Font shape `OT1/ptm/b/n' tried instead on input line 24.
LaTeX Font Info:    Font shape `OT1/ptm/bx/n' in size <14.4> not available
(Font)              Font shape `OT1/ptm/b/n' tried instead on input line 26.
LaTeX Font Info:    Font shape `OT1/ptm/bx/n' in size <12> not available
(Font)              Font shape `OT1/ptm/b/n' tried instead on input line 27.
 [1

{/usr/local/texlive/2007/texmf-var/fonts/map/pdftex/updmap/pdftex.map}]
[2] <JSTranslation.pdf, id=11, 1010.77625pt x 401.5pt>
File: JSTranslation.pdf Graphic file (type pdf)
 <use JSTranslation.pdf>
Overfull \hbox (23.60545pt too wide) in paragraph at lines 42--43
 [] 
 []

<MaxAudioToPython.pdf, id=12, 929.4725pt x 401.5pt>
File: MaxAudioToPython.pdf Graphic file (type pdf)
 <use MaxAudioToPython.pdf>

LaTeX Warning: `!h' float specifier changed to `!ht'.

[3 <./JSTranslation.pdf>] [4 <./MaxAudioToPython.pdf>]
LaTeX Font Info:    Try loading font information for TS1+ptm on input line 60.

(/usr/local/texlive/2007/texmf-dist/tex/latex/psnfss/ts1ptm.fd
File: ts1ptm.fd 2001/06/04 font definitions for TS1/ptm.
)
<RootTree.pdf, id=75, 517.935pt x 563.10374pt>
File: RootTree.pdf Graphic file (type pdf)
 <use RootTree.pdf>

LaTeX Warning: `!h' float specifier changed to `!ht'.

[5] [6 <./RootTree.pdf>] <MaxDAGs.pdf, id=99, 581.17125pt x 575.14874pt>
File: MaxDAGs.pdf Graphic file (type pdf)

<use MaxDAGs.pdf>
Overfull \hbox (26.11922pt too wide) in paragraph at lines 76--77
 [] 
 []


LaTeX Warning: `!h' float specifier changed to `!ht'.

<MaxDAGsLoadmess.pdf, id=100, 567.11874pt x 530.98375pt>
File: MaxDAGsLoadmess.pdf Graphic file (type pdf)

<use MaxDAGsLoadmess.pdf>
Overfull \hbox (72.99773pt too wide) in paragraph at lines 84--85
 [] 
 []


LaTeX Warning: `!h' float specifier changed to `!ht'.

<MaxDAGsSendReceive1.pdf, id=101, 562.1pt x 632.3625pt>
File: MaxDAGsSendReceive1.pdf Graphic file (type pdf)

<use MaxDAGsSendReceive1.pdf>
Overfull \hbox (40.8761pt too wide) in paragraph at lines 92--93
 [] 
 []

<MaxDAGsSendReceive2.pdf, id=102, 299.1175pt x 417.56pt>
File: MaxDAGsSendReceive2.pdf Graphic file (type pdf)

<use MaxDAGsSendReceive2.pdf> [7] [8 <./MaxDAGs.pdf>] [9 <./MaxDAGsLoadmess.pdf
>]

LaTeX Warning: `!h' float specifier changed to `!ht'.


LaTeX Warning: `!h' float specifier changed to `!ht'.

<MaxDAGs2DACs.pdf, id=162, 592.2125pt x 467.7475pt>
File: MaxDAGs2DACs.pdf Graphic file (type pdf)
 <use MaxDAGs2DACs.pdf>
Overfull \hbox (33.84804pt too wide) in paragraph at lines 106--107
 [] 
 []


LaTeX Warning: `!h' float specifier changed to `!ht'.

<MaxDAGsCrossedPaths.pdf, id=163, 255.95625pt x 495.8525pt>
File: MaxDAGsCrossedPaths.pdf Graphic file (type pdf)

<use MaxDAGsCrossedPaths.pdf>

LaTeX Warning: `!h' float specifier changed to `!ht'.

<MaxDAGsCrossedPaths2.pdf, id=164, 496.85625pt x 494.84875pt>
File: MaxDAGsCrossedPaths2.pdf Graphic file (type pdf)

<use MaxDAGsCrossedPaths2.pdf>
Overfull \hbox (16.78766pt too wide) in paragraph at lines 122--123
 [] 
 []


LaTeX Warning: `!h' float specifier changed to `!ht'.

[10]

LaTeX Warning: Text page 11 contains only floats.

[11 <./MaxDAGsSendReceive1.pdf>] [12 <./MaxDAGsSendReceive2.pdf>]
<SyntaxInfo.pdf, id=218, 379.4175pt x 168.63pt>
File: SyntaxInfo.pdf Graphic file (type pdf)
 <use SyntaxInfo.pdf> [13 <./MaxDAGs2DACs.pdf>]

LaTeX Warning: `!h' float specifier changed to `!ht'.

[14 <./MaxDAGsCrossedPaths.pdf>]
LaTeX Font Info:    Font shape `OT1/ptm/bx/it' in size <12> not available
(Font)              Font shape `OT1/ptm/b/it' tried instead on input line 141.
LaTeX Font Info:    Try loading font information for OMS+ptm on input line 141.


(/usr/local/texlive/2007/texmf-dist/tex/latex/psnfss/omsptm.fd
File: omsptm.fd 
)

LaTeX Font Warning: Font shape `OMS/ptm/bx/it' undefined
(Font)              using `OMS/ptm/m/n' instead
(Font)              for symbol `textbar' on input line 141.

LaTeX Font Info:    Font shape `OMS/ptm/m/n' in size <12> not available
(Font)              Font shape `OMS/cmsy/m/n' tried instead on input line 141.
[15 <./MaxDAGsCrossedPaths2.pdf>] [16 <./SyntaxInfo.pdf>] [17]
<OverallGPSystem.pdf, id=328, 811.03pt x 786.94pt>
File: OverallGPSystem.pdf Graphic file (type pdf)
 <use OverallGPSystem.pdf>
Overfull \hbox (24.81613pt too wide) in paragraph at lines 155--156
 [] 
 []


LaTeX Warning: `!h' float specifier changed to `!ht'.

[18] [19 <./OverallGPSystem.pdf>] [20

] [21]
Missing character: There is no Ô in font ptmr7t!
Missing character: There is no Õ in font ptmr7t!
Missing character: There is no Ô in font ptmr7t!
Missing character: There is no Õ in font ptmr7t!
 [22]
Missing character: There is no Ô in font ptmr7t!
Missing character: There is no Õ in font ptmr7t!

<NearestNeighbor.jpg, id=379, 508.90125pt x 311.1625pt>
File: NearestNeighbor.jpg Graphic file (type jpg)

<use NearestNeighbor.jpg>

LaTeX Warning: `!h' float specifier changed to `!ht'.

[23] [24 <./NearestNeighbor.jpg>] [25] [26] [27]
<PairwiseCNN.pdf, id=400, 451.6875pt x 266.9975pt>
File: PairwiseCNN.pdf Graphic file (type pdf)
 <use PairwiseCNN.pdf>
Overfull \hbox (48.4028pt too wide) in paragraph at lines 219--220
 [] 
 []

[28] <CNN_kNN.pdf, id=406, 451.6875pt x 373.395pt>
File: CNN_kNN.pdf Graphic file (type pdf)
 <use CNN_kNN.pdf>
Overfull \hbox (3.2383pt too wide) in paragraph at lines 227--228
 [] 
 []

[29 <./PairwiseCNN.pdf>] <NLSECluster.pdf, id=554, 831.105pt x 772.8875pt>
File: NLSECluster.pdf Graphic file (type pdf)

<use NLSECluster.pdf>
Overfull \hbox (76.41129pt too wide) in paragraph at lines 235--236
 [] 
 []


LaTeX Warning: `!h' float specifier changed to `!ht'.

<TimbreDistance1.pdf, id=555, 402.50375pt x 303.1325pt>
File: TimbreDistance1.pdf Graphic file (type pdf)

<use TimbreDistance1.pdf> [30 <./CNN_kNN.pdf>]

LaTeX Warning: Text page 31 contains only floats.

[31 <./NLSECluster.pdf>]
<TimbreDistance2.pdf, id=678, 402.50375pt x 303.1325pt>
File: TimbreDistance2.pdf Graphic file (type pdf)

<use TimbreDistance2.pdf> [32 <./TimbreDistance1.pdf>] [33 <./TimbreDistance2.p
df>] <TimbreDistance3.pdf, id=723, 637.38126pt x 227.85126pt>
File: TimbreDistance3.pdf Graphic file (type pdf)

<use TimbreDistance3.pdf>
Overfull \hbox (1.73383pt too wide) in paragraph at lines 267--268
 [] 
 []


LaTeX Warning: `!h' float specifier changed to `!ht'.

<TimbreDistance4.pdf, id=724, 637.38126pt x 227.85126pt>
File: TimbreDistance4.pdf Graphic file (type pdf)

<use TimbreDistance4.pdf>
Overfull \hbox (1.73383pt too wide) in paragraph at lines 275--276
 [] 
 []

[34] <DTWExample.pdf, id=728, 701.62125pt x 713.66624pt>
File: DTWExample.pdf Graphic file (type pdf)
 <use DTWExample.pdf>
[35 <./TimbreDistance3.pdf> <./TimbreDistance4.pdf>]

LaTeX Warning: `!h' float specifier changed to `!ht'.

[36] [37 <./DTWExample.pdf>] [38] [39]
<GreedyMatching1.pdf, id=796, 514.92375pt x 717.68124pt>
File: GreedyMatching1.pdf Graphic file (type pdf)

<use GreedyMatching1.pdf>

LaTeX Warning: `!h' float specifier changed to `!ht'.

[40]

LaTeX Warning: Text page 41 contains only floats.


Overfull \vbox (2.8381pt too high) has occurred while \output is active []


[41 <./GreedyMatching1.pdf>]
<GreedyMatching2.pdf, id=824, 516.93124pt x 679.53876pt>
File: GreedyMatching2.pdf Graphic file (type pdf)

<use GreedyMatching2.pdf>

LaTeX Warning: `!h' float specifier changed to `!ht'.

<GreedyMatching3.pdf, id=825, 516.93124pt x 679.53876pt>
File: GreedyMatching3.pdf Graphic file (type pdf)

<use GreedyMatching3.pdf>

LaTeX Warning: `!h' float specifier changed to `!ht'.

[42]

LaTeX Warning: Text page 43 contains only floats.

[43 <./GreedyMatching2.pdf>]

LaTeX Warning: Text page 44 contains only floats.

[44 <./GreedyMatching3.pdf>] [45] [46] [47] [48] [49]
<SICSW_1.pdf, id=896, 474.77374pt x 566.115pt>
File: SICSW_1.pdf Graphic file (type pdf)
 <use SICSW_1.pdf> [50]

LaTeX Warning: `!h' float specifier changed to `!ht'.

<SICSW_2.pdf, id=900, 468.75125pt x 225.84375pt>
File: SICSW_2.pdf Graphic file (type pdf)
 <use SICSW_2.pdf>

LaTeX Warning: `!h' float specifier changed to `!ht'.

[51]

LaTeX Warning: Text page 52 contains only floats.

[52 <./SICSW_1.pdf>] [53 <./SICSW_2.pdf>]
<Penalty_1.pdf, id=938, 512.91624pt x 678.535pt>
File: Penalty_1.pdf Graphic file (type pdf)
 <use Penalty_1.pdf>

LaTeX Warning: `!h' float specifier changed to `!ht'.

<Penalty_2.pdf, id=939, 509.905pt x 474.77374pt>
File: Penalty_2.pdf Graphic file (type pdf)
 <use Penalty_2.pdf> [54]

LaTeX Warning: Text page 55 contains only floats.

[55 <./Penalty_1.pdf>] [56 <./Penalty_2.pdf>] [57] [58] [59]
Missing character: There is no Ô in font ptmr7t!
Missing character: There is no Õ in font ptmr7t!
 [60] [61]
<Crossover.pdf, id=993, 589.20125pt x 398.48875pt>
File: Crossover.pdf Graphic file (type pdf)
 <use Crossover.pdf> [62]
<SubtreeMutation.pdf, id=997, 575.14874pt x 233.87375pt>
File: SubtreeMutation.pdf Graphic file (type pdf)

<use SubtreeMutation.pdf>

LaTeX Warning: `!h' float specifier changed to `!ht'.

<PointMutation.pdf, id=998, 597.23125pt x 190.7125pt>
File: PointMutation.pdf Graphic file (type pdf)
 <use PointMutation.pdf>
[63 <./Crossover.pdf>] <Reproduction.pdf, id=1019, 597.23125pt x 190.7125pt>
File: Reproduction.pdf Graphic file (type pdf)

<use Reproduction.pdf> [64 <./SubtreeMutation.pdf> <./PointMutation.pdf>]
[65 <./Reproduction.pdf>] [66] [67] [68] [69] [70] [71] [72] [73]
<PieChartSelection.jpg, id=1103, 432.61626pt x 434.62375pt>
File: PieChartSelection.jpg Graphic file (type jpg)

<use PieChartSelection.jpg>

LaTeX Warning: `!h' float specifier changed to `!ht'.

[74] [75 <./PieChartSelection.jpg>] [76] [77] [78] [79] [80] [81] [82] [83]
[84] [85] (./Methods.aux)

LaTeX Font Warning: Some font shapes were not available, defaults substituted.

 ) 
Here is how much of TeX's memory you used:
 2984 strings out of 94073
 41518 string characters out of 1162984
 88410 words of memory out of 1500000
 6208 multiletter control sequences out of 10000+50000
 21313 words of font info for 47 fonts, out of 1200000 for 2000
 645 hyphenation exceptions out of 8191
 33i,12n,22p,1738b,403s stack positions out of 5000i,500n,6000p,200000b,5000s
{/usr/local/texlive/2007/texmf-dist/fonts/enc/dvips/base/8r.enc}</usr/local/t
exlive/2007/texmf-dist/fonts/type1/bluesky/cm/cmex10.pfb></usr/local/texlive/20
07/texmf-dist/fonts/type1/bluesky/cm/cmmi10.pfb></usr/local/texlive/2007/texmf-
dist/fonts/type1/bluesky/cm/cmmi12.pfb></usr/local/texlive/2007/texmf-dist/font
s/type1/bluesky/cm/cmmi5.pfb></usr/local/texlive/2007/texmf-dist/fonts/type1/bl
uesky/cm/cmmi6.pfb></usr/local/texlive/2007/texmf-dist/fonts/type1/bluesky/cm/c
mmi7.pfb></usr/local/texlive/2007/texmf-dist/fonts/type1/bluesky/cm/cmmi8.pfb><
/usr/local/texlive/2007/texmf-dist/fonts/type1/bluesky/cm/cmr10.pfb></usr/local
/texlive/2007/texmf-dist/fonts/type1/bluesky/cm/cmr12.pfb></usr/local/texlive/2
007/texmf-dist/fonts/type1/bluesky/cm/cmr6.pfb></usr/local/texlive/2007/texmf-d
ist/fonts/type1/bluesky/cm/cmr7.pfb></usr/local/texlive/2007/texmf-dist/fonts/t
ype1/bluesky/cm/cmr8.pfb></usr/local/texlive/2007/texmf-dist/fonts/type1/bluesk
y/cm/cmsy10.pfb></usr/local/texlive/2007/texmf-dist/fonts/type1/bluesky/cm/cmsy
6.pfb></usr/local/texlive/2007/texmf-dist/fonts/type1/bluesky/cm/cmsy7.pfb></us
r/local/texlive/2007/texmf-dist/fonts/type1/bluesky/cm/cmsy8.pfb></usr/local/te
xlive/2007/texmf-dist/fonts/type1/urw/times/utmb8a.pfb></usr/local/texlive/2007
/texmf-dist/fonts/type1/urw/times/utmbi8a.pfb></usr/local/texlive/2007/texmf-di
st/fonts/type1/urw/times/utmr8a.pfb></usr/local/texlive/2007/texmf-dist/fonts/t
ype1/urw/times/utmri8a.pfb>
Output written on Methods.pdf (85 pages, 2752513 bytes).
PDF statistics:
 1192 PDF objects out of 1200 (max. 8388607)
 0 named destinations out of 1000 (max. 131072)
 166 words of extra memory for PDF output out of 10000 (max. 10000000)

