This is pdfTeXk, Version 3.141592-1.40.3 (Web2C 7.5.6) (format=pdflatex 2007.5.18)  28 MAR 2013 20:01
entering extended mode
\write18 enabled.
 %&-line parsing enabled.
**PreviousResearch.tex
(./PreviousResearch.tex
LaTeX2e <2005/12/01>
Babel <v3.8h> and hyphenation patterns for english, usenglishmax, dumylang, noh
yphenation, arabic, basque, bulgarian, coptic, welsh, czech, slovak, german, ng
erman, danish, esperanto, spanish, catalan, galician, estonian, farsi, finnish,
 french, greek, monogreek, ancientgreek, croatian, hungarian, interlingua, ibyc
us, indonesian, icelandic, italian, latin, mongolian, dutch, norsk, polish, por
tuguese, pinyin, romanian, russian, slovenian, uppersorbian, serbian, swedish, 
turkish, ukenglish, ukrainian, loaded.
(/usr/local/texlive/2007/texmf-dist/tex/latex/base/report.cls
Document Class: report 2005/09/16 v1.4f Standard LaTeX document class
(/usr/local/texlive/2007/texmf-dist/tex/latex/base/size12.clo
File: size12.clo 2005/09/16 v1.4f Standard LaTeX file (size option)
)
\c@part=\count79
\c@chapter=\count80
\c@section=\count81
\c@subsection=\count82
\c@subsubsection=\count83
\c@paragraph=\count84
\c@subparagraph=\count85
\c@figure=\count86
\c@table=\count87
\abovecaptionskip=\skip41
\belowcaptionskip=\skip42
\bibindent=\dimen102
)
(/usr/local/texlive/2007/texmf-dist/tex/latex/anysize/anysize.sty
Package: anysize 1994/08/13 setting margin sizes

document style option `anysize' loaded
Michael Salzenberg, Thomas Esser, Dirk Hillbrecht
Version 1.0, Aug 13, 1994
\@Leftmargin=\dimen103
\@Rightmargin=\dimen104
\@Topmargin=\dimen105
\@Bottommargin=\dimen106
) (/usr/local/texlive/2007/texmf-dist/tex/latex/tools/indentfirst.sty
Package: indentfirst 1995/11/23 v1.03 Indent first paragraph (DPC)
)
(./apacite.sty
Package: apacite 2009/03/01 v4.05 APA citation
\c@BibCnt=\count88
\bibleftmargin=\skip43
\bibindent=\skip44
\bibparsep=\skip45
\bibitemsep=\skip46
)
(/usr/local/texlive/2007/texmf-dist/tex/latex/graphics/graphicx.sty
Package: graphicx 1999/02/16 v1.0f Enhanced LaTeX Graphics (DPC,SPQR)

(/usr/local/texlive/2007/texmf-dist/tex/latex/graphics/keyval.sty
Package: keyval 1999/03/16 v1.13 key=value parser (DPC)
\KV@toks@=\toks14
)
(/usr/local/texlive/2007/texmf-dist/tex/latex/graphics/graphics.sty
Package: graphics 2006/02/20 v1.0o Standard LaTeX Graphics (DPC,SPQR)

(/usr/local/texlive/2007/texmf-dist/tex/latex/graphics/trig.sty
Package: trig 1999/03/16 v1.09 sin cos tan (DPC)
)
(/usr/local/texlive/2007/texmf/tex/latex/config/graphics.cfg
File: graphics.cfg 2007/01/18 v1.5 graphics configuration of teTeX/TeXLive
)
Package graphics Info: Driver file: pdftex.def on input line 90.

(/usr/local/texlive/2007/texmf-dist/tex/latex/pdftex-def/pdftex.def
File: pdftex.def 2007/01/08 v0.04d Graphics/color for pdfTeX
\Gread@gobject=\count89
))
\Gin@req@height=\dimen107
\Gin@req@width=\dimen108
)
(/usr/local/texlive/2007/texmf-dist/tex/latex/psnfss/times.sty
Package: times 2005/04/12 PSNFSS-v9.2a (SPQR) 
)
(./PreviousResearch.aux)
\openout1 = `PreviousResearch.aux'.

LaTeX Font Info:    Checking defaults for OML/cmm/m/it on input line 15.
LaTeX Font Info:    ... okay on input line 15.
LaTeX Font Info:    Checking defaults for T1/cmr/m/n on input line 15.
LaTeX Font Info:    ... okay on input line 15.
LaTeX Font Info:    Checking defaults for OT1/cmr/m/n on input line 15.
LaTeX Font Info:    ... okay on input line 15.
LaTeX Font Info:    Checking defaults for OMS/cmsy/m/n on input line 15.
LaTeX Font Info:    ... okay on input line 15.
LaTeX Font Info:    Checking defaults for OMX/cmex/m/n on input line 15.
LaTeX Font Info:    ... okay on input line 15.
LaTeX Font Info:    Checking defaults for U/cmr/m/n on input line 15.
LaTeX Font Info:    ... okay on input line 15.
LaTeX Font Info:    Try loading font information for OT1+ptm on input line 15.

(/usr/local/texlive/2007/texmf-dist/tex/latex/psnfss/ot1ptm.fd
File: ot1ptm.fd 2001/06/04 font definitions for OT1/ptm.
)
(/usr/local/texlive/2007/texmf-dist/tex/latex/apacite/english.apc
File: english.apc 2005/06/01
)
(/usr/local/texlive/2007/texmf-dist/tex/context/base/supp-pdf.tex
[Loading MPS to PDF converter (version 2006.09.02).]
\scratchcounter=\count90
\scratchdimen=\dimen109
\scratchbox=\box26
\nofMPsegments=\count91
\nofMParguments=\count92
\MPscratchCnt=\count93
\MPscratchDim=\dimen110
\MPnumerator=\count94
\everyMPtoPDFconversion=\toks15
)
LaTeX Font Info:    Font shape `OT1/ptm/bx/n' in size <17.28> not available
(Font)              Font shape `OT1/ptm/b/n' tried instead on input line 22.
LaTeX Font Info:    Font shape `OT1/ptm/bx/n' in size <14.4> not available
(Font)              Font shape `OT1/ptm/b/n' tried instead on input line 24.
 [1

{/usr/local/texlive/2007/texmf-var/fonts/map/pdftex/updmap/pdftex.map}]
[2] <SubtractiveVsAdditive.pdf, id=11, 776.9025pt x 313.17pt>
File: SubtractiveVsAdditive.pdf Graphic file (type pdf)

<use SubtractiveVsAdditive.pdf> [3 <./SubtractiveVsAdditive.pdf>] [4] [5]
[6]
Missing character: There is no Ô in font ptmr7t!
Missing character: There is no Ð in font ptmr7t!
Missing character: There is no Õ in font ptmr7t!
 [7] [8] [9] [10]
<SynthesisTechniqueTaxonomy.pdf, id=54, 572.1375pt x 309.155pt>
File: SynthesisTechniqueTaxonomy.pdf Graphic file (type pdf)

<use SynthesisTechniqueTaxonomy.pdf>
Overfull \hbox (19.79564pt too wide) in paragraph at lines 71--72
 [] 
 []

Missing character: There is no Õ in font ptmr7t!
[11 <./SynthesisTechniqueTaxonomy.pdf>]
<SamplingSynthesis.pdf, id=69, 343.2825pt x 154.5775pt>
File: SamplingSynthesis.pdf Graphic file (type pdf)

<use SamplingSynthesis.pdf> [12 <./SamplingSynthesis.pdf>]
<GranularSynthesis.pdf, id=116, 381.425pt x 318.18875pt>
File: GranularSynthesis.pdf Graphic file (type pdf)

<use GranularSynthesis.pdf> [13] [14 <./GranularSynthesis.pdf>]
<AdditiveSynthesis.pdf, id=153, 361.35pt x 182.6825pt>
File: AdditiveSynthesis.pdf Graphic file (type pdf)

<use AdditiveSynthesis.pdf> [15 <./AdditiveSynthesis.pdf>]
<SubtractiveSynthesis.pdf, id=181, 451.6875pt x 208.78pt>
File: SubtractiveSynthesis.pdf Graphic file (type pdf)

<use SubtractiveSynthesis.pdf>
Missing character: There is no Õ in font ptmr7t!
 [16 <./SubtractiveSynthesis.pdf>]
<FMSynthesis.pdf, id=216, 575.14874pt x 170.6375pt>
File: FMSynthesis.pdf Graphic file (type pdf)
 <use FMSynthesis.pdf>
[17 <./FMSynthesis.pdf>]
<DigitalWaveguideSynthesis.pdf, id=244, 723.70375pt x 476.78125pt>
File: DigitalWaveguideSynthesis.pdf Graphic file (type pdf)

<use DigitalWaveguideSynthesis.pdf>
Overfull \hbox (17.34041pt too wide) in paragraph at lines 119--120
 [] 
 []


LaTeX Warning: `!h' float specifier changed to `!ht'.

[18] [19 <./DigitalWaveguideSynthesis.pdf>] [20]
<ResynthesisProblem.pdf, id=279, 419.5675pt x 273.02pt>
File: ResynthesisProblem.pdf Graphic file (type pdf)

<use ResynthesisProblem.pdf> [21 <./ResynthesisProblem.pdf>]
<ResynthesisIdea.pdf, id=311, 772.8875pt x 293.095pt>
File: ResynthesisIdea.pdf Graphic file (type pdf)

<use ResynthesisIdea.pdf>
Overfull \hbox (5.74492pt too wide) in paragraph at lines 140--141
 [] 
 []

[22 <./ResynthesisIdea.pdf>]
<ConcatSynth.pdf, id=346, 760.8425pt x 637.38126pt>
File: ConcatSynth.pdf Graphic file (type pdf)
 <use ConcatSynth.pdf>
Overfull \hbox (37.76678pt too wide) in paragraph at lines 150--151
 [] 
 []


LaTeX Warning: `!h' float specifier changed to `!ht'.

[23] [24 <./ConcatSynth.pdf>] [25]
<PhaseVocoder.pdf, id=396, 929.4725pt x 494.84875pt>
File: PhaseVocoder.pdf Graphic file (type pdf)
 <use PhaseVocoder.pdf>
Overfull \hbox (37.5609pt too wide) in paragraph at lines 166--167
 [] 
 []

[26 <./PhaseVocoder.pdf>] [27] <SMS.pdf, id=434, 741.77126pt x 429.605pt>
File: SMS.pdf Graphic file (type pdf)

<use SMS.pdf>
Overfull \hbox (27.27759pt too wide) in paragraph at lines 186--187
 [] 
 []

[28 <./SMS.pdf>] [29] <AdaptiveFM.pdf, id=472, 809.0225pt x 575.14874pt>
File: AdaptiveFM.pdf Graphic file (type pdf)

<use AdaptiveFM.pdf>
Overfull \hbox (23.8124pt too wide) in paragraph at lines 198--199
 [] 
 []


LaTeX Warning: `!h' float specifier changed to `!ht'.

[30] [31 <./AdaptiveFM.pdf>]
<MetaSynthesis1.pdf, id=511, 454.69875pt x 638.385pt>
File: MetaSynthesis1.pdf Graphic file (type pdf)
 <use MetaSynthesis1.pdf>

LaTeX Warning: `!h' float specifier changed to `!ht'.

[32]

LaTeX Warning: Text page 33 contains only floats.

[33 <./MetaSynthesis1.pdf>] [34]
<PucketteMetaSynthesis.pdf, id=542, 413.545pt x 621.32124pt>
File: PucketteMetaSynthesis.pdf Graphic file (type pdf)

<use PucketteMetaSynthesis.pdf>

LaTeX Warning: `!h' float specifier changed to `!ht'.

[35]

LaTeX Warning: Text page 36 contains only floats.

[36 <./PucketteMetaSynthesis.pdf>] [37] [38]
<OrchestralMetaSynthesis.pdf, id=591, 797.98125pt x 638.385pt>
File: OrchestralMetaSynthesis.pdf Graphic file (type pdf)

<use OrchestralMetaSynthesis.pdf>
Overfull \hbox (58.19316pt too wide) in paragraph at lines 229--230
 [] 
 []

[39 <./OrchestralMetaSynthesis.pdf>] [40]
<FitnessFunction.pdf, id=686, 413.545pt x 475.7775pt>
File: FitnessFunction.pdf Graphic file (type pdf)

<use FitnessFunction.pdf>

LaTeX Warning: `!h' float specifier changed to `!ht'.

<DifferentTopologies.pdf, id=687, 628.3475pt x 196.735pt>
File: DifferentTopologies.pdf Graphic file (type pdf)

<use DifferentTopologies.pdf>

LaTeX Warning: `!h' float specifier changed to `!ht'.

[41] [42 <./FitnessFunction.pdf>] [43 <./DifferentTopologies.pdf>]
<GASearch.pdf, id=741, 768.8725pt x 972.63374pt>
File: GASearch.pdf Graphic file (type pdf)
 <use GASearch.pdf>
Overfull \hbox (3.73743pt too wide) in paragraph at lines 259--260
 [] 
 []

[44]

LaTeX Warning: `!h' float specifier changed to `!ht'.

[45]

LaTeX Warning: Text page 46 contains only floats.


Overfull \vbox (1.54172pt too high) has occurred while \output is active []


[46 <./GASearch.pdf>] [47] [48]
<GraphAsPoint.pdf, id=774, 401.5pt x 480.79625pt>
File: GraphAsPoint.pdf Graphic file (type pdf)
 <use GraphAsPoint.pdf>
[49 <./GraphAsPoint.pdf>] [50] [51] [52] [53] [54] [55] [56]
Missing character: There is no Ô in font ptmr7t!
Missing character: There is no Õ in font ptmr7t!
 [57] [58] [59]
[60] [61] <GMM.pdf, id=834, 499.8675pt x 283.0575pt>
File: GMM.pdf Graphic file (type pdf)
 <use GMM.pdf> [62 <./GMM.pdf>] [63] [64]
Missing character: There is no Õ in font ptmr7t!
Missing character: There is no Õ in font ptmr7t!
 [65] [66] [67]
Missing character: There is no Ô in font ptmr7t!
Missing character: There is no Õ in font ptmr7t!
Missing character: There is no Õ in font ptmr7t!
 [68] [69]
Missing character: There is no Ô in font ptmr7t!
Missing character: There is no Õ in font ptmr7t!
 [70] [71] [72] [73]
Missing character: There is no Ô in font ptmr7t!
Missing character: There is no Õ in font ptmr7t!
 [74] [75]
<SyntacticCorrectness.pdf, id=903, 602.25pt x 370.38374pt>
File: SyntacticCorrectness.pdf Graphic file (type pdf)

<use SyntacticCorrectness.pdf>
Overfull \hbox (40.87424pt too wide) in paragraph at lines 407--408
 [] 
 []


LaTeX Warning: `!h' float specifier changed to `!ht'.

[76] [77 <./SyntacticCorrectness.pdf>] [78] [79] [80] [81] [82] [83]
(./PreviousResearch.aux) ) 
Here is how much of TeX's memory you used:
 1408 strings out of 94073
 19233 string characters out of 1162984
 70672 words of memory out of 1500000
 4698 multiletter control sequences out of 10000+50000
 13058 words of font info for 27 fonts, out of 1200000 for 2000
 645 hyphenation exceptions out of 8191
 25i,6n,19p,3230b,308s stack positions out of 5000i,500n,6000p,200000b,5000s
{/usr/local/texlive/2007/texmf-dist/fonts/enc/dvips/b
ase/8r.enc}</usr/local/texlive/2007/texmf-dist/fonts/type1/urw/times/utmb8a.pfb
></usr/local/texlive/2007/texmf-dist/fonts/type1/urw/times/utmr8a.pfb></usr/loc
al/texlive/2007/texmf-dist/fonts/type1/urw/times/utmri8a.pfb>
Output written on PreviousResearch.pdf (83 pages, 1313146 bytes).
PDF statistics:
 971 PDF objects out of 1000 (max. 8388607)
 0 named destinations out of 1000 (max. 131072)
 116 words of extra memory for PDF output out of 10000 (max. 10000000)

