This is pdfTeX, Version 3.1415926-2.5-1.40.14 (TeX Live 2013) (format=pdflatex 2013.5.30)  18 APR 2014 00:46
entering extended mode
 restricted \write18 enabled.
 file:line:error style messages enabled.
 %&-line parsing enabled.
**Dissertation.tex
(./Dissertation.tex
LaTeX2e <2011/06/27>
Babel <3.9f> and hyphenation patterns for 78 languages loaded.
(/usr/local/texlive/2013/texmf-dist/tex/latex/base/report.cls
Document Class: report 2007/10/19 v1.4h Standard LaTeX document class
(/usr/local/texlive/2013/texmf-dist/tex/latex/base/size12.clo
File: size12.clo 2007/10/19 v1.4h Standard LaTeX file (size option)
)
\c@part=\count79
\c@chapter=\count80
\c@section=\count81
\c@subsection=\count82
\c@subsubsection=\count83
\c@paragraph=\count84
\c@subparagraph=\count85
\c@figure=\count86
\c@table=\count87
\abovecaptionskip=\skip41
\belowcaptionskip=\skip42
\bibindent=\dimen102
)
(/usr/local/texlive/2013/texmf-dist/tex/latex/anysize/anysize.sty
Package: anysize 1994/08/13 setting margin sizes

document style option `anysize' loaded
Michael Salzenberg, Thomas Esser, Dirk Hillbrecht
Version 1.0, Aug 13, 1994
\@Leftmargin=\dimen103
\@Rightmargin=\dimen104
\@Topmargin=\dimen105
\@Bottommargin=\dimen106
) (/usr/local/texlive/2013/texmf-dist/tex/latex/tools/indentfirst.sty
Package: indentfirst 1995/11/23 v1.03 Indent first paragraph (DPC)
)
(./apacite.sty
Package: apacite 2009/03/01 v4.05 APA citation
\c@BibCnt=\count88
\bibleftmargin=\skip43
\bibindent=\skip44
\bibparsep=\skip45
\bibitemsep=\skip46
)
(/usr/local/texlive/2013/texmf-dist/tex/latex/graphics/graphicx.sty
Package: graphicx 1999/02/16 v1.0f Enhanced LaTeX Graphics (DPC,SPQR)

(/usr/local/texlive/2013/texmf-dist/tex/latex/graphics/keyval.sty
Package: keyval 1999/03/16 v1.13 key=value parser (DPC)
\KV@toks@=\toks14
)
(/usr/local/texlive/2013/texmf-dist/tex/latex/graphics/graphics.sty
Package: graphics 2009/02/05 v1.0o Standard LaTeX Graphics (DPC,SPQR)

(/usr/local/texlive/2013/texmf-dist/tex/latex/graphics/trig.sty
Package: trig 1999/03/16 v1.09 sin cos tan (DPC)
)
(/usr/local/texlive/2013/texmf-dist/tex/latex/latexconfig/graphics.cfg
File: graphics.cfg 2010/04/23 v1.9 graphics configuration of TeX Live
)
Package graphics Info: Driver file: pdftex.def on input line 91.

(/usr/local/texlive/2013/texmf-dist/tex/latex/pdftex-def/pdftex.def
File: pdftex.def 2011/05/27 v0.06d Graphics/color for pdfTeX

(/usr/local/texlive/2013/texmf-dist/tex/generic/oberdiek/infwarerr.sty
Package: infwarerr 2010/04/08 v1.3 Providing info/warning/error messages (HO)
)
(/usr/local/texlive/2013/texmf-dist/tex/generic/oberdiek/ltxcmds.sty
Package: ltxcmds 2011/11/09 v1.22 LaTeX kernel commands for general use (HO)
)
\Gread@gobject=\count89
))
\Gin@req@height=\dimen107
\Gin@req@width=\dimen108
)
(/usr/local/texlive/2013/texmf-dist/tex/latex/psnfss/times.sty
Package: times 2005/04/12 PSNFSS-v9.2a (SPQR) 
)
(/usr/local/texlive/2013/texmf-dist/tex/latex/mh/mathtools.sty
Package: mathtools 2013/02/12 v1.13 mathematical typesetting tools

(/usr/local/texlive/2013/texmf-dist/tex/latex/tools/calc.sty
Package: calc 2007/08/22 v4.3 Infix arithmetic (KKT,FJ)
\calc@Acount=\count90
\calc@Bcount=\count91
\calc@Adimen=\dimen109
\calc@Bdimen=\dimen110
\calc@Askip=\skip47
\calc@Bskip=\skip48
LaTeX Info: Redefining \setlength on input line 76.
LaTeX Info: Redefining \addtolength on input line 77.
\calc@Ccount=\count92
\calc@Cskip=\skip49
)
(/usr/local/texlive/2013/texmf-dist/tex/latex/mh/mhsetup.sty
Package: mhsetup 2010/01/21 v1.2a programming setup (MH)
)
(/usr/local/texlive/2013/texmf-dist/tex/latex/amsmath/amsmath.sty
Package: amsmath 2013/01/14 v2.14 AMS math features
\@mathmargin=\skip50

For additional information on amsmath, use the `?' option.
(/usr/local/texlive/2013/texmf-dist/tex/latex/amsmath/amstext.sty
Package: amstext 2000/06/29 v2.01

(/usr/local/texlive/2013/texmf-dist/tex/latex/amsmath/amsgen.sty
File: amsgen.sty 1999/11/30 v2.0
\@emptytoks=\toks15
\ex@=\dimen111
))
(/usr/local/texlive/2013/texmf-dist/tex/latex/amsmath/amsbsy.sty
Package: amsbsy 1999/11/29 v1.2d
\pmbraise@=\dimen112
)
(/usr/local/texlive/2013/texmf-dist/tex/latex/amsmath/amsopn.sty
Package: amsopn 1999/12/14 v2.01 operator names
)
\inf@bad=\count93
LaTeX Info: Redefining \frac on input line 210.
\uproot@=\count94
\leftroot@=\count95
LaTeX Info: Redefining \overline on input line 306.
\classnum@=\count96
\DOTSCASE@=\count97
LaTeX Info: Redefining \ldots on input line 378.
LaTeX Info: Redefining \dots on input line 381.
LaTeX Info: Redefining \cdots on input line 466.
\Mathstrutbox@=\box26
\strutbox@=\box27
\big@size=\dimen113
LaTeX Font Info:    Redeclaring font encoding OML on input line 566.
LaTeX Font Info:    Redeclaring font encoding OMS on input line 567.
\macc@depth=\count98
\c@MaxMatrixCols=\count99
\dotsspace@=\muskip10
\c@parentequation=\count100
\dspbrk@lvl=\count101
\tag@help=\toks16
\row@=\count102
\column@=\count103
\maxfields@=\count104
\andhelp@=\toks17
\eqnshift@=\dimen114
\alignsep@=\dimen115
\tagshift@=\dimen116
\tagwidth@=\dimen117
\totwidth@=\dimen118
\lineht@=\dimen119
\@envbody=\toks18
\multlinegap=\skip51
\multlinetaggap=\skip52
\mathdisplay@stack=\toks19
LaTeX Info: Redefining \[ on input line 2665.
LaTeX Info: Redefining \] on input line 2666.
)
LaTeX Info: Thecontrolsequence`\['isalreadyrobust on input line 129.
LaTeX Info: Thecontrolsequence`\]'isalreadyrobust on input line 129.
\g_MT_multlinerow_int=\count105
\l_MT_multwidth_dim=\dimen120
\origjot=\skip53
\l_MT_shortvdotswithinadjustabove_dim=\dimen121
\l_MT_shortvdotswithinadjustbelow_dim=\dimen122
\l_MT_above_intertext_sep=\dimen123
\l_MT_below_intertext_sep=\dimen124
\l_MT_above_shortintertext_sep=\dimen125
\l_MT_below_shortintertext_sep=\dimen126
)
(/usr/local/texlive/2013/texmf-dist/tex/latex/base/textcomp.sty
Package: textcomp 2005/09/27 v1.99g Standard LaTeX package
Package textcomp Info: Sub-encoding information:
(textcomp)               5 = only ISO-Adobe without \textcurrency
(textcomp)               4 = 5 + \texteuro
(textcomp)               3 = 4 + \textohm
(textcomp)               2 = 3 + \textestimated + \textcurrency
(textcomp)               1 = TS1 - \textcircled - \t
(textcomp)               0 = TS1 (full)
(textcomp)             Font families with sub-encoding setting implement
(textcomp)             only a restricted character set as indicated.
(textcomp)             Family '?' is the default used for unknown fonts.
(textcomp)             See the documentation for details.
Package textcomp Info: Setting ? sub-encoding to TS1/1 on input line 71.

(/usr/local/texlive/2013/texmf-dist/tex/latex/base/ts1enc.def
File: ts1enc.def 2001/06/05 v3.0e (jk/car/fm) Standard LaTeX file
)
LaTeX Info: Redefining \oldstylenums on input line 266.
Package textcomp Info: Setting cmr sub-encoding to TS1/0 on input line 281.
Package textcomp Info: Setting cmss sub-encoding to TS1/0 on input line 282.
Package textcomp Info: Setting cmtt sub-encoding to TS1/0 on input line 283.
Package textcomp Info: Setting cmvtt sub-encoding to TS1/0 on input line 284.
Package textcomp Info: Setting cmbr sub-encoding to TS1/0 on input line 285.
Package textcomp Info: Setting cmtl sub-encoding to TS1/0 on input line 286.
Package textcomp Info: Setting ccr sub-encoding to TS1/0 on input line 287.
Package textcomp Info: Setting ptm sub-encoding to TS1/4 on input line 288.
Package textcomp Info: Setting pcr sub-encoding to TS1/4 on input line 289.
Package textcomp Info: Setting phv sub-encoding to TS1/4 on input line 290.
Package textcomp Info: Setting ppl sub-encoding to TS1/3 on input line 291.
Package textcomp Info: Setting pag sub-encoding to TS1/4 on input line 292.
Package textcomp Info: Setting pbk sub-encoding to TS1/4 on input line 293.
Package textcomp Info: Setting pnc sub-encoding to TS1/4 on input line 294.
Package textcomp Info: Setting pzc sub-encoding to TS1/4 on input line 295.
Package textcomp Info: Setting bch sub-encoding to TS1/4 on input line 296.
Package textcomp Info: Setting put sub-encoding to TS1/5 on input line 297.
Package textcomp Info: Setting uag sub-encoding to TS1/5 on input line 298.
Package textcomp Info: Setting ugq sub-encoding to TS1/5 on input line 299.
Package textcomp Info: Setting ul8 sub-encoding to TS1/4 on input line 300.
Package textcomp Info: Setting ul9 sub-encoding to TS1/4 on input line 301.
Package textcomp Info: Setting augie sub-encoding to TS1/5 on input line 302.
Package textcomp Info: Setting dayrom sub-encoding to TS1/3 on input line 303.
Package textcomp Info: Setting dayroms sub-encoding to TS1/3 on input line 304.

Package textcomp Info: Setting pxr sub-encoding to TS1/0 on input line 305.
Package textcomp Info: Setting pxss sub-encoding to TS1/0 on input line 306.
Package textcomp Info: Setting pxtt sub-encoding to TS1/0 on input line 307.
Package textcomp Info: Setting txr sub-encoding to TS1/0 on input line 308.
Package textcomp Info: Setting txss sub-encoding to TS1/0 on input line 309.
Package textcomp Info: Setting txtt sub-encoding to TS1/0 on input line 310.
Package textcomp Info: Setting lmr sub-encoding to TS1/0 on input line 311.
Package textcomp Info: Setting lmdh sub-encoding to TS1/0 on input line 312.
Package textcomp Info: Setting lmss sub-encoding to TS1/0 on input line 313.
Package textcomp Info: Setting lmssq sub-encoding to TS1/0 on input line 314.
Package textcomp Info: Setting lmvtt sub-encoding to TS1/0 on input line 315.
Package textcomp Info: Setting qhv sub-encoding to TS1/0 on input line 316.
Package textcomp Info: Setting qag sub-encoding to TS1/0 on input line 317.
Package textcomp Info: Setting qbk sub-encoding to TS1/0 on input line 318.
Package textcomp Info: Setting qcr sub-encoding to TS1/0 on input line 319.
Package textcomp Info: Setting qcs sub-encoding to TS1/0 on input line 320.
Package textcomp Info: Setting qpl sub-encoding to TS1/0 on input line 321.
Package textcomp Info: Setting qtm sub-encoding to TS1/0 on input line 322.
Package textcomp Info: Setting qzc sub-encoding to TS1/0 on input line 323.
Package textcomp Info: Setting qhvc sub-encoding to TS1/0 on input line 324.
Package textcomp Info: Setting futs sub-encoding to TS1/4 on input line 325.
Package textcomp Info: Setting futx sub-encoding to TS1/4 on input line 326.
Package textcomp Info: Setting futj sub-encoding to TS1/4 on input line 327.
Package textcomp Info: Setting hlh sub-encoding to TS1/3 on input line 328.
Package textcomp Info: Setting hls sub-encoding to TS1/3 on input line 329.
Package textcomp Info: Setting hlst sub-encoding to TS1/3 on input line 330.
Package textcomp Info: Setting hlct sub-encoding to TS1/5 on input line 331.
Package textcomp Info: Setting hlx sub-encoding to TS1/5 on input line 332.
Package textcomp Info: Setting hlce sub-encoding to TS1/5 on input line 333.
Package textcomp Info: Setting hlcn sub-encoding to TS1/5 on input line 334.
Package textcomp Info: Setting hlcw sub-encoding to TS1/5 on input line 335.
Package textcomp Info: Setting hlcf sub-encoding to TS1/5 on input line 336.
Package textcomp Info: Setting pplx sub-encoding to TS1/3 on input line 337.
Package textcomp Info: Setting pplj sub-encoding to TS1/3 on input line 338.
Package textcomp Info: Setting ptmx sub-encoding to TS1/4 on input line 339.
Package textcomp Info: Setting ptmj sub-encoding to TS1/4 on input line 340.
)
(/usr/local/texlive/2013/texmf-dist/tex/latex/tools/afterpage.sty
Package: afterpage 1995/10/27 v1.08 After-Page Package (DPC)
\AP@output=\toks20
\AP@partial=\box28
\AP@footins=\box29
)
(/usr/local/texlive/2013/texmf-dist/tex/latex/setspace/setspace.sty
Package: setspace 2011/12/19 v6.7a set line spacing
)
(/usr/local/texlive/2013/texmf-dist/tex/latex/titlesec/titlesec.sty
Package: titlesec 2011/12/15 v2.10.0 Sectioning titles
\ttl@box=\box30
\beforetitleunit=\skip54
\aftertitleunit=\skip55
\ttl@plus=\dimen127
\ttl@minus=\dimen128
\ttl@toksa=\toks21
\titlewidth=\dimen129
\titlewidthlast=\dimen130
\titlewidthfirst=\dimen131
)
(/usr/local/texlive/2013/texmf-dist/tex/generic/ulem/ulem.sty
\UL@box=\box31
\UL@hyphenbox=\box32
\UL@skip=\skip56
\UL@hook=\toks22
\UL@height=\dimen132
\UL@pe=\count106
\UL@pixel=\dimen133
\ULC@box=\box33
Package: ulem 2012/05/18
\ULdepth=\dimen134
)
(/usr/local/texlive/2013/texmf-dist/tex/latex/chngcntr/chngcntr.sty
Package: chngcntr 2009/09/02 v1.0a change counter resetting
)
(/usr/local/texlive/2013/texmf-dist/tex/latex/geometry/geometry.sty
Package: geometry 2010/09/12 v5.6 Page Geometry

(/usr/local/texlive/2013/texmf-dist/tex/generic/oberdiek/ifpdf.sty
Package: ifpdf 2011/01/30 v2.3 Provides the ifpdf switch (HO)
Package ifpdf Info: pdfTeX in PDF mode is detected.
)
(/usr/local/texlive/2013/texmf-dist/tex/generic/oberdiek/ifvtex.sty
Package: ifvtex 2010/03/01 v1.5 Detect VTeX and its facilities (HO)
Package ifvtex Info: VTeX not detected.
)
(/usr/local/texlive/2013/texmf-dist/tex/generic/ifxetex/ifxetex.sty
Package: ifxetex 2010/09/12 v0.6 Provides ifxetex conditional
)
\Gm@cnth=\count107
\Gm@cntv=\count108
\c@Gm@tempcnt=\count109
\Gm@bindingoffset=\dimen135
\Gm@wd@mp=\dimen136
\Gm@odd@mp=\dimen137
\Gm@even@mp=\dimen138
\Gm@layoutwidth=\dimen139
\Gm@layoutheight=\dimen140
\Gm@layouthoffset=\dimen141
\Gm@layoutvoffset=\dimen142
\Gm@dimlist=\toks23
)
(./Dissertation.aux)
\openout1 = `Dissertation.aux'.

LaTeX Font Info:    Checking defaults for OML/cmm/m/it on input line 45.
LaTeX Font Info:    ... okay on input line 45.
LaTeX Font Info:    Checking defaults for T1/cmr/m/n on input line 45.
LaTeX Font Info:    ... okay on input line 45.
LaTeX Font Info:    Checking defaults for OT1/cmr/m/n on input line 45.
LaTeX Font Info:    ... okay on input line 45.
LaTeX Font Info:    Checking defaults for OMS/cmsy/m/n on input line 45.
LaTeX Font Info:    ... okay on input line 45.
LaTeX Font Info:    Checking defaults for OMX/cmex/m/n on input line 45.
LaTeX Font Info:    ... okay on input line 45.
LaTeX Font Info:    Checking defaults for U/cmr/m/n on input line 45.
LaTeX Font Info:    ... okay on input line 45.
LaTeX Font Info:    Checking defaults for TS1/cmr/m/n on input line 45.
LaTeX Font Info:    Try loading font information for TS1+cmr on input line 45.

(/usr/local/texlive/2013/texmf-dist/tex/latex/base/ts1cmr.fd
File: ts1cmr.fd 1999/05/25 v2.5h Standard LaTeX font definitions
)
LaTeX Font Info:    ... okay on input line 45.
LaTeX Font Info:    Try loading font information for OT1+ptm on input line 45.

(/usr/local/texlive/2013/texmf-dist/tex/latex/psnfss/ot1ptm.fd
File: ot1ptm.fd 2001/06/04 font definitions for OT1/ptm.
)
(/usr/local/texlive/2013/texmf-dist/tex/latex/apacite/english.apc
File: english.apc 2012/02/25 v6.01 apacite language file


/usr/local/texlive/2013/texmf-dist/tex/latex/apacite/english.apc:55: LaTeX Erro
r: \onemaskedcitationmsg undefined.

See the LaTeX manual or LaTeX Companion for explanation.
Type  H <return>  for immediate help.
 ...                                              
                                                  
l.55 \renewcommand{\onemaskedcitationmsg}
                                         [1]{%
? 

/usr/local/texlive/2013/texmf-dist/tex/latex/apacite/english.apc:57: LaTeX Erro
r: \maskedcitationsmsg undefined.

See the LaTeX manual or LaTeX Companion for explanation.
Type  H <return>  for immediate help.
 ...                                              
                                                  
l.57 \renewcommand{\maskedcitationsmsg}
                                       [1]{%
? 

/usr/local/texlive/2013/texmf-dist/tex/latex/apacite/english.apc:118: LaTeX Err
or: \BRetrievedFrom undefined.

See the LaTeX manual or LaTeX Companion for explanation.
Type  H <return>  for immediate help.
 ...                                              
                                                  
l.118 \renewcommand{\BRetrievedFrom}
                                    {Retrieved from\ }% Websites; note the s...

? 
LaTeX Info: Redefining \BPBI on input line 129.
LaTeX Info: Redefining \BHBI on input line 130.
) (/usr/local/texlive/2013/texmf-dist/tex/context/base/supp-pdf.mkii
[Loading MPS to PDF converter (version 2006.09.02).]
\scratchcounter=\count110
\scratchdimen=\dimen143
\scratchbox=\box34
\nofMPsegments=\count111
\nofMParguments=\count112
\everyMPshowfont=\toks24
\MPscratchCnt=\count113
\MPscratchDim=\dimen144
\MPnumerator=\count114
\makeMPintoPDFobject=\count115
\everyMPtoPDFconversion=\toks25
) (/usr/local/texlive/2013/texmf-dist/tex/generic/oberdiek/pdftexcmds.sty
Package: pdftexcmds 2011/11/29 v0.20 Utility functions of pdfTeX for LuaTeX (HO
)

(/usr/local/texlive/2013/texmf-dist/tex/generic/oberdiek/ifluatex.sty
Package: ifluatex 2010/03/01 v1.3 Provides the ifluatex switch (HO)
Package ifluatex Info: LuaTeX not detected.
)
Package pdftexcmds Info: LuaTeX not detected.
Package pdftexcmds Info: \pdf@primitive is available.
Package pdftexcmds Info: \pdf@ifprimitive is available.
Package pdftexcmds Info: \pdfdraftmode found.
)
(/usr/local/texlive/2013/texmf-dist/tex/latex/oberdiek/epstopdf-base.sty
Package: epstopdf-base 2010/02/09 v2.5 Base part for package epstopdf

(/usr/local/texlive/2013/texmf-dist/tex/latex/oberdiek/grfext.sty
Package: grfext 2010/08/19 v1.1 Manage graphics extensions (HO)

(/usr/local/texlive/2013/texmf-dist/tex/generic/oberdiek/kvdefinekeys.sty
Package: kvdefinekeys 2011/04/07 v1.3 Define keys (HO)
))
(/usr/local/texlive/2013/texmf-dist/tex/latex/oberdiek/kvoptions.sty
Package: kvoptions 2011/06/30 v3.11 Key value format for package options (HO)

(/usr/local/texlive/2013/texmf-dist/tex/generic/oberdiek/kvsetkeys.sty
Package: kvsetkeys 2012/04/25 v1.16 Key value parser (HO)

(/usr/local/texlive/2013/texmf-dist/tex/generic/oberdiek/etexcmds.sty
Package: etexcmds 2011/02/16 v1.5 Avoid name clashes with e-TeX commands (HO)
Package etexcmds Info: Could not find \expanded.
(etexcmds)             That can mean that you are not using pdfTeX 1.50 or
(etexcmds)             that some package has redefined \expanded.
(etexcmds)             In the latter case, load this package earlier.
)))
Package grfext Info: Graphics extension search list:
(grfext)             [.png,.pdf,.jpg,.mps,.jpeg,.jbig2,.jb2,.PNG,.PDF,.JPG,.JPE
G,.JBIG2,.JB2,.eps]
(grfext)             \AppendGraphicsExtensions on input line 452.

(/usr/local/texlive/2013/texmf-dist/tex/latex/latexconfig/epstopdf-sys.cfg
File: epstopdf-sys.cfg 2010/07/13 v1.3 Configuration of (r)epstopdf for TeX Liv
e
))
*geometry* driver: auto-detecting
*geometry* detected driver: pdftex
*geometry* verbose mode - [ preamble ] result:
* driver: pdftex
* paper: custom
* layout: <same size as paper>
* layoutoffset:(h,v)=(0.0pt,0.0pt)
* modes: 
* h-part:(L,W,R)=(108.405pt, 397.485pt, 108.405pt)
* v-part:(T,H,B)=(90.3375pt, 614.295pt, 90.3375pt)
* \paperwidth=614.295pt
* \paperheight=794.96999pt
* \textwidth=397.485pt
* \textheight=614.295pt
* \oddsidemargin=36.13501pt
* \evensidemargin=36.13501pt
* \topmargin=-18.9325pt
* \headheight=12.0pt
* \headsep=25.0pt
* \topskip=12.0pt
* \footskip=36.135pt
* \marginparwidth=44.0pt
* \marginparsep=10.0pt
* \columnsep=10.0pt
* \skip\footins=10.8pt plus 4.0pt minus 2.0pt
* \hoffset=0.0pt
* \voffset=0.0pt
* \mag=1000
* \@twocolumnfalse
* \@twosidefalse
* \@mparswitchfalse
* \@reversemarginfalse
* (1in=72.27pt=25.4mm, 1cm=28.453pt)

[1

{/usr/local/texlive/2013/texmf-var/fonts/map/pdftex/updmap/pdftex.map}]

./Dissertation.tex:78: LaTeX Error: Environment copyrightpage undefined.

See the LaTeX manual or LaTeX Companion for explanation.
Type  H <return>  for immediate help.
 ...                                              
                                                  
l.78 \begin{copyrightpage}
                          
? 
LaTeX Font Info:    Try loading font information for TS1+ptm on input line 83.
(/usr/local/texlive/2013/texmf-dist/tex/latex/psnfss/ts1ptm.fd
File: ts1ptm.fd 2001/06/04 font definitions for TS1/ptm.
)

./Dissertation.tex:86: LaTeX Error: \begin{flushleft} on input line 75 ended by
 \end{copyrightpage}.

See the LaTeX manual or LaTeX Companion for explanation.
Type  H <return>  for immediate help.
 ...                                              
                                                  
l.86 \end{copyrightpage}
                        
? 
[1]
*geometry* verbose mode - [ newgeometry ] result:
* driver: pdftex
* paper: custom
* layout: <same size as paper>
* layoutoffset:(h,v)=(0.0pt,0.0pt)
* modes: 
* h-part:(L,W,R)=(92.14519pt, 430.00462pt, 92.14519pt)
* v-part:(T,H,B)=(144.54pt, 555.03262pt, 95.39737pt)
* \paperwidth=614.295pt
* \paperheight=794.96999pt
* \textwidth=430.00462pt
* \textheight=555.03262pt
* \oddsidemargin=19.8752pt
* \evensidemargin=19.8752pt
* \topmargin=35.27pt
* \headheight=12.0pt
* \headsep=25.0pt
* \topskip=12.0pt
* \footskip=36.135pt
* \marginparwidth=44.0pt
* \marginparsep=10.0pt
* \columnsep=10.0pt
* \skip\footins=10.8pt plus 4.0pt minus 2.0pt
* \hoffset=0.0pt
* \voffset=0.0pt
* \mag=1000
* \@twocolumnfalse
* \@twosidefalse
* \@mparswitchfalse
* \@reversemarginfalse
* (1in=72.27pt=25.4mm, 1cm=28.453pt)

 [3


]
*geometry* verbose mode - [ newgeometry ] result:
* driver: pdftex
* paper: custom
* layout: <same size as paper>
* layoutoffset:(h,v)=(0.0pt,0.0pt)
* modes: 
* h-part:(L,W,R)=(92.14519pt, 430.00462pt, 92.14519pt)
* v-part:(T,H,B)=(90.3375pt, 609.23512pt, 95.39737pt)
* \paperwidth=614.295pt
* \paperheight=794.96999pt
* \textwidth=430.00462pt
* \textheight=609.23512pt
* \oddsidemargin=19.8752pt
* \evensidemargin=19.8752pt
* \topmargin=-18.9325pt
* \headheight=12.0pt
* \headsep=25.0pt
* \topskip=12.0pt
* \footskip=36.135pt
* \marginparwidth=44.0pt
* \marginparsep=10.0pt
* \columnsep=10.0pt
* \skip\footins=10.8pt plus 4.0pt minus 2.0pt
* \hoffset=0.0pt
* \voffset=0.0pt
* \mag=1000
* \@twocolumnfalse
* \@twosidefalse
* \@mparswitchfalse
* \@reversemarginfalse
* (1in=72.27pt=25.4mm, 1cm=28.453pt)

 [4

]
Runaway argument?
./Dissertation.tex:143: Paragraph ended before \ttl@format@ii was complete.
<to be read again> 
                   \par 
l.143 
      
? 
[5

] (./Dissertation.toc
LaTeX Font Info:    Font shape `OT1/ptm/bx/n' in size <12> not available
(Font)              Font shape `OT1/ptm/b/n' tried instead on input line 4.
 [6

])
\tf@toc=\write3
\openout3 = `Dissertation.toc'.

 [8] (./Dissertation.lot)
\tf@lot=\write4
\openout4 = `Dissertation.lot'.

 [9

] (./Dissertation.lof
[10


] [11] [12] [13])
\tf@lof=\write5
\openout5 = `Dissertation.lof'.

\QuarterPage=\skip57
 [14]
Chapter I.
[1

] [2] [3] [4] [5]
Chapter II.
[6

] <SubtractiveVsAdditive.pdf, id=68, 776.9025pt x 313.17pt>
File: SubtractiveVsAdditive.pdf Graphic file (type pdf)

<use SubtractiveVsAdditive.pdf>
Package pdftex.def Info: SubtractiveVsAdditive.pdf used on input line 231.
(pdftex.def)             Requested size: 349.60289pt x 140.92519pt.
 [7] [8 <./SubtractiveVsAdditive.pdf>] [9]
[10] [11] [12]
<SynthesisTechniqueTaxonomy.pdf, id=104, 572.1375pt x 309.155pt>
File: SynthesisTechniqueTaxonomy.pdf Graphic file (type pdf)

<use SynthesisTechniqueTaxonomy.pdf>
Package pdftex.def Info: SynthesisTechniqueTaxonomy.pdf used on input line 270.

(pdftex.def)             Requested size: 400.49352pt x 216.40701pt.
 [13]
<SamplingSynthesis.pdf, id=108, 343.2825pt x 154.5775pt>
File: SamplingSynthesis.pdf Graphic file (type pdf)

<use SamplingSynthesis.pdf>
Package pdftex.def Info: SamplingSynthesis.pdf used on input line 279.
(pdftex.def)             Requested size: 274.62636pt x 123.66214pt.


LaTeX Warning: `!h' float specifier changed to `!ht'.

[14 <./SynthesisTechniqueTaxonomy.pdf>]
<GranularSynthesis.pdf, id=122, 381.425pt x 318.18875pt>
File: GranularSynthesis.pdf Graphic file (type pdf)

<use GranularSynthesis.pdf>
Package pdftex.def Info: GranularSynthesis.pdf used on input line 289.
(pdftex.def)             Requested size: 305.1404pt x 254.55133pt.


LaTeX Warning: `!h' float specifier changed to `!ht'.

[15 <./SamplingSynthesis.pdf>] [16 <./GranularSynthesis.pdf>]
<AdditiveSynthesis.pdf, id=200, 361.35pt x 182.6825pt>
File: AdditiveSynthesis.pdf Graphic file (type pdf)

<use AdditiveSynthesis.pdf>
Package pdftex.def Info: AdditiveSynthesis.pdf used on input line 300.
(pdftex.def)             Requested size: 289.0804pt x 146.14618pt.

<SubtractiveSynthesis.pdf, id=201, 451.6875pt x 208.78pt>
File: SubtractiveSynthesis.pdf Graphic file (type pdf)

<use SubtractiveSynthesis.pdf>
Package pdftex.def Info: SubtractiveSynthesis.pdf used on input line 311.
(pdftex.def)             Requested size: 361.35048pt x 167.0242pt.
 [17 <./AdditiveSynthesis.pdf>]
<FMSynthesis.pdf, id=228, 575.14874pt x 170.6375pt>
File: FMSynthesis.pdf Graphic file (type pdf)
 <use FMSynthesis.pdf>
Package pdftex.def Info: FMSynthesis.pdf used on input line 322.
(pdftex.def)             Requested size: 373.84225pt x 110.91304pt.

[18 <./SubtractiveSynthesis.pdf>]
<DigitalWaveguideSynthesis.pdf, id=263, 723.70375pt x 476.78125pt>
File: DigitalWaveguideSynthesis.pdf Graphic file (type pdf)

<use DigitalWaveguideSynthesis.pdf>
Package pdftex.def Info: DigitalWaveguideSynthesis.pdf used on input line 332.
(pdftex.def)             Requested size: 398.03828pt x 262.23048pt.


LaTeX Warning: `!h' float specifier changed to `!ht'.

[19 <./FMSynthesis.pdf>] [20 <./DigitalWaveguideSynthesis.pdf>]
<ResynthesisProblem.pdf, id=317, 419.5675pt x 273.02pt>
File: ResynthesisProblem.pdf Graphic file (type pdf)

<use ResynthesisProblem.pdf>
Package pdftex.def Info: ResynthesisProblem.pdf used on input line 347.
(pdftex.def)             Requested size: 293.69524pt x 191.11269pt.


LaTeX Warning: `!h' float specifier changed to `!ht'.

[21] <ResynthesisIdea.pdf, id=321, 772.8875pt x 293.095pt>
File: ResynthesisIdea.pdf Graphic file (type pdf)

<use ResynthesisIdea.pdf>
Package pdftex.def Info: ResynthesisIdea.pdf used on input line 356.
(pdftex.def)             Requested size: 386.4428pt x 146.54713pt.


LaTeX Warning: `!h' float specifier changed to `!ht'.

[22 <./ResynthesisProblem.pdf>]
<ConcatSynth.pdf, id=352, 760.8425pt x 637.38126pt>
File: ConcatSynth.pdf Graphic file (type pdf)
 <use ConcatSynth.pdf>
Package pdftex.def Info: ConcatSynth.pdf used on input line 368.
(pdftex.def)             Requested size: 418.46466pt x 350.56078pt.


LaTeX Warning: `!h' float specifier changed to `!ht'.

[23 <./ResynthesisIdea.pdf>] [24 <./ConcatSynth.pdf>] [25]
<PhaseVocoder.pdf, id=431, 929.4725pt x 494.84875pt>
File: PhaseVocoder.pdf Graphic file (type pdf)
 <use PhaseVocoder.pdf>
Package pdftex.def Info: PhaseVocoder.pdf used on input line 386.
(pdftex.def)             Requested size: 418.25877pt x 222.67989pt.

[26 <./PhaseVocoder.pdf>] <SMS.pdf, id=466, 741.77126pt x 429.605pt>
File: SMS.pdf Graphic file (type pdf)

<use SMS.pdf>
Package pdftex.def Info: SMS.pdf used on input line 399.
(pdftex.def)             Requested size: 407.97546pt x 236.28348pt.
 [27 <./SMS.pdf>] [28]
<AdaptiveFM.pdf, id=503, 809.0225pt x 575.14874pt>
File: AdaptiveFM.pdf Graphic file (type pdf)
 <use AdaptiveFM.pdf>
Package pdftex.def Info: AdaptiveFM.pdf used on input line 424.
(pdftex.def)             Requested size: 404.51027pt x 287.57367pt.


LaTeX Warning: `!h' float specifier changed to `!ht'.

[29] <MetaSynthesis1.pdf, id=507, 454.69875pt x 638.385pt>
File: MetaSynthesis1.pdf Graphic file (type pdf)

<use MetaSynthesis1.pdf>
Package pdftex.def Info: MetaSynthesis1.pdf used on input line 438.
(pdftex.def)             Requested size: 318.28694pt x 446.86644pt.
 [30 <./AdaptiveFM.pdf>]

LaTeX Warning: `!h' float specifier changed to `!ht'.

<PucketteMetaSynthesis.pdf, id=542, 413.545pt x 621.32124pt>
File: PucketteMetaSynthesis.pdf Graphic file (type pdf)

<use PucketteMetaSynthesis.pdf>
Package pdftex.def Info: PucketteMetaSynthesis.pdf used on input line 448.
(pdftex.def)             Requested size: 310.15797pt x 465.98979pt.


LaTeX Warning: `!h' float specifier changed to `!ht'.

[31] [32 <./MetaSynthesis1.pdf>] [33 <./PucketteMetaSynthesis.pdf>] [34

]
[35] <OrchestralMetaSynthesis.pdf, id=613, 797.98125pt x 638.385pt>
File: OrchestralMetaSynthesis.pdf Graphic file (type pdf)

<use OrchestralMetaSynthesis.pdf>
Package pdftex.def Info: OrchestralMetaSynthesis.pdf used on input line 469.
(pdftex.def)             Requested size: 438.89104pt x 351.11282pt.

Overfull \hbox (8.88641pt too wide) in paragraph at lines 469--470
 [] 
 []


LaTeX Warning: `!h' float specifier changed to `!ht'.

[36] [37 <./OrchestralMetaSynthesis.pdf>]
<FitnessFunction.pdf, id=708, 413.545pt x 475.7775pt>
File: FitnessFunction.pdf Graphic file (type pdf)

<use FitnessFunction.pdf>
Package pdftex.def Info: FitnessFunction.pdf used on input line 485.
(pdftex.def)             Requested size: 289.4795pt x 333.04196pt.
 [38]

LaTeX Warning: `!h' float specifier changed to `!ht'.

<DifferentTopologies.pdf, id=712, 628.3475pt x 196.735pt>
File: DifferentTopologies.pdf Graphic file (type pdf)

<use DifferentTopologies.pdf>
Package pdftex.def Info: DifferentTopologies.pdf used on input line 495.
(pdftex.def)             Requested size: 377.0114pt x 118.04189pt.


LaTeX Warning: `!h' float specifier changed to `!ht'.

[39] [40 <./FitnessFunction.pdf>]
<GASearch.pdf, id=735, 768.8725pt x 972.63374pt>
File: GASearch.pdf Graphic file (type pdf)
 <use GASearch.pdf>
Package pdftex.def Info: GASearch.pdf used on input line 507.
(pdftex.def)             Requested size: 384.4353pt x 486.31567pt.
 [41 <./DifferentTopologies.pdf>]

LaTeX Warning: `!h' float specifier changed to `!ht'.

[42]

LaTeX Warning: Text page 43 contains only floats.

[43 <./GASearch.pdf>] <GraphAsPoint.pdf, id=788, 401.5pt x 480.79625pt>
File: GraphAsPoint.pdf Graphic file (type pdf)

<use GraphAsPoint.pdf>
Package pdftex.def Info: GraphAsPoint.pdf used on input line 523.
(pdftex.def)             Requested size: 281.04808pt x 336.55507pt.
 [44] [45 <./GraphAsPoint.pdf>] [46] [47]
<SimpleSystem.pdf, id=817, 443.6575pt x 552.0625pt>
File: SimpleSystem.pdf Graphic file (type pdf)
 <use SimpleSystem.pdf>
Package pdftex.def Info: SimpleSystem.pdf used on input line 548.
(pdftex.def)             Requested size: 266.19655pt x 331.24005pt.

[48 <./SimpleSystem.pdf>] [49

] [50] [51] [52] [53] [54]
Chapter III.
[55

] [56] [57] <JSTranslation.pdf, id=873, 1010.77625pt x 401.5pt>
File: JSTranslation.pdf Graphic file (type pdf)

<use JSTranslation.pdf>
Package pdftex.def Info: JSTranslation.pdf used on input line 618.
(pdftex.def)             Requested size: 404.30333pt x 160.59715pt.
 <MaxAudioToPython.pdf, id=874, 929.4725pt x 401.5pt>
File: MaxAudioToPython.pdf Graphic file (type pdf)

<use MaxAudioToPython.pdf>
Package pdftex.def Info: MaxAudioToPython.pdf used on input line 628.
(pdftex.def)             Requested size: 371.78242pt x 160.59715pt.
 [58 <./JSTranslation.pdf>] [59 <./MaxAudioToPython.pdf>] <RootTreeFIg.pdf, id=
936, 496.85625pt x 545.03625pt>
File: RootTreeFIg.pdf Graphic file (type pdf)

<use RootTreeFIg.pdf>
Package pdftex.def Info: RootTreeFIg.pdf used on input line 642.
(pdftex.def)             Requested size: 347.797pt x 381.52278pt.


LaTeX Warning: `!h' float specifier changed to `!ht'.

<MaxDAGs.pdf, id=937, 581.17125pt x 575.14874pt>
File: MaxDAGs.pdf Graphic file (type pdf)
 <use MaxDAGs.pdf>
Package pdftex.def Info: MaxDAGs.pdf used on input line 656.
(pdftex.def)             Requested size: 406.8171pt x 402.60138pt.
 [60]

LaTeX Warning: `!h' float specifier changed to `!ht'.

<MaxDAGsLoadmess.pdf, id=942, 567.11874pt x 530.98375pt>
File: MaxDAGsLoadmess.pdf Graphic file (type pdf)

<use MaxDAGsLoadmess.pdf>
Package pdftex.def Info: MaxDAGsLoadmess.pdf used on input line 665.
(pdftex.def)             Requested size: 396.98041pt x 371.68608pt.
 [61 <./RootTreeFIg.pdf>]

LaTeX Warning: `!h' float specifier changed to `!ht'.

[62 <./MaxDAGs.pdf>] <MaxDAGsSendReceive1.pdf, id=986, 562.1pt x 632.3625pt>
File: MaxDAGsSendReceive1.pdf Graphic file (type pdf)

<use MaxDAGsSendReceive1.pdf>
Package pdftex.def Info: MaxDAGsSendReceive1.pdf used on input line 678.
(pdftex.def)             Requested size: 421.57397pt x 474.27072pt.
 [63 <./MaxDAGsLoadmess.pdf>]

LaTeX Warning: `!h' float specifier changed to `!ht'.

<MaxDAGsSendReceive2.pdf, id=1016, 299.1175pt x 417.56pt>
File: MaxDAGsSendReceive2.pdf Graphic file (type pdf)

<use MaxDAGsSendReceive2.pdf>
Package pdftex.def Info: MaxDAGsSendReceive2.pdf used on input line 686.
(pdftex.def)             Requested size: 239.29431pt x 334.04843pt.


LaTeX Warning: `!h' float specifier changed to `!ht'.

<MaxDAGs2DACs.pdf, id=1017, 592.2125pt x 467.7475pt>
File: MaxDAGs2DACs.pdf Graphic file (type pdf)
 <use MaxDAGs2DACs.pdf>
Package pdftex.def Info: MaxDAGs2DACs.pdf used on input line 694.
(pdftex.def)             Requested size: 414.54591pt x 327.421pt.


LaTeX Warning: `!h' float specifier changed to `!ht'.

<MaxDAGsCrossedPaths.pdf, id=1018, 255.95625pt x 495.8525pt>
File: MaxDAGsCrossedPaths.pdf Graphic file (type pdf)

<use MaxDAGsCrossedPaths.pdf>
Package pdftex.def Info: MaxDAGsCrossedPaths.pdf used on input line 703.
(pdftex.def)             Requested size: 204.76526pt x 396.68254pt.


LaTeX Warning: `!h' float specifier changed to `!ht'.

<MaxDAGsCrossedPaths2.pdf, id=1019, 496.85625pt x 494.84875pt>
File: MaxDAGsCrossedPaths2.pdf Graphic file (type pdf)

<use MaxDAGsCrossedPaths2.pdf>
Package pdftex.def Info: MaxDAGsCrossedPaths2.pdf used on input line 713.
(pdftex.def)             Requested size: 397.48553pt x 395.87955pt.


LaTeX Warning: `!h' float specifier changed to `!ht'.

[64]

LaTeX Warning: Text page 65 contains only floats.

[65 <./MaxDAGsSendReceive1.pdf>]
<SyntaxInfo.pdf, id=1053, 379.4175pt x 168.63pt>
File: SyntaxInfo.pdf Graphic file (type pdf)
 <use SyntaxInfo.pdf>
Package pdftex.def Info: SyntaxInfo.pdf used on input line 726.
(pdftex.def)             Requested size: 303.53441pt x 134.90417pt.
 [66 <./MaxDAGsSendReceive2.pdf>]

LaTeX Warning: `!h' float specifier changed to `!ht'.

LaTeX Font Info:    Try loading font information for OMS+ptm on input line 734.

(/usr/local/texlive/2013/texmf-dist/tex/latex/psnfss/omsptm.fd
File: omsptm.fd 
)
LaTeX Font Info:    Font shape `OMS/ptm/m/it' in size <12> not available
(Font)              Font shape `OMS/cmsy/m/n' tried instead on input line 734.
 [67 <./MaxDAGs2DACs.pdf>] [68 <./MaxDAGsCrossedPaths.pdf>] [69 <./MaxDAGsCross
edPaths2.pdf>]
[70 <./SyntaxInfo.pdf>] [71] <GMM.pdf, id=1177, 499.8675pt x 283.0575pt>
File: GMM.pdf Graphic file (type pdf)

<use GMM.pdf>
Package pdftex.def Info: GMM.pdf used on input line 764.
(pdftex.def)             Requested size: 349.90486pt x 198.13889pt.
 [72] [73 <./GMM.pdf>] [74] [75] [76] [77] [78] [79] [80]
<NearestNeighbor.jpg, id=1231, 508.90125pt x 311.1625pt>
File: NearestNeighbor.jpg Graphic file (type jpg)

<use NearestNeighbor.jpg>
Package pdftex.def Info: NearestNeighbor.jpg used on input line 824.
(pdftex.def)             Requested size: 254.45pt x 155.58087pt.
 [81 <./NearestNeighbor.jpg>]
<PairwiseCNN.pdf, id=1235, 451.6875pt x 266.9975pt>
File: PairwiseCNN.pdf Graphic file (type pdf)
 <use PairwiseCNN.pdf>
Package pdftex.def Info: PairwiseCNN.pdf used on input line 841.
(pdftex.def)             Requested size: 429.10068pt x 253.64616pt.


LaTeX Warning: `!h' float specifier changed to `!ht'.

[82] [83 <./PairwiseCNN.pdf>] [84]
<CNN_kNN.pdf, id=1392, 451.6875pt x 373.395pt>
File: CNN_kNN.pdf Graphic file (type pdf)
 <use CNN_kNN.pdf>
Package pdftex.def Info: CNN_kNN.pdf used on input line 871.
(pdftex.def)             Requested size: 383.93617pt x 317.38725pt.


LaTeX Warning: `!h' float specifier changed to `!ht'.

<NLSECluster.pdf, id=1393, 813.0375pt x 792.9625pt>
File: NLSECluster.pdf Graphic file (type pdf)
 <use NLSECluster.pdf>
Package pdftex.def Info: NLSECluster.pdf used on input line 881.
(pdftex.def)             Requested size: 430.00462pt x 419.38484pt.

[85]

LaTeX Warning: `!h' float specifier changed to `!ht'.

<NLSECluster2.pdf, id=1399, 796.9775pt x 407.5225pt>
File: NLSECluster2.pdf Graphic file (type pdf)
 <use NLSECluster2.pdf>
Package pdftex.def Info: NLSECluster2.pdf used on input line 891.
(pdftex.def)             Requested size: 430.00462pt x 219.87231pt.

[86 <./CNN_kNN.pdf>] [87 <./NLSECluster.pdf>] [88 <./NLSECluster2.pdf>]
[89] [90] <TimbreDistance1.pdf, id=1576, 402.50375pt x 303.1325pt>
File: TimbreDistance1.pdf Graphic file (type pdf)

<use TimbreDistance1.pdf>
Package pdftex.def Info: TimbreDistance1.pdf used on input line 922.
(pdftex.def)             Requested size: 322.00343pt x 242.50633pt.
 [91]
<TimbreDistance2.pdf, id=1580, 402.50375pt x 303.1325pt>
File: TimbreDistance2.pdf Graphic file (type pdf)

<use TimbreDistance2.pdf>
Package pdftex.def Info: TimbreDistance2.pdf used on input line 931.
(pdftex.def)             Requested size: 322.00343pt x 242.50633pt.


LaTeX Warning: `!h' float specifier changed to `!ht'.

[92 <./TimbreDistance1.pdf>]
<TimbreDistance3.pdf, id=1600, 637.38126pt x 227.85126pt>
File: TimbreDistance3.pdf Graphic file (type pdf)

<use TimbreDistance3.pdf>
Package pdftex.def Info: TimbreDistance3.pdf used on input line 947.
(pdftex.def)             Requested size: 382.4317pt x 136.71179pt.
 [93 <./TimbreDistance2.pdf>]
<TimbreDistance4.pdf, id=1624, 637.38126pt x 227.85126pt>
File: TimbreDistance4.pdf Graphic file (type pdf)

<use TimbreDistance4.pdf>
Package pdftex.def Info: TimbreDistance4.pdf used on input line 956.
(pdftex.def)             Requested size: 382.4317pt x 136.71179pt.


LaTeX Warning: `!h' float specifier changed to `!ht'.

<DTWExample.pdf, id=1625, 701.62125pt x 713.66624pt>
File: DTWExample.pdf Graphic file (type pdf)
 <use DTWExample.pdf>
Package pdftex.def Info: DTWExample.pdf used on input line 965.
(pdftex.def)             Requested size: 350.80975pt x 356.83224pt.

[94 <./TimbreDistance3.pdf>]

LaTeX Warning: `!h' float specifier changed to `!ht'.

[95 <./TimbreDistance4.pdf>] [96 <./DTWExample.pdf>] [97]
<SequencePenalties.pdf, id=1688, 509.905pt x 818.05624pt>
File: SequencePenalties.pdf Graphic file (type pdf)

<use SequencePenalties.pdf>
Package pdftex.def Info: SequencePenalties.pdf used on input line 982.
(pdftex.def)             Requested size: 305.94536pt x 490.83754pt.

<GreedyMatching1.pdf, id=1689, 496.85625pt x 699.61375pt>
File: GreedyMatching1.pdf Graphic file (type pdf)

<use GreedyMatching1.pdf>
Package pdftex.def Info: GreedyMatching1.pdf used on input line 993.
(pdftex.def)             Requested size: 298.11604pt x 419.77148pt.
 [98] [99 <./SequencePenalties.pdf>] [100 <./GreedyMatching1.pdf>] <GreedyMatch
ing4.pdf, id=1735, 1009.7725pt x 812.03375pt>
File: GreedyMatching4.pdf Graphic file (type pdf)

<use GreedyMatching4.pdf>
Package pdftex.def Info: GreedyMatching4.pdf used on input line 1009.
(pdftex.def)             Requested size: 430.00462pt x 345.79745pt.


LaTeX Warning: `!h' float specifier changed to `!ht'.

[101] [102 <./GreedyMatching4.pdf>] [103] [104] [105] [106] [107] [108]
[109] <SIC-DPLA_1.pdf, id=1783, 474.77374pt x 566.115pt>
File: SIC-DPLA_1.pdf Graphic file (type pdf)
 <use SIC-DPLA_1.pdf>
Package pdftex.def Info: SIC-DPLA_1.pdf used on input line 1083.
(pdftex.def)             Requested size: 356.07944pt x 424.5852pt.


LaTeX Warning: `!h' float specifier changed to `!ht'.

[110] [111 <./SIC-DPLA_1.pdf>]
<SIC-DPLA_2.pdf, id=1807, 468.75125pt x 225.84375pt>
File: SIC-DPLA_2.pdf Graphic file (type pdf)
 <use SIC-DPLA_2.pdf>
Package pdftex.def Info: SIC-DPLA_2.pdf used on input line 1100.
(pdftex.def)             Requested size: 375.0015pt x 180.67523pt.

[112

 <./SIC-DPLA_2.pdf>] <Penalty_1.pdf, id=1820, 512.91624pt x 678.535pt>
File: Penalty_1.pdf Graphic file (type pdf)

<use Penalty_1.pdf>
Package pdftex.def Info: Penalty_1.pdf used on input line 1123.
(pdftex.def)             Requested size: 359.03893pt x 474.97125pt.


LaTeX Warning: `!h' float specifier changed to `!ht'.

[113] [114 <./Penalty_1.pdf>]
<Penalty_2.pdf, id=1838, 509.905pt x 474.77374pt>
File: Penalty_2.pdf Graphic file (type pdf)
 <use Penalty_2.pdf>
Package pdftex.def Info: Penalty_2.pdf used on input line 1133.
(pdftex.def)             Requested size: 356.93106pt x 332.33936pt.


LaTeX Warning: `!h' float specifier changed to `!ht'.

[115

] [116 <./Penalty_2.pdf>] [117] [118] [119]
<SyntacticCorrectness.pdf, id=1870, 602.25pt x 370.38374pt>
File: SyntacticCorrectness.pdf Graphic file (type pdf)

<use SyntacticCorrectness.pdf>
Package pdftex.def Info: SyntacticCorrectness.pdf used on input line 1180.
(pdftex.def)             Requested size: 421.57211pt x 259.26685pt.
 [120 <./SyntacticCorrectness.pdf>] [121]
[122] [123] [124] [125] [126]
Chapter IV.
<OverallGPSystem.pdf, id=1920, 792.9625pt x 768.8725pt>
File: OverallGPSystem.pdf Graphic file (type pdf)

<use OverallGPSystem.pdf>
Package pdftex.def Info: OverallGPSystem.pdf used on input line 1228.
(pdftex.def)             Requested size: 396.48027pt x 384.4353pt.


LaTeX Warning: `!h' float specifier changed to `!ht'.

[127

] [128 <./OverallGPSystem.pdf>] [129] [130] [131] [132]
<Crossover.pdf, id=1973, 589.20125pt x 398.48875pt>
File: Crossover.pdf Graphic file (type pdf)
 <use Crossover.pdf>
Package pdftex.def Info: Crossover.pdf used on input line 1278.
(pdftex.def)             Requested size: 294.5999pt x 199.24388pt.

[133 <./Crossover.pdf>]

./Dissertation.tex:1283: LaTeX Error: There's no line here to end.

See the LaTeX manual or LaTeX Companion for explanation.
Type  H <return>  for immediate help.
 ...                                              
                                                  
l.1283 \\
         
? 
<SubtreeMutation.pdf, id=1993, 575.14874pt x 233.87375pt>
File: SubtreeMutation.pdf Graphic file (type pdf)

<use SubtreeMutation.pdf>
Package pdftex.def Info: SubtreeMutation.pdf used on input line 1288.
(pdftex.def)             Requested size: 287.57367pt x 116.93657pt.

<PointMutation.pdf, id=1994, 597.23125pt x 190.7125pt>
File: PointMutation.pdf Graphic file (type pdf)
 <use PointMutation.pdf>
Package pdftex.def Info: PointMutation.pdf used on input line 1297.
(pdftex.def)             Requested size: 298.61488pt x 95.356pt.

<Reproduction.pdf, id=1995, 597.23125pt x 190.7125pt>
File: Reproduction.pdf Graphic file (type pdf)
 <use Reproduction.pdf>
Package pdftex.def Info: Reproduction.pdf used on input line 1307.
(pdftex.def)             Requested size: 298.61488pt x 95.356pt.

[134

 <./SubtreeMutation.pdf> <./PointMutation.pdf>] [135 <./Reproduction.pdf>]
[136] <DelayFeedbackAM.pdf, id=2053, 473.77pt x 338.26375pt>
File: DelayFeedbackAM.pdf Graphic file (type pdf)

<use DelayFeedbackAM.pdf>
Package pdftex.def Info: DelayFeedbackAM.pdf used on input line 1340.
(pdftex.def)             Requested size: 379.01651pt x 270.61136pt.

<FeedbackDelayAMTargetSTFT.png, id=2054, 1124.2pt x 680.5425pt>
File: FeedbackDelayAMTargetSTFT.png Graphic file (type png)

<use FeedbackDelayAMTargetSTFT.png>
Package pdftex.def Info: FeedbackDelayAMTargetSTFT.png used on input line 1349.

(pdftex.def)             Requested size: 430.00462pt x 260.30147pt.
 [137 <./DelayFeedbackAM.pdf>]
<AdaptiveDegrade.pdf, id=2068, 298.11375pt x 315.1775pt>
File: AdaptiveDegrade.pdf Graphic file (type pdf)

<use AdaptiveDegrade.pdf>
Package pdftex.def Info: AdaptiveDegrade.pdf used on input line 1358.
(pdftex.def)             Requested size: 238.49132pt x 252.14233pt.

<AdaptiveDownsamplingTargetSTFT.png, id=2069, 1125.20375pt x 686.565pt>
File: AdaptiveDownsamplingTargetSTFT.png Graphic file (type png)

<use AdaptiveDownsamplingTargetSTFT.png>
Package pdftex.def Info: AdaptiveDownsamplingTargetSTFT.png used on input line 
1366.
(pdftex.def)             Requested size: 430.00462pt x 262.37454pt.


LaTeX Warning: `!h' float specifier changed to `!ht'.


LaTeX Warning: `!h' float specifier changed to `!ht'.

<ClippingReverbSaw.pdf, id=2070, 342.27875pt x 416.55624pt>
File: ClippingReverbSaw.pdf Graphic file (type pdf)

<use ClippingReverbSaw.pdf>
Package pdftex.def Info: ClippingReverbSaw.pdf used on input line 1375.
(pdftex.def)             Requested size: 273.82335pt x 333.24544pt.


LaTeX Warning: `!h' float specifier changed to `!ht'.

[138 <./FeedbackDelayAMTargetSTFT.png>] [139 <./AdaptiveDegrade.pdf>] [140 <./A
daptiveDownsamplingTargetSTFT.png>] [141 <./ClippingReverbSaw.pdf>]
<ClippingReverbTargetSTFT.png, id=2105, 1115.16624pt x 677.53125pt>
File: ClippingReverbTargetSTFT.png Graphic file (type png)

<use ClippingReverbTargetSTFT.png>
Package pdftex.def Info: ClippingReverbTargetSTFT.png used on input line 1394.
(pdftex.def)             Requested size: 390.31404pt x 237.13948pt.
 [142

 <./ClippingReverbTargetSTFT.png>]
[143] [144] [145] [146]
<PieChartSelection.jpg, id=2122, 432.61626pt x 434.62375pt>
File: PieChartSelection.jpg Graphic file (type jpg)

<use PieChartSelection.jpg>
Package pdftex.def Info: PieChartSelection.jpg used on input line 1443.
(pdftex.def)             Requested size: 302.82932pt x 304.23454pt.
 [147 <./PieChartSelection.jpg>]
<RankSelection.pdf, id=2126, 436.63126pt x 572.1375pt>
File: RankSelection.pdf Graphic file (type pdf)
 <use RankSelection.pdf>
Package pdftex.def Info: RankSelection.pdf used on input line 1453.
(pdftex.def)             Requested size: 261.98077pt x 343.28514pt.


LaTeX Warning: `!h' float specifier changed to `!ht'.

<TournamentSelection.pdf, id=2127, 592.2125pt x 553.06625pt>
File: TournamentSelection.pdf Graphic file (type pdf)

<use TournamentSelection.pdf>
Package pdftex.def Info: TournamentSelection.pdf used on input line 1463.
(pdftex.def)             Requested size: 355.33023pt x 331.8423pt.


LaTeX Warning: `!h' float specifier changed to `!ht'.

[148] <DoubleTournamentSelection.pdf, id=2131, 458.71375pt x 556.0775pt>
File: DoubleTournamentSelection.pdf Graphic file (type pdf)

<use DoubleTournamentSelection.pdf>
Package pdftex.def Info: DoubleTournamentSelection.pdf used on input line 1475.

(pdftex.def)             Requested size: 321.09743pt x 389.25159pt.


LaTeX Warning: `!h' float specifier changed to `!ht'.

[149 <./RankSelection.pdf>] [150 <./TournamentSelection.pdf>] [151 <./DoubleTou
rnamentSelection.pdf>] [152] [153] [154] [155] [156] [157]
<EvolvingLionRoarTargetSTFT.png, id=2213, 1116.17pt x 683.55376pt>
File: EvolvingLionRoarTargetSTFT.png Graphic file (type png)

<use EvolvingLionRoarTargetSTFT.png>
Package pdftex.def Info: EvolvingLionRoarTargetSTFT.png used on input line 1552
.
(pdftex.def)             Requested size: 379.49278pt x 232.4052pt.


LaTeX Warning: `!h' float specifier changed to `!ht'.

<FreightTrainTargetSTFT.png, id=2214, 1117.17375pt x 682.55pt>
File: FreightTrainTargetSTFT.png Graphic file (type png)

<use FreightTrainTargetSTFT.png>
Package pdftex.def Info: FreightTrainTargetSTFT.png used on input line 1560.
(pdftex.def)             Requested size: 379.83406pt x 232.06393pt.


LaTeX Warning: `!h' float specifier changed to `!ht'.

<MetalGongTargetSTFT.png, id=2215, 1120.185pt x 684.5575pt>
File: MetalGongTargetSTFT.png Graphic file (type png)

<use MetalGongTargetSTFT.png>
Package pdftex.def Info: MetalGongTargetSTFT.png used on input line 1567.
(pdftex.def)             Requested size: 380.85786pt x 232.74646pt.

<EvolvingMetallicSynthTargetSTFT.png, id=2216, 1120.185pt x 687.56876pt>
File: EvolvingMetallicSynthTargetSTFT.png Graphic file (type png)

<use EvolvingMetallicSynthTargetSTFT.png>
Package pdftex.def Info: EvolvingMetallicSynthTargetSTFT.png used on input line
 1574.
(pdftex.def)             Requested size: 380.85786pt x 233.77028pt.


LaTeX Warning: `!h' float specifier changed to `!ht'.


LaTeX Warning: `!h' float specifier changed to `!ht'.

[158]

LaTeX Warning: Text page 159 contains only floats.

[159 <./EvolvingLionRoarTargetSTFT.png> <./FreightTrainTargetSTFT.png>]

LaTeX Warning: Text page 160 contains only floats.

[160 <./MetalGongTargetSTFT.png> <./EvolvingMetallicSynthTargetSTFT.png>]
<RandomAnalogReverbTargetSTFT.png, id=2226, 1123.19624pt x 682.55pt>
File: RandomAnalogReverbTargetSTFT.png Graphic file (type png)

<use RandomAnalogReverbTargetSTFT.png>
Package pdftex.def Info: RandomAnalogReverbTargetSTFT.png used on input line 15
84.
(pdftex.def)             Requested size: 381.88167pt x 232.06393pt.
 [161 <./RandomAnalogReverbTargetSTFT.png>]
Chapter V.
<GlobalTimeScaling.pdf, id=2231, 1086.0575pt x 678.535pt>
File: GlobalTimeScaling.pdf Graphic file (type pdf)

<use GlobalTimeScaling.pdf>
Package pdftex.def Info: GlobalTimeScaling.pdf used on input line 1602.
(pdftex.def)             Requested size: 543.02742pt x 339.26666pt.
 [162

] [163 <./GlobalTimeScaling.pdf>]
<SampleDeletion.pdf, id=2249, 1066.98625pt x 673.51625pt>
File: SampleDeletion.pdf Graphic file (type pdf)

<use SampleDeletion.pdf>
Package pdftex.def Info: SampleDeletion.pdf used on input line 1620.
(pdftex.def)             Requested size: 533.49182pt x 336.7573pt.


LaTeX Warning: `!h' float specifier changed to `!ht'.

[164] [165 <./SampleDeletion.pdf>]
<StableExtension.pdf, id=2266, 1090.0725pt x 677.53125pt>
File: StableExtension.pdf Graphic file (type pdf)

<use StableExtension.pdf>
Package pdftex.def Info: StableExtension.pdf used on input line 1641.
(pdftex.def)             Requested size: 545.03491pt x 338.76479pt.
 [166] [167 <./StableExtension.pdf>] [168]
<ContentIntroduction.pdf, id=2287, 1090.0725pt x 673.51625pt>
File: ContentIntroduction.pdf Graphic file (type pdf)

<use ContentIntroduction.pdf>
Package pdftex.def Info: ContentIntroduction.pdf used on input line 1662.
(pdftex.def)             Requested size: 545.03491pt x 336.7573pt.
 [169 <./ContentIntroduction.pdf>]
<ReorderedAudio.png, id=2301, 1102.1175pt x 687.56876pt>
File: ReorderedAudio.png Graphic file (type png)

<use ReorderedAudio.png>
Package pdftex.def Info: ReorderedAudio.png used on input line 1678.
(pdftex.def)             Requested size: 551.0574pt x 343.78354pt.
 [170] [171 <./ReorderedAudio.png>]
<RepetitionInsertion.pdf, id=2308, 1090.0725pt x 676.5275pt>
File: RepetitionInsertion.pdf Graphic file (type pdf)

<use RepetitionInsertion.pdf>
Package pdftex.def Info: RepetitionInsertion.pdf used on input line 1694.
(pdftex.def)             Requested size: 545.03491pt x 338.26291pt.
 [172 <./RepetitionInsertion.pdf>] [173] [174]
[175] <GOPS_Param2.pdf, id=2332, 2413.015pt x 3631.5675pt>
File: GOPS_Param2.pdf Graphic file (type pdf)

<use GOPS_Param2.pdf>
Package pdftex.def Info: GOPS_Param2.pdf used on input line 1733.
(pdftex.def)             Requested size: 361.93663pt x 544.71162pt.


LaTeX Warning: `!h' float specifier changed to `!ht'.

<GOPS_Param3.pdf, id=2333, 2388.925pt x 3605.47pt>
File: GOPS_Param3.pdf Graphic file (type pdf)
 <use GOPS_Param3.pdf>
Package pdftex.def Info: GOPS_Param3.pdf used on input line 1743.
(pdftex.def)             Requested size: 358.32329pt x 540.79718pt.


LaTeX Warning: `!h' float specifier changed to `!ht'.

<GOPS_Param4.pdf, id=2334, 2352.79pt x 3547.2525pt>
File: GOPS_Param4.pdf Graphic file (type pdf)
 <use GOPS_Param4.pdf>
Package pdftex.def Info: GOPS_Param4.pdf used on input line 1753.
(pdftex.def)             Requested size: 352.90327pt x 532.06493pt.

[176]

LaTeX Warning: Text page 177 contains only floats.


Overfull \vbox (3.5744pt too high) has occurred while \output is active []


[177 <./GOPS_Param2.pdf>]

LaTeX Warning: Text page 178 contains only floats.

[178 <./GOPS_Param3.pdf>]

LaTeX Warning: `!h' float specifier changed to `!ht'.

<GOPS_Param5.pdf, id=2411, 2352.79pt x 3543.2375pt>
File: GOPS_Param5.pdf Graphic file (type pdf)
 <use GOPS_Param5.pdf>
Package pdftex.def Info: GOPS_Param5.pdf used on input line 1763.
(pdftex.def)             Requested size: 352.90327pt x 531.4627pt.


LaTeX Warning: `!h' float specifier changed to `!ht'.

<GOPS_Param6.pdf, id=2412, 2358.8125pt x 3579.3725pt>
File: GOPS_Param6.pdf Graphic file (type pdf)
 <use GOPS_Param6.pdf>
Package pdftex.def Info: GOPS_Param6.pdf used on input line 1773.
(pdftex.def)             Requested size: 353.80661pt x 536.88272pt.


LaTeX Warning: `!h' float specifier changed to `!ht'.

<GOPS_Param7.pdf, id=2413, 2354.7975pt x 3555.2825pt>
File: GOPS_Param7.pdf Graphic file (type pdf)
 <use GOPS_Param7.pdf>
Package pdftex.def Info: GOPS_Param7.pdf used on input line 1783.
(pdftex.def)             Requested size: 353.20439pt x 533.26938pt.


LaTeX Warning: `!h' float specifier changed to `!ht'.

<GOPS_Table1.pdf, id=2414, 751.80875pt x 303.1325pt>
File: GOPS_Table1.pdf Graphic file (type pdf)
 <use GOPS_Table1.pdf>
Package pdftex.def Info: GOPS_Table1.pdf used on input line 1794.
(pdftex.def)             Requested size: 451.08871pt x 181.8809pt.

[179]

LaTeX Warning: Text page 180 contains only floats.

[180 <./GOPS_Param4.pdf>]

LaTeX Warning: Text page 181 contains only floats.

[181 <./GOPS_Param5.pdf>]

LaTeX Warning: Text page 182 contains only floats.

[182 <./GOPS_Param6.pdf>]

LaTeX Warning: Text page 183 contains only floats.

[183 <./GOPS_Param7.pdf>] <GOPS_Table2.pdf, id=2564, 796.9775pt x 312.16624pt>
File: GOPS_Table2.pdf Graphic file (type pdf)

<use GOPS_Table2.pdf>
Package pdftex.def Info: GOPS_Table2.pdf used on input line 1805.
(pdftex.def)             Requested size: 478.19019pt x 187.3012pt.


LaTeX Warning: `!h' float specifier changed to `!ht'.

[184 <./GOPS_Table1.pdf>] [185 <./GOPS_Table2.pdf>]
<ResourceLimTable1.pdf, id=2591, 755.82375pt x 636.3775pt>
File: ResourceLimTable1.pdf Graphic file (type pdf)

<use ResourceLimTable1.pdf>
Package pdftex.def Info: ResourceLimTable1.pdf used on input line 1822.
(pdftex.def)             Requested size: 453.49774pt x 381.82944pt.


LaTeX Warning: `!h' float specifier changed to `!ht'.

<ResourceLimTable2.pdf, id=2592, 770.88pt x 639.38875pt>
File: ResourceLimTable2.pdf Graphic file (type pdf)

<use ResourceLimTable2.pdf>
Package pdftex.def Info: ResourceLimTable2.pdf used on input line 1831.
(pdftex.def)             Requested size: 462.53157pt x 383.6362pt.


LaTeX Warning: `!h' float specifier changed to `!ht'.

[186] [187 <./ResourceLimTable1.pdf>] [188 <./ResourceLimTable2.pdf>]
<InitializationTable1.pdf, id=2623, 790.955pt x 378.41376pt>
File: InitializationTable1.pdf Graphic file (type pdf)

<use InitializationTable1.pdf>
Package pdftex.def Info: InitializationTable1.pdf used on input line 1859.
(pdftex.def)             Requested size: 474.57666pt x 227.05pt.
 [189]
<InitializationTable2.png, id=2627, 796.9775pt x 388.45125pt>
File: InitializationTable2.png Graphic file (type png)

<use InitializationTable2.png>
Package pdftex.def Info: InitializationTable2.png used on input line 1868.
(pdftex.def)             Requested size: 478.19019pt x 233.07254pt.


LaTeX Warning: `!h' float specifier changed to `!ht'.

[190 <./InitializationTable1.pdf>]
<NonStandardSelectionTable.png, id=2641, 798.985pt x 156.585pt>
File: NonStandardSelectionTable.png Graphic file (type png)

<use NonStandardSelectionTable.png>
Package pdftex.def Info: NonStandardSelectionTable.png used on input line 1883.

(pdftex.def)             Requested size: 479.3947pt x 93.95172pt.
 [191 <./InitializationTable2.png>] [192 <./NonStandardSelectionTable.png>]
<ExpansionRestrictionTable.pdf, id=2649, 800.9925pt x 170.6375pt>
File: ExpansionRestrictionTable.pdf Graphic file (type pdf)

<use ExpansionRestrictionTable.pdf>
Package pdftex.def Info: ExpansionRestrictionTable.pdf used on input line 1897.

(pdftex.def)             Requested size: 480.5992pt x 102.38327pt.
 [193 <./ExpansionRestrictionTable.pdf>]
File: DelayFeedbackAM.pdf Graphic file (type pdf)

<use DelayFeedbackAM.pdf>
Package pdftex.def Info: DelayFeedbackAM.pdf used on input line 1918.
(pdftex.def)             Requested size: 379.01651pt x 270.61136pt.
File: FeedbackDelayAMTargetSTFT.png Graphic file (type png)
 <use FeedbackDelayAMTargetSTFT.png>
Package pdftex.def Info: FeedbackDelayAMTargetSTFT.png used on input line 1926.

(pdftex.def)             Requested size: 393.47589pt x 238.19344pt.


LaTeX Warning: `!h' float specifier changed to `!ht'.

[194]

LaTeX Warning: `!h' float specifier changed to `!ht'.

<DelayFeedbackAM_Best.png, id=2666, 929.4725pt x 338.26375pt>
File: DelayFeedbackAM_Best.png Graphic file (type png)

<use DelayFeedbackAM_Best.png>
Package pdftex.def Info: DelayFeedbackAM_Best.png used on input line 1935.
(pdftex.def)             Requested size: 929.47025pt x 338.26291pt.


LaTeX Warning: Float too large for page by 16.31364pt on input line 1938.


LaTeX Warning: `!h' float specifier changed to `!ht'.

[195] [196] [197] [198 <./DelayFeedbackAM_Best.png>]
<FeedbackDelayAMBestOfRunSTFT.png, id=2680, 1127.21124pt x 677.53125pt>
File: FeedbackDelayAMBestOfRunSTFT.png Graphic file (type png)

<use FeedbackDelayAMBestOfRunSTFT.png>
Package pdftex.def Info: FeedbackDelayAMBestOfRunSTFT.png used on input line 19
51.
(pdftex.def)             Requested size: 394.52985pt x 237.13948pt.
File: AdaptiveDegrade.pdf Graphic file (type pdf)
 <use AdaptiveDegrade.pdf>
Package pdftex.def Info: AdaptiveDegrade.pdf used on input line 1959.
(pdftex.def)             Requested size: 238.49132pt x 252.14233pt.
File: AdaptiveDownsamplingTargetSTFT.png Graphic file (type png)

<use AdaptiveDownsamplingTargetSTFT.png>
Package pdftex.def Info: AdaptiveDownsamplingTargetSTFT.png used on input line 
1966.
(pdftex.def)             Requested size: 393.82721pt x 240.30135pt.


LaTeX Warning: `!h' float specifier changed to `!ht'.


LaTeX Warning: `!h' float specifier changed to `!ht'.

<AdaptiveDownsample_Best.png, id=2681, 436.63126pt x 352.31625pt>
File: AdaptiveDownsample_Best.png Graphic file (type png)

<use AdaptiveDownsample_Best.png>
Package pdftex.def Info: AdaptiveDownsample_Best.png used on input line 1976.
(pdftex.def)             Requested size: 430.00462pt x 346.97173pt.
 [199

 <./FeedbackDelayAMBestOfRunSTFT.png>]

LaTeX Warning: `!h' float specifier changed to `!ht'.

<AdaptiveDownsamplingBestOfRunSTFT.png, id=2685, 1121.18875pt x 676.5275pt>
File: AdaptiveDownsamplingBestOfRunSTFT.png Graphic file (type png)

<use AdaptiveDownsamplingBestOfRunSTFT.png>
Package pdftex.def Info: AdaptiveDownsamplingBestOfRunSTFT.png used on input li
ne 1984.
(pdftex.def)             Requested size: 369.99344pt x 223.25476pt.


LaTeX Warning: `!h' float specifier changed to `!ht'.

<AdaptiveDownsamplingBestOfRunSTFT2.png, id=2686, 1136.245pt x 682.55pt>
File: AdaptiveDownsamplingBestOfRunSTFT2.png Graphic file (type png)

<use AdaptiveDownsamplingBestOfRunSTFT2.png>
Package pdftex.def Info: AdaptiveDownsamplingBestOfRunSTFT2.png used on input l
ine 1993.
(pdftex.def)             Requested size: 374.962pt x 225.24219pt.


LaTeX Warning: `!h' float specifier changed to `!ht'.

[200] [201] [202 <./AdaptiveDownsample_Best.png>] [203 <./AdaptiveDownsamplingB
estOfRunSTFT.png> <./AdaptiveDownsamplingBestOfRunSTFT2.png>]
File: ClippingReverbSaw.pdf Graphic file (type pdf)

<use ClippingReverbSaw.pdf>
Package pdftex.def Info: ClippingReverbSaw.pdf used on input line 2013.
(pdftex.def)             Requested size: 273.82335pt x 333.24544pt.


LaTeX Warning: `!h' float specifier changed to `!ht'.

[204

] [205]
File: ClippingReverbTargetSTFT.png Graphic file (type png)
 <use ClippingReverbTargetSTFT.png>
Package pdftex.def Info: ClippingReverbTargetSTFT.png used on input line 2020.
(pdftex.def)             Requested size: 368.006pt x 223.586pt.

<ClippingReverb_Best.png, id=2706, 548.0475pt x 283.0575pt>
File: ClippingReverb_Best.png Graphic file (type png)

<use ClippingReverb_Best.png>
Package pdftex.def Info: ClippingReverb_Best.png used on input line 2027.
(pdftex.def)             Requested size: 430.00462pt x 222.09264pt.

<ClippingReverbBestOfRunSTFT.png, id=2707, 1119.18124pt x 679.53876pt>
File: ClippingReverbBestOfRunSTFT.png Graphic file (type png)

<use ClippingReverbBestOfRunSTFT.png>
Package pdftex.def Info: ClippingReverbBestOfRunSTFT.png used on input line 203
3.
(pdftex.def)             Requested size: 369.33095pt x 224.24849pt.


LaTeX Warning: `!h' float specifier changed to `!ht'.

[206

 <./ClippingReverb_Best.png>] [207 <./ClippingReverbBestOfRunSTFT.png>]
<Lion_Best.png, id=2715, 828.09375pt x 331.2375pt>
File: Lion_Best.png Graphic file (type png)
 <use Lion_Best.png>
Package pdftex.def Info: Lion_Best.png used on input line 2054.
(pdftex.def)             Requested size: 828.09174pt x 331.23668pt.


LaTeX Warning: Float too large for page by 3.14294pt on input line 2057.

<EvolvingLionRoarBestOfRunSTFT.png, id=2716, 1124.2pt x 678.535pt>
File: EvolvingLionRoarBestOfRunSTFT.png Graphic file (type png)

<use EvolvingLionRoarBestOfRunSTFT.png>
Package pdftex.def Info: EvolvingLionRoarBestOfRunSTFT.png used on input line 2
060.
(pdftex.def)             Requested size: 393.47589pt x 237.4908pt.
File: EvolvingLionRoarTargetSTFT.png Graphic file (type png)
 <use EvolvingLionRoarTargetSTFT.png>
Package pdftex.def Info: EvolvingLionRoarTargetSTFT.png used on input line 2068
.
(pdftex.def)             Requested size: 390.66536pt x 239.24739pt.


LaTeX Warning: `!h' float specifier changed to `!ht'.


LaTeX Warning: `!h' float specifier changed to `!ht'.


LaTeX Warning: `!h' float specifier changed to `!ht'.

[208] [209 <./Lion_Best.png>] [210 <./EvolvingLionRoarBestOfRunSTFT.png>]
<FreightTrain_Best.png, id=2727, 1084.05pt x 311.1625pt>
File: FreightTrain_Best.png Graphic file (type png)

<use FreightTrain_Best.png>
Package pdftex.def Info: FreightTrain_Best.png used on input line 2083.
(pdftex.def)             Requested size: 1084.04736pt x 311.16174pt.


LaTeX Warning: Float too large for page by 3.75589pt on input line 2086.

<FreightTrainBestOfRunSTFT.png, id=2728, 1124.2pt x 685.56125pt>
File: FreightTrainBestOfRunSTFT.png Graphic file (type png)

<use FreightTrainBestOfRunSTFT.png>
Package pdftex.def Info: FreightTrainBestOfRunSTFT.png used on input line 2089.

(pdftex.def)             Requested size: 382.22295pt x 233.08774pt.
File: FreightTrainTargetSTFT.png Graphic file (type png)
 <use FreightTrainTargetSTFT.png>
Package pdftex.def Info: FreightTrainTargetSTFT.png used on input line 2097.
(pdftex.def)             Requested size: 379.83406pt x 232.06393pt.


LaTeX Warning: `!h' float specifier changed to `!ht'.


LaTeX Warning: `!h' float specifier changed to `!ht'.


LaTeX Warning: `!h' float specifier changed to `!ht'.

[211

] [212 <./FreightTrain_Best.png>] [213 <./FreightTrainBestOfRunSTFT.png>]
[214

] <MetalGong_Best.png, id=2741, 1144.275pt x 493.845pt>
File: MetalGong_Best.png Graphic file (type png)

<use MetalGong_Best.png>
Package pdftex.def Info: MetalGong_Best.png used on input line 2115.
(pdftex.def)             Requested size: 1144.2722pt x 493.84378pt.


LaTeX Warning: Float too large for page by 0.74629pt on input line 2118.

<MetalGongBestOfRunSTFT.png, id=2742, 1121.18875pt x 684.5575pt>
File: MetalGongBestOfRunSTFT.png Graphic file (type png)

<use MetalGongBestOfRunSTFT.png>
Package pdftex.def Info: MetalGongBestOfRunSTFT.png used on input line 2121.
(pdftex.def)             Requested size: 381.19913pt x 232.74646pt.
File: MetalGongTargetSTFT.png Graphic file (type png)
 <use MetalGongTargetSTFT.png>
Package pdftex.def Info: MetalGongTargetSTFT.png used on input line 2129.
(pdftex.def)             Requested size: 380.85786pt x 232.74646pt.


LaTeX Warning: `!h' float specifier changed to `!ht'.


LaTeX Warning: `!h' float specifier changed to `!ht'.


LaTeX Warning: `!h' float specifier changed to `!ht'.

[215] [216 <./MetalGong_Best.png>] [217 <./MetalGongBestOfRunSTFT.png>]
<MetallicSynth_Best.png, id=2753, 430.60875pt x 273.02pt>
File: MetallicSynth_Best.png Graphic file (type png)

<use MetallicSynth_Best.png>
Package pdftex.def Info: MetallicSynth_Best.png used on input line 2143.
(pdftex.def)             Requested size: 430.00462pt x 272.6444pt.

<EvolvingMetallicSynthBestOfRun.png, id=2754, 1116.17pt x 682.55pt>
File: EvolvingMetallicSynthBestOfRun.png Graphic file (type png)

<use EvolvingMetallicSynthBestOfRun.png>
Package pdftex.def Info: EvolvingMetallicSynthBestOfRun.png used on input line 
2150.
(pdftex.def)             Requested size: 379.49278pt x 232.06393pt.


LaTeX Warning: `!h' float specifier changed to `!ht'.

File: EvolvingMetallicSynthTargetSTFT.png Graphic file (type png)
<use EvolvingMetallicSynthTargetSTFT.png>
Package pdftex.def Info: EvolvingMetallicSynthTargetSTFT.png used on input line
 2159.
(pdftex.def)             Requested size: 380.85786pt x 233.77028pt.


LaTeX Warning: `!h' float specifier changed to `!ht'.

[218

 <./MetallicSynth_Best.png>] [219 <./EvolvingMetallicSynthBestOfRun.png>]
<RandomAnalog_Best.png, id=2761, 774.895pt x 603.25375pt>
File: RandomAnalog_Best.png Graphic file (type png)

<use RandomAnalog_Best.png>
Package pdftex.def Info: RandomAnalog_Best.png used on input line 2175.
(pdftex.def)             Requested size: 774.89311pt x 603.25227pt.

<RandomAnalogReverbBestOfRunSTFT.png, id=2762, 1120.185pt x 684.5575pt>
File: RandomAnalogReverbBestOfRunSTFT.png Graphic file (type png)

<use RandomAnalogReverbBestOfRunSTFT.png>
Package pdftex.def Info: RandomAnalogReverbBestOfRunSTFT.png used on input line
 2181.
(pdftex.def)             Requested size: 358.46652pt x 219.06287pt.


LaTeX Warning: `!h' float specifier changed to `!ht'.


LaTeX Warning: `!h' float specifier changed to `!ht'.

File: RandomAnalogReverbTargetSTFT.png Graphic file (type png)
<use RandomAnalogReverbTargetSTFT.png>
Package pdftex.def Info: RandomAnalogReverbTargetSTFT.png used on input line 21
90.
(pdftex.def)             Requested size: 359.43015pt x 218.42046pt.


LaTeX Warning: `!h' float specifier changed to `!ht'.

[220

]

LaTeX Warning: Text page 221 contains only floats.

[221 <./RandomAnalog_Best.png>]

LaTeX Warning: Text page 222 contains only floats.

[222 <./RandomAnalogReverbBestOfRunSTFT.png>] [223]
Chapter VI.
[224

] [225] [226] [227] [228] (./Dissertation.bbl [229

] [230] [231] [232]
[233] [234] [235] [236] [237]) [238] (./Dissertation.aux) ) 
Here is how much of TeX's memory you used:
 5503 strings out of 493315
 86100 string characters out of 6137904
 148161 words of memory out of 5000000
 8743 multiletter control sequences out of 15000+600000
 15524 words of font info for 40 fonts, out of 8000000 for 9000
 957 hyphenation exceptions out of 8191
 38i,12n,30p,2374b,747s stack positions out of 5000i,500n,10000p,200000b,80000s
{/usr/local/texlive/
2013/texmf-dist/fonts/enc/dvips/base/8r.enc}</usr/local/texlive/2013/texmf-dist
/fonts/type1/public/amsfonts/cm/cmex10.pfb></usr/local/texlive/2013/texmf-dist/
fonts/type1/public/amsfonts/cm/cmmi10.pfb></usr/local/texlive/2013/texmf-dist/f
onts/type1/public/amsfonts/cm/cmmi12.pfb></usr/local/texlive/2013/texmf-dist/fo
nts/type1/public/amsfonts/cm/cmmi5.pfb></usr/local/texlive/2013/texmf-dist/font
s/type1/public/amsfonts/cm/cmmi6.pfb></usr/local/texlive/2013/texmf-dist/fonts/
type1/public/amsfonts/cm/cmmi7.pfb></usr/local/texlive/2013/texmf-dist/fonts/ty
pe1/public/amsfonts/cm/cmmi8.pfb></usr/local/texlive/2013/texmf-dist/fonts/type
1/public/amsfonts/cm/cmr10.pfb></usr/local/texlive/2013/texmf-dist/fonts/type1/
public/amsfonts/cm/cmr12.pfb></usr/local/texlive/2013/texmf-dist/fonts/type1/pu
blic/amsfonts/cm/cmr6.pfb></usr/local/texlive/2013/texmf-dist/fonts/type1/publi
c/amsfonts/cm/cmr7.pfb></usr/local/texlive/2013/texmf-dist/fonts/type1/public/a
msfonts/cm/cmr8.pfb></usr/local/texlive/2013/texmf-dist/fonts/type1/public/amsf
onts/cm/cmsy10.pfb></usr/local/texlive/2013/texmf-dist/fonts/type1/public/amsfo
nts/cm/cmsy6.pfb></usr/local/texlive/2013/texmf-dist/fonts/type1/public/amsfont
s/cm/cmsy7.pfb></usr/local/texlive/2013/texmf-dist/fonts/type1/public/amsfonts/
cm/cmsy8.pfb></usr/local/texlive/2013/texmf-dist/fonts/type1/urw/times/utmb8a.p
fb></usr/local/texlive/2013/texmf-dist/fonts/type1/urw/times/utmr8a.pfb></usr/l
ocal/texlive/2013/texmf-dist/fonts/type1/urw/times/utmri8a.pfb>
Output written on Dissertation.pdf (251 pages, 34497524 bytes).
PDF statistics:
 2878 PDF objects out of 2984 (max. 8388607)
 1973 compressed objects within 20 object streams
 0 named destinations out of 1000 (max. 500000)
 546 words of extra memory for PDF output out of 10000 (max. 10000000)

