This is pdfTeX, Version 3.1415926-2.5-1.40.14 (TeX Live 2013) (format=pdflatex 2013.5.30)  30 MAR 2014 14:18
entering extended mode
 restricted \write18 enabled.
 file:line:error style messages enabled.
 %&-line parsing enabled.
**Dissertation.tex
(./Dissertation.tex
LaTeX2e <2011/06/27>
Babel <3.9f> and hyphenation patterns for 78 languages loaded.
(/usr/local/texlive/2013/texmf-dist/tex/latex/base/report.cls
Document Class: report 2007/10/19 v1.4h Standard LaTeX document class
(/usr/local/texlive/2013/texmf-dist/tex/latex/base/size12.clo
File: size12.clo 2007/10/19 v1.4h Standard LaTeX file (size option)
)
\c@part=\count79
\c@chapter=\count80
\c@section=\count81
\c@subsection=\count82
\c@subsubsection=\count83
\c@paragraph=\count84
\c@subparagraph=\count85
\c@figure=\count86
\c@table=\count87
\abovecaptionskip=\skip41
\belowcaptionskip=\skip42
\bibindent=\dimen102
)
(/usr/local/texlive/2013/texmf-dist/tex/latex/anysize/anysize.sty
Package: anysize 1994/08/13 setting margin sizes

document style option `anysize' loaded
Michael Salzenberg, Thomas Esser, Dirk Hillbrecht
Version 1.0, Aug 13, 1994
\@Leftmargin=\dimen103
\@Rightmargin=\dimen104
\@Topmargin=\dimen105
\@Bottommargin=\dimen106
) (/usr/local/texlive/2013/texmf-dist/tex/latex/tools/indentfirst.sty
Package: indentfirst 1995/11/23 v1.03 Indent first paragraph (DPC)
)
(./apacite.sty
Package: apacite 2009/03/01 v4.05 APA citation
\c@BibCnt=\count88
\bibleftmargin=\skip43
\bibindent=\skip44
\bibparsep=\skip45
\bibitemsep=\skip46
)
(/usr/local/texlive/2013/texmf-dist/tex/latex/graphics/graphicx.sty
Package: graphicx 1999/02/16 v1.0f Enhanced LaTeX Graphics (DPC,SPQR)

(/usr/local/texlive/2013/texmf-dist/tex/latex/graphics/keyval.sty
Package: keyval 1999/03/16 v1.13 key=value parser (DPC)
\KV@toks@=\toks14
)
(/usr/local/texlive/2013/texmf-dist/tex/latex/graphics/graphics.sty
Package: graphics 2009/02/05 v1.0o Standard LaTeX Graphics (DPC,SPQR)

(/usr/local/texlive/2013/texmf-dist/tex/latex/graphics/trig.sty
Package: trig 1999/03/16 v1.09 sin cos tan (DPC)
)
(/usr/local/texlive/2013/texmf-dist/tex/latex/latexconfig/graphics.cfg
File: graphics.cfg 2010/04/23 v1.9 graphics configuration of TeX Live
)
Package graphics Info: Driver file: pdftex.def on input line 91.

(/usr/local/texlive/2013/texmf-dist/tex/latex/pdftex-def/pdftex.def
File: pdftex.def 2011/05/27 v0.06d Graphics/color for pdfTeX

(/usr/local/texlive/2013/texmf-dist/tex/generic/oberdiek/infwarerr.sty
Package: infwarerr 2010/04/08 v1.3 Providing info/warning/error messages (HO)
)
(/usr/local/texlive/2013/texmf-dist/tex/generic/oberdiek/ltxcmds.sty
Package: ltxcmds 2011/11/09 v1.22 LaTeX kernel commands for general use (HO)
)
\Gread@gobject=\count89
))
\Gin@req@height=\dimen107
\Gin@req@width=\dimen108
)
(/usr/local/texlive/2013/texmf-dist/tex/latex/psnfss/times.sty
Package: times 2005/04/12 PSNFSS-v9.2a (SPQR) 
)
(/usr/local/texlive/2013/texmf-dist/tex/latex/mh/mathtools.sty
Package: mathtools 2013/02/12 v1.13 mathematical typesetting tools

(/usr/local/texlive/2013/texmf-dist/tex/latex/tools/calc.sty
Package: calc 2007/08/22 v4.3 Infix arithmetic (KKT,FJ)
\calc@Acount=\count90
\calc@Bcount=\count91
\calc@Adimen=\dimen109
\calc@Bdimen=\dimen110
\calc@Askip=\skip47
\calc@Bskip=\skip48
LaTeX Info: Redefining \setlength on input line 76.
LaTeX Info: Redefining \addtolength on input line 77.
\calc@Ccount=\count92
\calc@Cskip=\skip49
)
(/usr/local/texlive/2013/texmf-dist/tex/latex/mh/mhsetup.sty
Package: mhsetup 2010/01/21 v1.2a programming setup (MH)
)
(/usr/local/texlive/2013/texmf-dist/tex/latex/amsmath/amsmath.sty
Package: amsmath 2013/01/14 v2.14 AMS math features
\@mathmargin=\skip50

For additional information on amsmath, use the `?' option.
(/usr/local/texlive/2013/texmf-dist/tex/latex/amsmath/amstext.sty
Package: amstext 2000/06/29 v2.01

(/usr/local/texlive/2013/texmf-dist/tex/latex/amsmath/amsgen.sty
File: amsgen.sty 1999/11/30 v2.0
\@emptytoks=\toks15
\ex@=\dimen111
))
(/usr/local/texlive/2013/texmf-dist/tex/latex/amsmath/amsbsy.sty
Package: amsbsy 1999/11/29 v1.2d
\pmbraise@=\dimen112
)
(/usr/local/texlive/2013/texmf-dist/tex/latex/amsmath/amsopn.sty
Package: amsopn 1999/12/14 v2.01 operator names
)
\inf@bad=\count93
LaTeX Info: Redefining \frac on input line 210.
\uproot@=\count94
\leftroot@=\count95
LaTeX Info: Redefining \overline on input line 306.
\classnum@=\count96
\DOTSCASE@=\count97
LaTeX Info: Redefining \ldots on input line 378.
LaTeX Info: Redefining \dots on input line 381.
LaTeX Info: Redefining \cdots on input line 466.
\Mathstrutbox@=\box26
\strutbox@=\box27
\big@size=\dimen113
LaTeX Font Info:    Redeclaring font encoding OML on input line 566.
LaTeX Font Info:    Redeclaring font encoding OMS on input line 567.
\macc@depth=\count98
\c@MaxMatrixCols=\count99
\dotsspace@=\muskip10
\c@parentequation=\count100
\dspbrk@lvl=\count101
\tag@help=\toks16
\row@=\count102
\column@=\count103
\maxfields@=\count104
\andhelp@=\toks17
\eqnshift@=\dimen114
\alignsep@=\dimen115
\tagshift@=\dimen116
\tagwidth@=\dimen117
\totwidth@=\dimen118
\lineht@=\dimen119
\@envbody=\toks18
\multlinegap=\skip51
\multlinetaggap=\skip52
\mathdisplay@stack=\toks19
LaTeX Info: Redefining \[ on input line 2665.
LaTeX Info: Redefining \] on input line 2666.
)
LaTeX Info: Thecontrolsequence`\['isalreadyrobust on input line 129.
LaTeX Info: Thecontrolsequence`\]'isalreadyrobust on input line 129.
\g_MT_multlinerow_int=\count105
\l_MT_multwidth_dim=\dimen120
\origjot=\skip53
\l_MT_shortvdotswithinadjustabove_dim=\dimen121
\l_MT_shortvdotswithinadjustbelow_dim=\dimen122
\l_MT_above_intertext_sep=\dimen123
\l_MT_below_intertext_sep=\dimen124
\l_MT_above_shortintertext_sep=\dimen125
\l_MT_below_shortintertext_sep=\dimen126
)
(/usr/local/texlive/2013/texmf-dist/tex/latex/base/textcomp.sty
Package: textcomp 2005/09/27 v1.99g Standard LaTeX package
Package textcomp Info: Sub-encoding information:
(textcomp)               5 = only ISO-Adobe without \textcurrency
(textcomp)               4 = 5 + \texteuro
(textcomp)               3 = 4 + \textohm
(textcomp)               2 = 3 + \textestimated + \textcurrency
(textcomp)               1 = TS1 - \textcircled - \t
(textcomp)               0 = TS1 (full)
(textcomp)             Font families with sub-encoding setting implement
(textcomp)             only a restricted character set as indicated.
(textcomp)             Family '?' is the default used for unknown fonts.
(textcomp)             See the documentation for details.
Package textcomp Info: Setting ? sub-encoding to TS1/1 on input line 71.

(/usr/local/texlive/2013/texmf-dist/tex/latex/base/ts1enc.def
File: ts1enc.def 2001/06/05 v3.0e (jk/car/fm) Standard LaTeX file
)
LaTeX Info: Redefining \oldstylenums on input line 266.
Package textcomp Info: Setting cmr sub-encoding to TS1/0 on input line 281.
Package textcomp Info: Setting cmss sub-encoding to TS1/0 on input line 282.
Package textcomp Info: Setting cmtt sub-encoding to TS1/0 on input line 283.
Package textcomp Info: Setting cmvtt sub-encoding to TS1/0 on input line 284.
Package textcomp Info: Setting cmbr sub-encoding to TS1/0 on input line 285.
Package textcomp Info: Setting cmtl sub-encoding to TS1/0 on input line 286.
Package textcomp Info: Setting ccr sub-encoding to TS1/0 on input line 287.
Package textcomp Info: Setting ptm sub-encoding to TS1/4 on input line 288.
Package textcomp Info: Setting pcr sub-encoding to TS1/4 on input line 289.
Package textcomp Info: Setting phv sub-encoding to TS1/4 on input line 290.
Package textcomp Info: Setting ppl sub-encoding to TS1/3 on input line 291.
Package textcomp Info: Setting pag sub-encoding to TS1/4 on input line 292.
Package textcomp Info: Setting pbk sub-encoding to TS1/4 on input line 293.
Package textcomp Info: Setting pnc sub-encoding to TS1/4 on input line 294.
Package textcomp Info: Setting pzc sub-encoding to TS1/4 on input line 295.
Package textcomp Info: Setting bch sub-encoding to TS1/4 on input line 296.
Package textcomp Info: Setting put sub-encoding to TS1/5 on input line 297.
Package textcomp Info: Setting uag sub-encoding to TS1/5 on input line 298.
Package textcomp Info: Setting ugq sub-encoding to TS1/5 on input line 299.
Package textcomp Info: Setting ul8 sub-encoding to TS1/4 on input line 300.
Package textcomp Info: Setting ul9 sub-encoding to TS1/4 on input line 301.
Package textcomp Info: Setting augie sub-encoding to TS1/5 on input line 302.
Package textcomp Info: Setting dayrom sub-encoding to TS1/3 on input line 303.
Package textcomp Info: Setting dayroms sub-encoding to TS1/3 on input line 304.

Package textcomp Info: Setting pxr sub-encoding to TS1/0 on input line 305.
Package textcomp Info: Setting pxss sub-encoding to TS1/0 on input line 306.
Package textcomp Info: Setting pxtt sub-encoding to TS1/0 on input line 307.
Package textcomp Info: Setting txr sub-encoding to TS1/0 on input line 308.
Package textcomp Info: Setting txss sub-encoding to TS1/0 on input line 309.
Package textcomp Info: Setting txtt sub-encoding to TS1/0 on input line 310.
Package textcomp Info: Setting lmr sub-encoding to TS1/0 on input line 311.
Package textcomp Info: Setting lmdh sub-encoding to TS1/0 on input line 312.
Package textcomp Info: Setting lmss sub-encoding to TS1/0 on input line 313.
Package textcomp Info: Setting lmssq sub-encoding to TS1/0 on input line 314.
Package textcomp Info: Setting lmvtt sub-encoding to TS1/0 on input line 315.
Package textcomp Info: Setting qhv sub-encoding to TS1/0 on input line 316.
Package textcomp Info: Setting qag sub-encoding to TS1/0 on input line 317.
Package textcomp Info: Setting qbk sub-encoding to TS1/0 on input line 318.
Package textcomp Info: Setting qcr sub-encoding to TS1/0 on input line 319.
Package textcomp Info: Setting qcs sub-encoding to TS1/0 on input line 320.
Package textcomp Info: Setting qpl sub-encoding to TS1/0 on input line 321.
Package textcomp Info: Setting qtm sub-encoding to TS1/0 on input line 322.
Package textcomp Info: Setting qzc sub-encoding to TS1/0 on input line 323.
Package textcomp Info: Setting qhvc sub-encoding to TS1/0 on input line 324.
Package textcomp Info: Setting futs sub-encoding to TS1/4 on input line 325.
Package textcomp Info: Setting futx sub-encoding to TS1/4 on input line 326.
Package textcomp Info: Setting futj sub-encoding to TS1/4 on input line 327.
Package textcomp Info: Setting hlh sub-encoding to TS1/3 on input line 328.
Package textcomp Info: Setting hls sub-encoding to TS1/3 on input line 329.
Package textcomp Info: Setting hlst sub-encoding to TS1/3 on input line 330.
Package textcomp Info: Setting hlct sub-encoding to TS1/5 on input line 331.
Package textcomp Info: Setting hlx sub-encoding to TS1/5 on input line 332.
Package textcomp Info: Setting hlce sub-encoding to TS1/5 on input line 333.
Package textcomp Info: Setting hlcn sub-encoding to TS1/5 on input line 334.
Package textcomp Info: Setting hlcw sub-encoding to TS1/5 on input line 335.
Package textcomp Info: Setting hlcf sub-encoding to TS1/5 on input line 336.
Package textcomp Info: Setting pplx sub-encoding to TS1/3 on input line 337.
Package textcomp Info: Setting pplj sub-encoding to TS1/3 on input line 338.
Package textcomp Info: Setting ptmx sub-encoding to TS1/4 on input line 339.
Package textcomp Info: Setting ptmj sub-encoding to TS1/4 on input line 340.
)
(/usr/local/texlive/2013/texmf-dist/tex/latex/tools/afterpage.sty
Package: afterpage 1995/10/27 v1.08 After-Page Package (DPC)
\AP@output=\toks20
\AP@partial=\box28
\AP@footins=\box29
)
(./Dissertation.aux)
\openout1 = `Dissertation.aux'.

LaTeX Font Info:    Checking defaults for OML/cmm/m/it on input line 23.
LaTeX Font Info:    ... okay on input line 23.
LaTeX Font Info:    Checking defaults for T1/cmr/m/n on input line 23.
LaTeX Font Info:    ... okay on input line 23.
LaTeX Font Info:    Checking defaults for OT1/cmr/m/n on input line 23.
LaTeX Font Info:    ... okay on input line 23.
LaTeX Font Info:    Checking defaults for OMS/cmsy/m/n on input line 23.
LaTeX Font Info:    ... okay on input line 23.
LaTeX Font Info:    Checking defaults for OMX/cmex/m/n on input line 23.
LaTeX Font Info:    ... okay on input line 23.
LaTeX Font Info:    Checking defaults for U/cmr/m/n on input line 23.
LaTeX Font Info:    ... okay on input line 23.
LaTeX Font Info:    Checking defaults for TS1/cmr/m/n on input line 23.
LaTeX Font Info:    Try loading font information for TS1+cmr on input line 23.

(/usr/local/texlive/2013/texmf-dist/tex/latex/base/ts1cmr.fd
File: ts1cmr.fd 1999/05/25 v2.5h Standard LaTeX font definitions
)
LaTeX Font Info:    ... okay on input line 23.
LaTeX Font Info:    Try loading font information for OT1+ptm on input line 23.

(/usr/local/texlive/2013/texmf-dist/tex/latex/psnfss/ot1ptm.fd
File: ot1ptm.fd 2001/06/04 font definitions for OT1/ptm.
)
(/usr/local/texlive/2013/texmf-dist/tex/latex/apacite/english.apc
File: english.apc 2012/02/25 v6.01 apacite language file


/usr/local/texlive/2013/texmf-dist/tex/latex/apacite/english.apc:55: LaTeX Erro
r: \onemaskedcitationmsg undefined.

See the LaTeX manual or LaTeX Companion for explanation.
Type  H <return>  for immediate help.
 ...                                              
                                                  
l.55 \renewcommand{\onemaskedcitationmsg}
                                         [1]{%
? 

/usr/local/texlive/2013/texmf-dist/tex/latex/apacite/english.apc:57: LaTeX Erro
r: \maskedcitationsmsg undefined.

See the LaTeX manual or LaTeX Companion for explanation.
Type  H <return>  for immediate help.
 ...                                              
                                                  
l.57 \renewcommand{\maskedcitationsmsg}
                                       [1]{%
? 

/usr/local/texlive/2013/texmf-dist/tex/latex/apacite/english.apc:118: LaTeX Err
or: \BRetrievedFrom undefined.

See the LaTeX manual or LaTeX Companion for explanation.
Type  H <return>  for immediate help.
 ...                                              
                                                  
l.118 \renewcommand{\BRetrievedFrom}
                                    {Retrieved from\ }% Websites; note the s...

? 
LaTeX Info: Redefining \BPBI on input line 129.
LaTeX Info: Redefining \BHBI on input line 130.
) (/usr/local/texlive/2013/texmf-dist/tex/context/base/supp-pdf.mkii
[Loading MPS to PDF converter (version 2006.09.02).]
\scratchcounter=\count106
\scratchdimen=\dimen127
\scratchbox=\box30
\nofMPsegments=\count107
\nofMParguments=\count108
\everyMPshowfont=\toks21
\MPscratchCnt=\count109
\MPscratchDim=\dimen128
\MPnumerator=\count110
\makeMPintoPDFobject=\count111
\everyMPtoPDFconversion=\toks22
) (/usr/local/texlive/2013/texmf-dist/tex/generic/oberdiek/pdftexcmds.sty
Package: pdftexcmds 2011/11/29 v0.20 Utility functions of pdfTeX for LuaTeX (HO
)

(/usr/local/texlive/2013/texmf-dist/tex/generic/oberdiek/ifluatex.sty
Package: ifluatex 2010/03/01 v1.3 Provides the ifluatex switch (HO)
Package ifluatex Info: LuaTeX not detected.
)
(/usr/local/texlive/2013/texmf-dist/tex/generic/oberdiek/ifpdf.sty
Package: ifpdf 2011/01/30 v2.3 Provides the ifpdf switch (HO)
Package ifpdf Info: pdfTeX in PDF mode is detected.
)
Package pdftexcmds Info: LuaTeX not detected.
Package pdftexcmds Info: \pdf@primitive is available.
Package pdftexcmds Info: \pdf@ifprimitive is available.
Package pdftexcmds Info: \pdfdraftmode found.
)
(/usr/local/texlive/2013/texmf-dist/tex/latex/oberdiek/epstopdf-base.sty
Package: epstopdf-base 2010/02/09 v2.5 Base part for package epstopdf

(/usr/local/texlive/2013/texmf-dist/tex/latex/oberdiek/grfext.sty
Package: grfext 2010/08/19 v1.1 Manage graphics extensions (HO)

(/usr/local/texlive/2013/texmf-dist/tex/generic/oberdiek/kvdefinekeys.sty
Package: kvdefinekeys 2011/04/07 v1.3 Define keys (HO)
))
(/usr/local/texlive/2013/texmf-dist/tex/latex/oberdiek/kvoptions.sty
Package: kvoptions 2011/06/30 v3.11 Key value format for package options (HO)

(/usr/local/texlive/2013/texmf-dist/tex/generic/oberdiek/kvsetkeys.sty
Package: kvsetkeys 2012/04/25 v1.16 Key value parser (HO)

(/usr/local/texlive/2013/texmf-dist/tex/generic/oberdiek/etexcmds.sty
Package: etexcmds 2011/02/16 v1.5 Avoid name clashes with e-TeX commands (HO)
Package etexcmds Info: Could not find \expanded.
(etexcmds)             That can mean that you are not using pdfTeX 1.50 or
(etexcmds)             that some package has redefined \expanded.
(etexcmds)             In the latter case, load this package earlier.
)))
Package grfext Info: Graphics extension search list:
(grfext)             [.png,.pdf,.jpg,.mps,.jpeg,.jbig2,.jb2,.PNG,.PDF,.JPG,.JPE
G,.JBIG2,.JB2,.eps]
(grfext)             \AppendGraphicsExtensions on input line 452.

(/usr/local/texlive/2013/texmf-dist/tex/latex/latexconfig/epstopdf-sys.cfg
File: epstopdf-sys.cfg 2010/07/13 v1.3 Configuration of (r)epstopdf for TeX Liv
e
))
[1

{/usr/local/texlive/2013/texmf-var/fonts/map/pdftex/updmap/pdftex.map}]
LaTeX Font Info:    Font shape `OT1/ptm/bx/n' in size <12> not available
(Font)              Font shape `OT1/ptm/b/n' tried instead on input line 53.

[1]
Overfull \hbox (1.01619pt too wide) in paragraph at lines 77--78
[]\OT1/ptm/m/n/12 My ad-vi-sor Prof. Robert Rowe for pro-vid-ing me with the ap
-pro-pri-ate amount
 []


Overfull \hbox (4.62808pt too wide) in paragraph at lines 93--94
[]\OT1/ptm/m/n/12 Most im-por-tantly, my wife Lau-ren, and my chil-dren Henry, 
Jack, and Charles.
 []

[2] [3]
LaTeX Font Info:    Font shape `OT1/ptm/bx/n' in size <24.88> not available
(Font)              Font shape `OT1/ptm/b/n' tried instead on input line 111.
 (./Dissertation.toc [4

] [5] [6])
\tf@toc=\write3
\openout3 = `Dissertation.toc'.

 [7] (./Dissertation.lof [8

]
LaTeX Font Info:    Try loading font information for TS1+ptm on input line 30.

(/usr/local/texlive/2013/texmf-dist/tex/latex/psnfss/ts1ptm.fd
File: ts1ptm.fd 2001/06/04 font definitions for TS1/ptm.
) [9] [10]
[11] [12] [13])
\tf@lof=\write4
\openout4 = `Dissertation.lof'.

 [14] (./Dissertation.lot)
\tf@lot=\write5
\openout5 = `Dissertation.lot'.

\QuarterPage=\skip54
 [15

]
Chapter 1.
[1

] [2]
LaTeX Font Info:    Font shape `OT1/ptm/bx/n' in size <17.28> not available
(Font)              Font shape `OT1/ptm/b/n' tried instead on input line 147.
 [3] [4] [5] [6] [7] [8]
Chapter 2.
[9

] [10] <SubtractiveVsAdditive.pdf, id=90, 776.9025pt x 313.17pt>
File: SubtractiveVsAdditive.pdf Graphic file (type pdf)

<use SubtractiveVsAdditive.pdf>
Package pdftex.def Info: SubtractiveVsAdditive.pdf used on input line 197.
(pdftex.def)             Requested size: 349.60289pt x 140.92519pt.
 [11] [12 <./SubtractiveVsAdditive.pdf>]
[13] [14] [15] [16] [17] [18]
<SynthesisTechniqueTaxonomy.pdf, id=132, 572.1375pt x 309.155pt>
File: SynthesisTechniqueTaxonomy.pdf Graphic file (type pdf)

<use SynthesisTechniqueTaxonomy.pdf>
Package pdftex.def Info: SynthesisTechniqueTaxonomy.pdf used on input line 225.

(pdftex.def)             Requested size: 400.49352pt x 216.40701pt.

Overfull \hbox (19.79564pt too wide) in paragraph at lines 225--226
 [] 
 []

[19 <./SynthesisTechniqueTaxonomy.pdf>]
<SamplingSynthesis.pdf, id=146, 343.2825pt x 154.5775pt>
File: SamplingSynthesis.pdf Graphic file (type pdf)

<use SamplingSynthesis.pdf>
Package pdftex.def Info: SamplingSynthesis.pdf used on input line 234.
(pdftex.def)             Requested size: 274.62636pt x 123.66214pt.


LaTeX Warning: `!h' float specifier changed to `!ht'.

[20] [21 <./SamplingSynthesis.pdf>]
<GranularSynthesis.pdf, id=197, 381.425pt x 318.18875pt>
File: GranularSynthesis.pdf Graphic file (type pdf)

<use GranularSynthesis.pdf>
Package pdftex.def Info: GranularSynthesis.pdf used on input line 242.
(pdftex.def)             Requested size: 305.1404pt x 254.55133pt.
 [22 <./GranularSynthesis.pdf>]
<AdditiveSynthesis.pdf, id=229, 361.35pt x 182.6825pt>
File: AdditiveSynthesis.pdf Graphic file (type pdf)

<use AdditiveSynthesis.pdf>
Package pdftex.def Info: AdditiveSynthesis.pdf used on input line 250.
(pdftex.def)             Requested size: 289.0804pt x 146.14618pt.
 [23 <./AdditiveSynthesis.pdf>]
<SubtractiveSynthesis.pdf, id=256, 451.6875pt x 208.78pt>
File: SubtractiveSynthesis.pdf Graphic file (type pdf)

<use SubtractiveSynthesis.pdf>
Package pdftex.def Info: SubtractiveSynthesis.pdf used on input line 258.
(pdftex.def)             Requested size: 361.35048pt x 167.0242pt.


LaTeX Warning: `!h' float specifier changed to `!ht'.

[24] <FMSynthesis.pdf, id=260, 575.14874pt x 170.6375pt>
File: FMSynthesis.pdf Graphic file (type pdf)
 <use FMSynthesis.pdf>
Package pdftex.def Info: FMSynthesis.pdf used on input line 266.
(pdftex.def)             Requested size: 373.84225pt x 110.91304pt.


LaTeX Warning: `!h' float specifier changed to `!ht'.

[25 <./SubtractiveSynthesis.pdf>]
<DigitalWaveguideSynthesis.pdf, id=294, 723.70375pt x 476.78125pt>
File: DigitalWaveguideSynthesis.pdf Graphic file (type pdf)

<use DigitalWaveguideSynthesis.pdf>
Package pdftex.def Info: DigitalWaveguideSynthesis.pdf used on input line 274.
(pdftex.def)             Requested size: 398.03828pt x 262.23048pt.

Overfull \hbox (17.34041pt too wide) in paragraph at lines 274--275
 [] 
 []


LaTeX Warning: `!h' float specifier changed to `!ht'.

[26 <./FMSynthesis.pdf>] [27 <./DigitalWaveguideSynthesis.pdf>] [28]
<ResynthesisProblem.pdf, id=352, 419.5675pt x 273.02pt>
File: ResynthesisProblem.pdf Graphic file (type pdf)

<use ResynthesisProblem.pdf>
Package pdftex.def Info: ResynthesisProblem.pdf used on input line 287.
(pdftex.def)             Requested size: 293.69524pt x 191.11269pt.


LaTeX Warning: `!h' float specifier changed to `!ht'.

[29] <ResynthesisIdea.pdf, id=356, 772.8875pt x 293.095pt>
File: ResynthesisIdea.pdf Graphic file (type pdf)

<use ResynthesisIdea.pdf>
Package pdftex.def Info: ResynthesisIdea.pdf used on input line 295.
(pdftex.def)             Requested size: 386.4428pt x 146.54713pt.

Overfull \hbox (5.74492pt too wide) in paragraph at lines 295--296
 [] 
 []

[30 <./ResynthesisProblem.pdf> <./ResynthesisIdea.pdf>]
<ConcatSynth.pdf, id=417, 760.8425pt x 637.38126pt>
File: ConcatSynth.pdf Graphic file (type pdf)
 <use ConcatSynth.pdf>
Package pdftex.def Info: ConcatSynth.pdf used on input line 305.
(pdftex.def)             Requested size: 418.46466pt x 350.56078pt.

Overfull \hbox (37.76678pt too wide) in paragraph at lines 305--306
 [] 
 []


LaTeX Warning: `!h' float specifier changed to `!ht'.

[31] [32 <./ConcatSynth.pdf>] [33]
<PhaseVocoder.pdf, id=467, 929.4725pt x 494.84875pt>
File: PhaseVocoder.pdf Graphic file (type pdf)
 <use PhaseVocoder.pdf>
Package pdftex.def Info: PhaseVocoder.pdf used on input line 321.
(pdftex.def)             Requested size: 418.25877pt x 222.67989pt.

Overfull \hbox (37.5609pt too wide) in paragraph at lines 321--322
 [] 
 []


LaTeX Warning: `!h' float specifier changed to `!ht'.

[34] [35 <./PhaseVocoder.pdf>] <SMS.pdf, id=504, 741.77126pt x 429.605pt>
File: SMS.pdf Graphic file (type pdf)

<use SMS.pdf>
Package pdftex.def Info: SMS.pdf used on input line 341.
(pdftex.def)             Requested size: 407.97546pt x 236.28348pt.

Overfull \hbox (27.27759pt too wide) in paragraph at lines 341--342
 [] 
 []


LaTeX Warning: `!h' float specifier changed to `!ht'.

[36] [37 <./SMS.pdf>] [38] <AdaptiveFM.pdf, id=544, 809.0225pt x 575.14874pt>
File: AdaptiveFM.pdf Graphic file (type pdf)

<use AdaptiveFM.pdf>
Package pdftex.def Info: AdaptiveFM.pdf used on input line 353.
(pdftex.def)             Requested size: 404.51027pt x 287.57367pt.

Overfull \hbox (23.8124pt too wide) in paragraph at lines 353--354
 [] 
 []

[39 <./AdaptiveFM.pdf>] [40]
<MetaSynthesis1.pdf, id=582, 454.69875pt x 638.385pt>
File: MetaSynthesis1.pdf Graphic file (type pdf)
 <use MetaSynthesis1.pdf>
Package pdftex.def Info: MetaSynthesis1.pdf used on input line 364.
(pdftex.def)             Requested size: 363.75949pt x 510.70868pt.


LaTeX Warning: `!h' float specifier changed to `!ht'.

[41]

LaTeX Warning: Text page 42 contains only floats.

[42 <./MetaSynthesis1.pdf>] [43]
<PucketteMetaSynthesis.pdf, id=613, 413.545pt x 621.32124pt>
File: PucketteMetaSynthesis.pdf Graphic file (type pdf)

<use PucketteMetaSynthesis.pdf>
Package pdftex.def Info: PucketteMetaSynthesis.pdf used on input line 376.
(pdftex.def)             Requested size: 310.15797pt x 465.98979pt.


LaTeX Warning: `!h' float specifier changed to `!ht'.

[44]

LaTeX Warning: Text page 45 contains only floats.

[45 <./PucketteMetaSynthesis.pdf>] [46] [47]
<OrchestralMetaSynthesis.pdf, id=661, 797.98125pt x 638.385pt>
File: OrchestralMetaSynthesis.pdf Graphic file (type pdf)

<use OrchestralMetaSynthesis.pdf>
Package pdftex.def Info: OrchestralMetaSynthesis.pdf used on input line 388.
(pdftex.def)             Requested size: 438.89104pt x 351.11282pt.

Overfull \hbox (58.19316pt too wide) in paragraph at lines 388--389
 [] 
 []

[48 <./OrchestralMetaSynthesis.pdf>]
LaTeX Font Info:    Font shape `OT1/ptm/bx/n' in size <14.4> not available
(Font)              Font shape `OT1/ptm/b/n' tried instead on input line 394.
 [49]
<FitnessFunction.pdf, id=755, 413.545pt x 475.7775pt>
File: FitnessFunction.pdf Graphic file (type pdf)

<use FitnessFunction.pdf>
Package pdftex.def Info: FitnessFunction.pdf used on input line 399.
(pdftex.def)             Requested size: 289.4795pt x 333.04196pt.


LaTeX Warning: `!h' float specifier changed to `!ht'.

<DifferentTopologies.pdf, id=756, 628.3475pt x 196.735pt>
File: DifferentTopologies.pdf Graphic file (type pdf)

<use DifferentTopologies.pdf>
Package pdftex.def Info: DifferentTopologies.pdf used on input line 407.
(pdftex.def)             Requested size: 377.0114pt x 118.04189pt.


LaTeX Warning: `!h' float specifier changed to `!ht'.

[50] [51 <./FitnessFunction.pdf>] [52 <./DifferentTopologies.pdf>]
<GASearch.pdf, id=809, 768.8725pt x 972.63374pt>
File: GASearch.pdf Graphic file (type pdf)
 <use GASearch.pdf>
Package pdftex.def Info: GASearch.pdf used on input line 417.
(pdftex.def)             Requested size: 384.4353pt x 486.31567pt.

Overfull \hbox (3.73743pt too wide) in paragraph at lines 417--418
 [] 
 []

[53]

LaTeX Warning: `!h' float specifier changed to `!ht'.

[54]

LaTeX Warning: Text page 55 contains only floats.


Overfull \vbox (1.54172pt too high) has occurred while \output is active []


[55 <./GASearch.pdf>] [56] [57]
<GraphAsPoint.pdf, id=842, 401.5pt x 480.79625pt>
File: GraphAsPoint.pdf Graphic file (type pdf)
 <use GraphAsPoint.pdf>
Package pdftex.def Info: GraphAsPoint.pdf used on input line 431.
(pdftex.def)             Requested size: 281.04808pt x 336.55507pt.

[58 <./GraphAsPoint.pdf>] [59] [60]
<SimpleSystem.pdf, id=868, 443.6575pt x 552.0625pt>
File: SimpleSystem.pdf Graphic file (type pdf)
 <use SimpleSystem.pdf>
Package pdftex.def Info: SimpleSystem.pdf used on input line 453.
(pdftex.def)             Requested size: 266.19655pt x 331.24005pt.


LaTeX Warning: `!h' float specifier changed to `!ht'.


./Dissertation.tex:457: LaTeX Error: There's no line here to end.

See the LaTeX manual or LaTeX Companion for explanation.
Type  H <return>  for immediate help.
 ...                                              
                                                  
l.457 \\
        
? 
[61] [62 <./SimpleSystem.pdf>] [63] [64] [65] [66] [67] [68] [69]
Chapter 3.
[70

] [71] [72] [73] <JSTranslation.pdf, id=934, 1010.77625pt x 401.5pt>
File: JSTranslation.pdf Graphic file (type pdf)

<use JSTranslation.pdf>
Package pdftex.def Info: JSTranslation.pdf used on input line 515.
(pdftex.def)             Requested size: 404.30333pt x 160.59715pt.

Overfull \hbox (23.60545pt too wide) in paragraph at lines 515--516
 [] 
 []


LaTeX Warning: `!h' float specifier changed to `!ht'.

<MaxAudioToPython.pdf, id=935, 929.4725pt x 401.5pt>
File: MaxAudioToPython.pdf Graphic file (type pdf)

<use MaxAudioToPython.pdf>
Package pdftex.def Info: MaxAudioToPython.pdf used on input line 523.
(pdftex.def)             Requested size: 371.78242pt x 160.59715pt.


LaTeX Warning: `!h' float specifier changed to `!ht'.

[74] [75 <./JSTranslation.pdf> <./MaxAudioToPython.pdf>]
<RootTree.pdf, id=997, 517.935pt x 563.10374pt>
File: RootTree.pdf Graphic file (type pdf)
 <use RootTree.pdf>
Package pdftex.def Info: RootTree.pdf used on input line 536.
(pdftex.def)             Requested size: 362.55202pt x 394.16994pt.
 [76]
[77 <./RootTree.pdf>] <MaxDAGs.pdf, id=1020, 581.17125pt x 575.14874pt>
File: MaxDAGs.pdf Graphic file (type pdf)

<use MaxDAGs.pdf>
Package pdftex.def Info: MaxDAGs.pdf used on input line 549.
(pdftex.def)             Requested size: 406.8171pt x 402.60138pt.

Overfull \hbox (26.11922pt too wide) in paragraph at lines 549--550
 [] 
 []


LaTeX Warning: `!h' float specifier changed to `!ht'.

<MaxDAGsLoadmess.pdf, id=1021, 567.11874pt x 530.98375pt>
File: MaxDAGsLoadmess.pdf Graphic file (type pdf)

<use MaxDAGsLoadmess.pdf>
Package pdftex.def Info: MaxDAGsLoadmess.pdf used on input line 557.
(pdftex.def)             Requested size: 396.98041pt x 371.68608pt.

Overfull \hbox (16.28253pt too wide) in paragraph at lines 557--558
 [] 
 []

[78]

LaTeX Warning: `!h' float specifier changed to `!ht'.

<MaxDAGsSendReceive1.pdf, id=1025, 562.1pt x 632.3625pt>
File: MaxDAGsSendReceive1.pdf Graphic file (type pdf)

<use MaxDAGsSendReceive1.pdf>
Package pdftex.def Info: MaxDAGsSendReceive1.pdf used on input line 565.
(pdftex.def)             Requested size: 421.57397pt x 474.27072pt.

Overfull \hbox (40.8761pt too wide) in paragraph at lines 565--566
 [] 
 []

<MaxDAGsSendReceive2.pdf, id=1026, 299.1175pt x 417.56pt>
File: MaxDAGsSendReceive2.pdf Graphic file (type pdf)

<use MaxDAGsSendReceive2.pdf>
Package pdftex.def Info: MaxDAGsSendReceive2.pdf used on input line 571.
(pdftex.def)             Requested size: 239.29431pt x 334.04843pt.
 [79 <./MaxDAGs.pdf>] [80 <./MaxDAGsLoadmess.pdf>]

LaTeX Warning: `!h' float specifier changed to `!ht'.


LaTeX Warning: `!h' float specifier changed to `!ht'.

<MaxDAGs2DACs.pdf, id=1081, 592.2125pt x 467.7475pt>
File: MaxDAGs2DACs.pdf Graphic file (type pdf)
 <use MaxDAGs2DACs.pdf>
Package pdftex.def Info: MaxDAGs2DACs.pdf used on input line 579.
(pdftex.def)             Requested size: 414.54591pt x 327.421pt.

Overfull \hbox (33.84804pt too wide) in paragraph at lines 579--580
 [] 
 []


LaTeX Warning: `!h' float specifier changed to `!ht'.

<MaxDAGsCrossedPaths.pdf, id=1082, 255.95625pt x 495.8525pt>
File: MaxDAGsCrossedPaths.pdf Graphic file (type pdf)

<use MaxDAGsCrossedPaths.pdf>
Package pdftex.def Info: MaxDAGsCrossedPaths.pdf used on input line 587.
(pdftex.def)             Requested size: 204.76526pt x 396.68254pt.
 [81]

LaTeX Warning: Text page 82 contains only floats.

[82 <./MaxDAGsSendReceive1.pdf>]

LaTeX Warning: `!h' float specifier changed to `!ht'.

<MaxDAGsCrossedPaths2.pdf, id=1116, 496.85625pt x 494.84875pt>
File: MaxDAGsCrossedPaths2.pdf Graphic file (type pdf)

<use MaxDAGsCrossedPaths2.pdf>
Package pdftex.def Info: MaxDAGsCrossedPaths2.pdf used on input line 595.
(pdftex.def)             Requested size: 397.48553pt x 395.87955pt.

Overfull \hbox (16.78766pt too wide) in paragraph at lines 595--596
 [] 
 []

[83 <./MaxDAGsSendReceive2.pdf>]

LaTeX Warning: `!h' float specifier changed to `!ht'.

[84 <./MaxDAGs2DACs.pdf>] [85 <./MaxDAGsCrossedPaths.pdf>] [86 <./MaxDAGsCrosse
dPaths2.pdf>] <SyntaxInfo.pdf, id=1219, 379.4175pt x 168.63pt>
File: SyntaxInfo.pdf Graphic file (type pdf)

<use SyntaxInfo.pdf>
Package pdftex.def Info: SyntaxInfo.pdf used on input line 607.
(pdftex.def)             Requested size: 303.53441pt x 134.90417pt.
LaTeX Font Info:    Font shape `OT1/ptm/bx/it' in size <12> not available
(Font)              Font shape `OT1/ptm/b/it' tried instead on input line 614.
LaTeX Font Info:    Try loading font information for OMS+ptm on input line 614.


(/usr/local/texlive/2013/texmf-dist/tex/latex/psnfss/omsptm.fd
File: omsptm.fd 
)

LaTeX Font Warning: Font shape `OMS/ptm/bx/it' undefined
(Font)              using `OMS/ptm/m/n' instead
(Font)              for symbol `textbar' on input line 614.

LaTeX Font Info:    Font shape `OMS/ptm/m/n' in size <12> not available
(Font)              Font shape `OMS/cmsy/m/n' tried instead on input line 614.
[87 <./SyntaxInfo.pdf>] [88] [89] [90] [91]
<GMM.pdf, id=1252, 499.8675pt x 283.0575pt>
File: GMM.pdf Graphic file (type pdf)
 <use GMM.pdf>
Package pdftex.def Info: GMM.pdf used on input line 642.
(pdftex.def)             Requested size: 349.90486pt x 198.13889pt.


LaTeX Warning: `!h' float specifier changed to `!ht'.

[92] [93 <./GMM.pdf>] [94] [95] [96] [97] [98] [99] [100] [101]
<NearestNeighbor.jpg, id=1308, 508.90125pt x 311.1625pt>
File: NearestNeighbor.jpg Graphic file (type jpg)

<use NearestNeighbor.jpg>
Package pdftex.def Info: NearestNeighbor.jpg used on input line 696.
(pdftex.def)             Requested size: 254.45pt x 155.58087pt.
 [102] [103 <./NearestNeighbor.jpg>] [104] [105]
[106] <PairwiseCNN.pdf, id=1327, 451.6875pt x 266.9975pt>
File: PairwiseCNN.pdf Graphic file (type pdf)

<use PairwiseCNN.pdf>
Package pdftex.def Info: PairwiseCNN.pdf used on input line 731.
(pdftex.def)             Requested size: 429.10068pt x 253.64616pt.

Overfull \hbox (48.4028pt too wide) in paragraph at lines 731--732
 [] 
 []

[107] <CNN_kNN.pdf, id=1333, 451.6875pt x 373.395pt>
File: CNN_kNN.pdf Graphic file (type pdf)
 <use CNN_kNN.pdf>
Package pdftex.def Info: CNN_kNN.pdf used on input line 739.
(pdftex.def)             Requested size: 383.93617pt x 317.38725pt.

Overfull \hbox (3.2383pt too wide) in paragraph at lines 739--740
 [] 
 []

[108 <./PairwiseCNN.pdf>]

LaTeX Warning: `!h' float specifier changed to `!ht'.

<NLSECluster.pdf, id=1481, 813.0375pt x 792.9625pt>
File: NLSECluster.pdf Graphic file (type pdf)
 <use NLSECluster.pdf>
Package pdftex.def Info: NLSECluster.pdf used on input line 747.
(pdftex.def)             Requested size: 380.69788pt x 371.28886pt.


LaTeX Warning: `!h' float specifier changed to `!ht'.

<NLSECluster2.pdf, id=1482, 796.9775pt x 407.5225pt>
File: NLSECluster2.pdf Graphic file (type pdf)
 <use NLSECluster2.pdf>
Package pdftex.def Info: NLSECluster2.pdf used on input line 755.
(pdftex.def)             Requested size: 380.69788pt x 194.66339pt.

[109] [110 <./CNN_kNN.pdf>]

LaTeX Warning: `!h' float specifier changed to `!ht'.

[111 <./NLSECluster.pdf>] [112 <./NLSECluster2.pdf>] [113] [114] [115]
<TimbreDistance1.pdf, id=1666, 402.50375pt x 303.1325pt>
File: TimbreDistance1.pdf Graphic file (type pdf)

<use TimbreDistance1.pdf>
Package pdftex.def Info: TimbreDistance1.pdf used on input line 783.
(pdftex.def)             Requested size: 322.00343pt x 242.50633pt.
 [116]
<TimbreDistance2.pdf, id=1670, 402.50375pt x 303.1325pt>
File: TimbreDistance2.pdf Graphic file (type pdf)

<use TimbreDistance2.pdf>
Package pdftex.def Info: TimbreDistance2.pdf used on input line 791.
(pdftex.def)             Requested size: 322.00343pt x 242.50633pt.


LaTeX Warning: `!h' float specifier changed to `!ht'.

[117 <./TimbreDistance1.pdf>] [118 <./TimbreDistance2.pdf>]
<TimbreDistance3.pdf, id=1714, 637.38126pt x 227.85126pt>
File: TimbreDistance3.pdf Graphic file (type pdf)

<use TimbreDistance3.pdf>
Package pdftex.def Info: TimbreDistance3.pdf used on input line 805.
(pdftex.def)             Requested size: 382.4317pt x 136.71179pt.

Overfull \hbox (1.73383pt too wide) in paragraph at lines 805--806
 [] 
 []

<TimbreDistance4.pdf, id=1715, 637.38126pt x 227.85126pt>
File: TimbreDistance4.pdf Graphic file (type pdf)

<use TimbreDistance4.pdf>
Package pdftex.def Info: TimbreDistance4.pdf used on input line 813.
(pdftex.def)             Requested size: 382.4317pt x 136.71179pt.

Overfull \hbox (1.73383pt too wide) in paragraph at lines 813--814
 [] 
 []

[119 <./TimbreDistance3.pdf>]
<DTWExample.pdf, id=1735, 701.62125pt x 713.66624pt>
File: DTWExample.pdf Graphic file (type pdf)
 <use DTWExample.pdf>
Package pdftex.def Info: DTWExample.pdf used on input line 821.
(pdftex.def)             Requested size: 350.80975pt x 356.83224pt.

[120 <./TimbreDistance4.pdf>] [121 <./DTWExample.pdf>] [122] [123]
<SequencePenalties.pdf, id=1781, 509.905pt x 818.05624pt>
File: SequencePenalties.pdf Graphic file (type pdf)

<use SequencePenalties.pdf>
Package pdftex.def Info: SequencePenalties.pdf used on input line 837.
(pdftex.def)             Requested size: 305.94536pt x 490.83754pt.


LaTeX Warning: Float too large for page by 6.06358pt on input line 840.

[124] [125 <./SequencePenalties.pdf>]
<GreedyMatching1.pdf, id=1809, 496.85625pt x 699.61375pt>
File: GreedyMatching1.pdf Graphic file (type pdf)

<use GreedyMatching1.pdf>
Package pdftex.def Info: GreedyMatching1.pdf used on input line 847.
(pdftex.def)             Requested size: 298.11604pt x 419.77148pt.
 [126] [127 <./GreedyMatching1.pdf>]
<GreedyMatching4.pdf, id=1832, 1009.7725pt x 812.03375pt>
File: GreedyMatching4.pdf Graphic file (type pdf)

<use GreedyMatching4.pdf>
Package pdftex.def Info: GreedyMatching4.pdf used on input line 861.
(pdftex.def)             Requested size: 380.69788pt x 306.14746pt.


LaTeX Warning: `!h' float specifier changed to `!ht'.

[128] [129 <./GreedyMatching4.pdf>] [130] [131] [132] [133] [134] [135]
[136] [137] [138] [139] <SIC-DPLA_1.pdf, id=1889, 474.77374pt x 566.115pt>
File: SIC-DPLA_1.pdf Graphic file (type pdf)

<use SIC-DPLA_1.pdf>
Package pdftex.def Info: SIC-DPLA_1.pdf used on input line 934.
(pdftex.def)             Requested size: 356.07944pt x 424.5852pt.


LaTeX Warning: `!h' float specifier changed to `!ht'.

<SIC-DPLA_2.pdf, id=1890, 468.75125pt x 225.84375pt>
File: SIC-DPLA_2.pdf Graphic file (type pdf)
 <use SIC-DPLA_2.pdf>
Package pdftex.def Info: SIC-DPLA_2.pdf used on input line 947.
(pdftex.def)             Requested size: 375.0015pt x 180.67523pt.


LaTeX Warning: `!h' float specifier changed to `!ht'.

[140]

LaTeX Warning: Text page 141 contains only floats.

[141 <./SIC-DPLA_1.pdf>] [142 <./SIC-DPLA_2.pdf>]
<Penalty_1.pdf, id=1927, 512.91624pt x 678.535pt>
File: Penalty_1.pdf Graphic file (type pdf)
 <use Penalty_1.pdf>
Package pdftex.def Info: Penalty_1.pdf used on input line 966.
(pdftex.def)             Requested size: 359.03893pt x 474.97125pt.


LaTeX Warning: `!h' float specifier changed to `!ht'.

<Penalty_2.pdf, id=1928, 509.905pt x 474.77374pt>
File: Penalty_2.pdf Graphic file (type pdf)
 <use Penalty_2.pdf>
Package pdftex.def Info: Penalty_2.pdf used on input line 977.
(pdftex.def)             Requested size: 356.93106pt x 332.33936pt.
 [143]

LaTeX Warning: Text page 144 contains only floats.

[144 <./Penalty_1.pdf>]

LaTeX Warning: `!h' float specifier changed to `!ht'.

[145] [146 <./Penalty_2.pdf>] [147] [148] [149] [150]
<SyntacticCorrectness.pdf, id=1980, 602.25pt x 370.38374pt>
File: SyntacticCorrectness.pdf Graphic file (type pdf)

<use SyntacticCorrectness.pdf>
Package pdftex.def Info: SyntacticCorrectness.pdf used on input line 1020.
(pdftex.def)             Requested size: 421.57211pt x 259.26685pt.

Overfull \hbox (40.87424pt too wide) in paragraph at lines 1020--1021
 [] 
 []


LaTeX Warning: `!h' float specifier changed to `!ht'.

[151] [152 <./SyntacticCorrectness.pdf>] [153] [154] [155] [156] [157] [158]
[159]
Chapter 4.
<OverallGPSystem.pdf, id=2036, 792.9625pt x 768.8725pt>
File: OverallGPSystem.pdf Graphic file (type pdf)

<use OverallGPSystem.pdf>
Package pdftex.def Info: OverallGPSystem.pdf used on input line 1059.
(pdftex.def)             Requested size: 396.48027pt x 384.4353pt.

Overfull \hbox (15.7824pt too wide) in paragraph at lines 1059--1060
 [] 
 []


LaTeX Warning: `!h' float specifier changed to `!ht'.

[160

] [161 <./OverallGPSystem.pdf>] [162] [163] [164] [165] [166]
<Crossover.pdf, id=2096, 589.20125pt x 398.48875pt>
File: Crossover.pdf Graphic file (type pdf)
 <use Crossover.pdf>
Package pdftex.def Info: Crossover.pdf used on input line 1106.
(pdftex.def)             Requested size: 294.5999pt x 199.24388pt.


LaTeX Warning: `!h' float specifier changed to `!ht'.

<SubtreeMutation.pdf, id=2097, 575.14874pt x 233.87375pt>
File: SubtreeMutation.pdf Graphic file (type pdf)

<use SubtreeMutation.pdf>
Package pdftex.def Info: SubtreeMutation.pdf used on input line 1114.
(pdftex.def)             Requested size: 287.57367pt x 116.93657pt.


LaTeX Warning: `!h' float specifier changed to `!ht'.

<PointMutation.pdf, id=2098, 597.23125pt x 190.7125pt>
File: PointMutation.pdf Graphic file (type pdf)
 <use PointMutation.pdf>
Package pdftex.def Info: PointMutation.pdf used on input line 1122.
(pdftex.def)             Requested size: 298.61488pt x 95.356pt.

[167]

LaTeX Warning: `!h' float specifier changed to `!ht'.

<Reproduction.pdf, id=2102, 597.23125pt x 190.7125pt>
File: Reproduction.pdf Graphic file (type pdf)
 <use Reproduction.pdf>
Package pdftex.def Info: Reproduction.pdf used on input line 1130.
(pdftex.def)             Requested size: 298.61488pt x 95.356pt.

[168 <./Crossover.pdf> <./SubtreeMutation.pdf>] [169 <./PointMutation.pdf> <./R
eproduction.pdf>] [170] [171]
<DelayFeedbackAM.pdf, id=2180, 473.77pt x 338.26375pt>
File: DelayFeedbackAM.pdf Graphic file (type pdf)

<use DelayFeedbackAM.pdf>
Package pdftex.def Info: DelayFeedbackAM.pdf used on input line 1162.
(pdftex.def)             Requested size: 379.01651pt x 270.61136pt.

<FeedbackDelayAMTargetSTFT.png, id=2181, 1124.2pt x 680.5425pt>
File: FeedbackDelayAMTargetSTFT.png Graphic file (type png)

<use FeedbackDelayAMTargetSTFT.png>
Package pdftex.def Info: FeedbackDelayAMTargetSTFT.png used on input line 1169.

(pdftex.def)             Requested size: 380.69788pt x 230.45718pt.

<AdaptiveDegrade.pdf, id=2182, 298.11375pt x 315.1775pt>
File: AdaptiveDegrade.pdf Graphic file (type pdf)

<use AdaptiveDegrade.pdf>
Package pdftex.def Info: AdaptiveDegrade.pdf used on input line 1176.
(pdftex.def)             Requested size: 238.49132pt x 252.14233pt.

<AdaptiveDownsamplingTargetSTFT.png, id=2183, 1125.20375pt x 686.565pt>
File: AdaptiveDownsamplingTargetSTFT.png Graphic file (type png)

<use AdaptiveDownsamplingTargetSTFT.png>
Package pdftex.def Info: AdaptiveDownsamplingTargetSTFT.png used on input line 
1183.
(pdftex.def)             Requested size: 380.69788pt x 232.28711pt.

<ClippingReverbSaw.pdf, id=2184, 342.27875pt x 416.55624pt>
File: ClippingReverbSaw.pdf Graphic file (type pdf)

<use ClippingReverbSaw.pdf>
Package pdftex.def Info: ClippingReverbSaw.pdf used on input line 1190.
(pdftex.def)             Requested size: 273.82335pt x 333.24544pt.
 [172 <./DelayFeedbackAM.pdf>]

LaTeX Warning: `!h' float specifier changed to `!ht'.


LaTeX Warning: `!h' float specifier changed to `!ht'.

[173 <./FeedbackDelayAMTargetSTFT.png>]

LaTeX Warning: `!h' float specifier changed to `!ht'.

<ClippingReverbTargetSTFT.png, id=2201, 1115.16624pt x 677.53125pt>
File: ClippingReverbTargetSTFT.png Graphic file (type png)

<use ClippingReverbTargetSTFT.png>
Package pdftex.def Info: ClippingReverbTargetSTFT.png used on input line 1199.
(pdftex.def)             Requested size: 390.31404pt x 237.13948pt.


LaTeX Warning: `!h' float specifier changed to `!ht'.


./Dissertation.tex:1203: LaTeX Error: There's no line here to end.

See the LaTeX manual or LaTeX Companion for explanation.
Type  H <return>  for immediate help.
 ...                                              
                                                  
l.1203 \\
         
? 
[174 <./AdaptiveDegrade.pdf>] [175 <./AdaptiveDownsamplingTargetSTFT.png>]
[176 <./ClippingReverbSaw.pdf>] [177 <./ClippingReverbTargetSTFT.png>] [178]
[179

] [180] [181] [182] [183]
<PieChartSelection.jpg, id=2255, 432.61626pt x 434.62375pt>
File: PieChartSelection.jpg Graphic file (type jpg)

<use PieChartSelection.jpg>
Package pdftex.def Info: PieChartSelection.jpg used on input line 1256.
(pdftex.def)             Requested size: 302.82932pt x 304.23454pt.
 [184]

LaTeX Warning: `!h' float specifier changed to `!ht'.

<RankSelection.pdf, id=2259, 436.63126pt x 572.1375pt>
File: RankSelection.pdf Graphic file (type pdf)
 <use RankSelection.pdf>
Package pdftex.def Info: RankSelection.pdf used on input line 1264.
(pdftex.def)             Requested size: 261.98077pt x 343.28514pt.

[185]

LaTeX Warning: `!h' float specifier changed to `!ht'.

<TournamentSelection.pdf, id=2263, 592.2125pt x 553.06625pt>
File: TournamentSelection.pdf Graphic file (type pdf)

<use TournamentSelection.pdf>
Package pdftex.def Info: TournamentSelection.pdf used on input line 1272.
(pdftex.def)             Requested size: 355.33023pt x 331.8423pt.
 [186 <./PieChartSelection.jpg>]

LaTeX Warning: `!h' float specifier changed to `!ht'.

<DoubleTournamentSelection.pdf, id=2267, 458.71375pt x 556.0775pt>
File: DoubleTournamentSelection.pdf Graphic file (type pdf)

<use DoubleTournamentSelection.pdf>
Package pdftex.def Info: DoubleTournamentSelection.pdf used on input line 1280.

(pdftex.def)             Requested size: 321.09743pt x 389.25159pt.
 [187 <./RankSelection.pdf>] [188 <./TournamentSelection.pdf>]

LaTeX Warning: `!h' float specifier changed to `!ht'.

[189] [190 <./DoubleTournamentSelection.pdf>] [191] [192] [193] [194] [195]
[196] [197] [198] [199]
<EvolvingLionRoarTargetSTFT.png, id=2361, 1116.17pt x 683.55376pt>
File: EvolvingLionRoarTargetSTFT.png Graphic file (type png)

<use EvolvingLionRoarTargetSTFT.png>
Package pdftex.def Info: EvolvingLionRoarTargetSTFT.png used on input line 1354
.
(pdftex.def)             Requested size: 390.66536pt x 239.24739pt.

<FreightTrainTargetSTFT.png, id=2362, 1117.17375pt x 682.55pt>
File: FreightTrainTargetSTFT.png Graphic file (type png)

<use FreightTrainTargetSTFT.png>
Package pdftex.def Info: FreightTrainTargetSTFT.png used on input line 1361.
(pdftex.def)             Requested size: 391.01668pt x 238.89607pt.


LaTeX Warning: `!h' float specifier changed to `!ht'.

<MetalGongTargetSTFT.png, id=2363, 1120.185pt x 684.5575pt>
File: MetalGongTargetSTFT.png Graphic file (type png)

<use MetalGongTargetSTFT.png>
Package pdftex.def Info: MetalGongTargetSTFT.png used on input line 1368.
(pdftex.def)             Requested size: 392.07062pt x 239.59871pt.
 [200 <./EvolvingLionRoarTargetSTFT.png>]

LaTeX Warning: `!h' float specifier changed to `!ht'.

<EvolvingMetallicSynthTargetSTFT.png, id=2367, 1120.185pt x 687.56876pt>
File: EvolvingMetallicSynthTargetSTFT.png Graphic file (type png)

<use EvolvingMetallicSynthTargetSTFT.png>
Package pdftex.def Info: EvolvingMetallicSynthTargetSTFT.png used on input line
 1375.
(pdftex.def)             Requested size: 392.07062pt x 240.65266pt.


LaTeX Warning: `!h' float specifier changed to `!ht'.

[201 <./FreightTrainTargetSTFT.png>]
<RandomAnalogReverbTargetSTFT.png, id=2372, 1123.19624pt x 682.55pt>
File: RandomAnalogReverbTargetSTFT.png Graphic file (type png)

<use RandomAnalogReverbTargetSTFT.png>
Package pdftex.def Info: RandomAnalogReverbTargetSTFT.png used on input line 13
83.
(pdftex.def)             Requested size: 393.12457pt x 238.89607pt.


LaTeX Warning: `!h' float specifier changed to `!ht'.

[202 <./MetalGongTargetSTFT.png>] [203 <./EvolvingMetallicSynthTargetSTFT.png>]
[204 <./RandomAnalogReverbTargetSTFT.png>]
Chapter 5.
[205

] <GlobalTimeScaling.pdf, id=2385, 1086.0575pt x 678.535pt>
File: GlobalTimeScaling.pdf Graphic file (type pdf)

<use GlobalTimeScaling.pdf>
Package pdftex.def Info: GlobalTimeScaling.pdf used on input line 1400.
(pdftex.def)             Requested size: 543.02742pt x 339.26666pt.


LaTeX Warning: `!h' float specifier changed to `!ht'.

[206] [207 <./GlobalTimeScaling.pdf>]
<SampleDeletion.pdf, id=2404, 1066.98625pt x 673.51625pt>
File: SampleDeletion.pdf Graphic file (type pdf)

<use SampleDeletion.pdf>
Package pdftex.def Info: SampleDeletion.pdf used on input line 1416.
(pdftex.def)             Requested size: 533.49182pt x 336.7573pt.


LaTeX Warning: `!h' float specifier changed to `!ht'.

[208] [209 <./SampleDeletion.pdf>] [210]
<StableExtension.pdf, id=2424, 1090.0725pt x 677.53125pt>
File: StableExtension.pdf Graphic file (type pdf)

<use StableExtension.pdf>
Package pdftex.def Info: StableExtension.pdf used on input line 1435.
(pdftex.def)             Requested size: 545.03491pt x 338.76479pt.
 [211 <./StableExtension.pdf>] [212]
<ContentIntroduction.pdf, id=2441, 1090.0725pt x 673.51625pt>
File: ContentIntroduction.pdf Graphic file (type pdf)

<use ContentIntroduction.pdf>
Package pdftex.def Info: ContentIntroduction.pdf used on input line 1454.
(pdftex.def)             Requested size: 545.03491pt x 336.7573pt.


LaTeX Warning: `!h' float specifier changed to `!ht'.

[213] [214 <./ContentIntroduction.pdf>]
<ReorderedAudio.png, id=2459, 1102.1175pt x 687.56876pt>
File: ReorderedAudio.png Graphic file (type png)

<use ReorderedAudio.png>
Package pdftex.def Info: ReorderedAudio.png used on input line 1468.
(pdftex.def)             Requested size: 551.0574pt x 343.78354pt.
 [215] [216 <./ReorderedAudio.png>]
<RepetitionInsertion.pdf, id=2466, 1090.0725pt x 676.5275pt>
File: RepetitionInsertion.pdf Graphic file (type pdf)

<use RepetitionInsertion.pdf>
Package pdftex.def Info: RepetitionInsertion.pdf used on input line 1482.
(pdftex.def)             Requested size: 545.03491pt x 338.26291pt.


LaTeX Warning: `!h' float specifier changed to `!ht'.

[217] [218 <./RepetitionInsertion.pdf>] [219] [220] [221] [222]
<GOPS_Param2.pdf, id=2496, 2413.015pt x 3631.5675pt>
File: GOPS_Param2.pdf Graphic file (type pdf)
 <use GOPS_Param2.pdf>
Package pdftex.def Info: GOPS_Param2.pdf used on input line 1536.
(pdftex.def)             Requested size: 361.93663pt x 544.71162pt.


LaTeX Warning: Float too large for page by 1.93767pt on input line 1536.


LaTeX Warning: `!h' float specifier changed to `!ht'.

[223 <./GOPS_Param2.pdf>] <GOPS_Param3.pdf, id=2533, 2388.925pt x 3605.47pt>
File: GOPS_Param3.pdf Graphic file (type pdf)

<use GOPS_Param3.pdf>
Package pdftex.def Info: GOPS_Param3.pdf used on input line 1536.
(pdftex.def)             Requested size: 358.32329pt x 540.79718pt.


LaTeX Warning: `!h' float specifier changed to `!ht'.

[224 <./GOPS_Param3.pdf>] [225


]
<GOPS_Param4.pdf, id=2575, 2352.79pt x 3547.2525pt>
File: GOPS_Param4.pdf Graphic file (type pdf)
 <use GOPS_Param4.pdf>
Package pdftex.def Info: GOPS_Param4.pdf used on input line 1572.
(pdftex.def)             Requested size: 352.90327pt x 532.06493pt.


LaTeX Warning: `!h' float specifier changed to `!ht'.

[226 <./GOPS_Param4.pdf>] <GOPS_Param5.pdf, id=2612, 2352.79pt x 3543.2375pt>
File: GOPS_Param5.pdf Graphic file (type pdf)

<use GOPS_Param5.pdf>
Package pdftex.def Info: GOPS_Param5.pdf used on input line 1572.
(pdftex.def)             Requested size: 352.90327pt x 531.4627pt.


LaTeX Warning: Float too large for page by 15.25873pt on input line 1572.


LaTeX Warning: `!h' float specifier changed to `!ht'.

[227 <./GOPS_Param5.pdf>]
<GOPS_Param6.pdf, id=2649, 2358.8125pt x 3579.3725pt>
File: GOPS_Param6.pdf Graphic file (type pdf)
 <use GOPS_Param6.pdf>
Package pdftex.def Info: GOPS_Param6.pdf used on input line 1572.
(pdftex.def)             Requested size: 353.80661pt x 536.88272pt.


LaTeX Warning: Float too large for page by 20.64877pt on input line 1572.


LaTeX Warning: `!h' float specifier changed to `!ht'.

[228 <./GOPS_Param6.pdf>] [229



]
<GOPS_Param7.pdf, id=2689, 2354.7975pt x 3555.2825pt>
File: GOPS_Param7.pdf Graphic file (type pdf)
 <use GOPS_Param7.pdf>
Package pdftex.def Info: GOPS_Param7.pdf used on input line 1607.
(pdftex.def)             Requested size: 353.20439pt x 533.26938pt.


LaTeX Warning: Float too large for page by 17.03543pt on input line 1607.


LaTeX Warning: `!h' float specifier changed to `!ht'.

[230 <./GOPS_Param7.pdf>] <GOPS_Table1.pdf, id=2727, 751.80875pt x 303.1325pt>
File: GOPS_Table1.pdf Graphic file (type pdf)

<use GOPS_Table1.pdf>
Package pdftex.def Info: GOPS_Table1.pdf used on input line 1607.
(pdftex.def)             Requested size: 451.08871pt x 181.8809pt.
 <GOPS_Table2.pdf, id=2728, 796.9775pt x 312.16624pt>
File: GOPS_Table2.pdf Graphic file (type pdf)

<use GOPS_Table2.pdf>
Package pdftex.def Info: GOPS_Table2.pdf used on input line 1607.
(pdftex.def)             Requested size: 478.19019pt x 187.3012pt.
 [231

 <./GOPS_Table1.pdf> <./GOPS_Table2.pdf>] [232

]
<ResourceLimTable1.pdf, id=2756, 755.82375pt x 636.3775pt>
File: ResourceLimTable1.pdf Graphic file (type pdf)

<use ResourceLimTable1.pdf>
Package pdftex.def Info: ResourceLimTable1.pdf used on input line 1617.
(pdftex.def)             Requested size: 453.49774pt x 381.82944pt.


LaTeX Warning: `!h' float specifier changed to `!ht'.

<ResourceLimTable2.pdf, id=2757, 770.88pt x 639.38875pt>
File: ResourceLimTable2.pdf Graphic file (type pdf)

<use ResourceLimTable2.pdf>
Package pdftex.def Info: ResourceLimTable2.pdf used on input line 1626.
(pdftex.def)             Requested size: 462.53157pt x 383.6362pt.


LaTeX Warning: `!h' float specifier changed to `!ht'.

[233] [234 <./ResourceLimTable1.pdf>] [235 <./ResourceLimTable2.pdf>] [236]
<InitializationTable1.pdf, id=2790, 790.955pt x 378.41376pt>
File: InitializationTable1.pdf Graphic file (type pdf)

<use InitializationTable1.pdf>
Package pdftex.def Info: InitializationTable1.pdf used on input line 1650.
(pdftex.def)             Requested size: 474.57666pt x 227.05pt.

<InitializationTable2.png, id=2791, 796.9775pt x 388.45125pt>
File: InitializationTable2.png Graphic file (type png)

<use InitializationTable2.png>
Package pdftex.def Info: InitializationTable2.png used on input line 1657.
(pdftex.def)             Requested size: 478.19019pt x 233.07254pt.


LaTeX Warning: `!h' float specifier changed to `!ht'.


LaTeX Warning: `!h' float specifier changed to `!ht'.

[237]

LaTeX Warning: Text page 238 contains only floats.

[238 <./InitializationTable1.pdf> <./InitializationTable2.png>]
<NonStandardSelectionTable.png, id=2809, 798.985pt x 156.585pt>
File: NonStandardSelectionTable.png Graphic file (type png)

<use NonStandardSelectionTable.png>
Package pdftex.def Info: NonStandardSelectionTable.png used on input line 1669.

(pdftex.def)             Requested size: 479.3947pt x 93.95172pt.


LaTeX Warning: `!h' float specifier changed to `!ht'.

[239] [240 <./NonStandardSelectionTable.png>]
<ExpansionRestrictionTable.pdf, id=2816, 800.9925pt x 170.6375pt>
File: ExpansionRestrictionTable.pdf Graphic file (type pdf)

<use ExpansionRestrictionTable.pdf>
Package pdftex.def Info: ExpansionRestrictionTable.pdf used on input line 1684.

(pdftex.def)             Requested size: 480.5992pt x 102.38327pt.
 [241 <./ExpansionRestrictionTable.pdf>]
[242]
File: DelayFeedbackAM.pdf Graphic file (type pdf)
 <use DelayFeedbackAM.pdf>
Package pdftex.def Info: DelayFeedbackAM.pdf used on input line 1702.
(pdftex.def)             Requested size: 379.01651pt x 270.61136pt.
File: FeedbackDelayAMTargetSTFT.png Graphic file (type png)
 <use FeedbackDelayAMTargetSTFT.png>
Package pdftex.def Info: FeedbackDelayAMTargetSTFT.png used on input line 1709.

(pdftex.def)             Requested size: 393.47589pt x 238.19344pt.
 [243]
<DelayFeedbackAM_Best.png, id=2837, 929.4725pt x 338.26375pt>
File: DelayFeedbackAM_Best.png Graphic file (type png)

<use DelayFeedbackAM_Best.png>
Package pdftex.def Info: DelayFeedbackAM_Best.png used on input line 1717.
(pdftex.def)             Requested size: 929.47025pt x 338.26291pt.


LaTeX Warning: Float too large for page by 24.0977pt on input line 1720.

<FeedbackDelayAMBestOfRunSTFT.png, id=2838, 1127.21124pt x 677.53125pt>
File: FeedbackDelayAMBestOfRunSTFT.png Graphic file (type png)

<use FeedbackDelayAMBestOfRunSTFT.png>
Package pdftex.def Info: FeedbackDelayAMBestOfRunSTFT.png used on input line 17
23.
(pdftex.def)             Requested size: 394.52985pt x 237.13948pt.
 [244]

LaTeX Warning: `!h' float specifier changed to `!ht'.


LaTeX Warning: `!h' float specifier changed to `!ht'.

[245] [246] [247] [248 <./DelayFeedbackAM_Best.png>] [249 <./FeedbackDelayAMBes
tOfRunSTFT.png>]
File: AdaptiveDegrade.pdf Graphic file (type pdf)
 <use AdaptiveDegrade.pdf>
Package pdftex.def Info: AdaptiveDegrade.pdf used on input line 1743.
(pdftex.def)             Requested size: 238.49132pt x 252.14233pt.
File: AdaptiveDownsamplingTargetSTFT.png Graphic file (type png)

<use AdaptiveDownsamplingTargetSTFT.png>
Package pdftex.def Info: AdaptiveDownsamplingTargetSTFT.png used on input line 
1750.
(pdftex.def)             Requested size: 393.82721pt x 240.30135pt.
 [250

]
<AdaptiveDownsample_Best.png, id=2861, 436.63126pt x 352.31625pt>
File: AdaptiveDownsample_Best.png Graphic file (type png)

<use AdaptiveDownsample_Best.png>
Package pdftex.def Info: AdaptiveDownsample_Best.png used on input line 1760.
(pdftex.def)             Requested size: 380.69788pt x 307.18465pt.


LaTeX Warning: `!h' float specifier changed to `!ht'.

<AdaptiveDownsamplingBestOfRunSTFT.png, id=2862, 1121.18875pt x 676.5275pt>
File: AdaptiveDownsamplingBestOfRunSTFT.png Graphic file (type png)

<use AdaptiveDownsamplingBestOfRunSTFT.png>
Package pdftex.def Info: AdaptiveDownsamplingBestOfRunSTFT.png used on input li
ne 1766.
(pdftex.def)             Requested size: 392.42194pt x 236.78816pt.


LaTeX Warning: `!h' float specifier changed to `!ht'.


./Dissertation.tex:1770: LaTeX Error: There's no line here to end.

See the LaTeX manual or LaTeX Companion for explanation.
Type  H <return>  for immediate help.
 ...                                              
                                                  
l.1770 \\
         
? 
<AdaptiveDownsamplingBestOfRunSTFT2.png, id=2863, 1136.245pt x 682.55pt>
File: AdaptiveDownsamplingBestOfRunSTFT2.png Graphic file (type png)

<use AdaptiveDownsamplingBestOfRunSTFT2.png>
Package pdftex.def Info: AdaptiveDownsamplingBestOfRunSTFT2.png used on input l
ine 1774.
(pdftex.def)             Requested size: 397.6917pt x 238.89607pt.


LaTeX Warning: `!h' float specifier changed to `!ht'.

[251] [252 <./AdaptiveDownsample_Best.png>] [253 <./AdaptiveDownsamplingBestOfR
unSTFT.png>] [254 <./AdaptiveDownsamplingBestOfRunSTFT2.png>]
File: ClippingReverbSaw.pdf Graphic file (type pdf)

<use ClippingReverbSaw.pdf>
Package pdftex.def Info: ClippingReverbSaw.pdf used on input line 1788.
(pdftex.def)             Requested size: 273.82335pt x 333.24544pt.


LaTeX Warning: `!h' float specifier changed to `!ht'.

File: ClippingReverbTargetSTFT.png Graphic file (type png)
<use ClippingReverbTargetSTFT.png>
Package pdftex.def Info: ClippingReverbTargetSTFT.png used on input line 1795.
(pdftex.def)             Requested size: 390.31404pt x 237.13948pt.


LaTeX Warning: `!h' float specifier changed to `!ht'.


./Dissertation.tex:1799: LaTeX Error: There's no line here to end.

See the LaTeX manual or LaTeX Companion for explanation.
Type  H <return>  for immediate help.
 ...                                              
                                                  
l.1799 \\
         
? 
<ClippingReverb_Best.png, id=2877, 548.0475pt x 283.0575pt>
File: ClippingReverb_Best.png Graphic file (type png)

<use ClippingReverb_Best.png>
Package pdftex.def Info: ClippingReverb_Best.png used on input line 1805.
(pdftex.def)             Requested size: 380.69788pt x 196.6272pt.


LaTeX Warning: `!h' float specifier changed to `!ht'.

<ClippingReverbBestOfRunSTFT.png, id=2878, 1119.18124pt x 679.53876pt>
File: ClippingReverbBestOfRunSTFT.png Graphic file (type png)

<use ClippingReverbBestOfRunSTFT.png>
Package pdftex.def Info: ClippingReverbBestOfRunSTFT.png used on input line 181
1.
(pdftex.def)             Requested size: 391.7193pt x 237.84213pt.


LaTeX Warning: `!h' float specifier changed to `!ht'.


./Dissertation.tex:1815: LaTeX Error: There's no line here to end.

See the LaTeX manual or LaTeX Companion for explanation.
Type  H <return>  for immediate help.
 ...                                              
                                                  
l.1815 \\
         
? 
[255

] [256] [257] [258 <./ClippingReverb_Best.png>] [259 <./ClippingReverbBestOfRun
STFT.png>] [260

] <Lion_Best.png, id=2898, 828.09375pt x 331.2375pt>
File: Lion_Best.png Graphic file (type png)

<use Lion_Best.png>
Package pdftex.def Info: Lion_Best.png used on input line 1840.
(pdftex.def)             Requested size: 828.09174pt x 331.23668pt.


LaTeX Warning: `!h' float specifier changed to `!ht'.

<EvolvingLionRoarBestOfRunSTFT.png, id=2899, 1124.2pt x 678.535pt>
File: EvolvingLionRoarBestOfRunSTFT.png Graphic file (type png)

<use EvolvingLionRoarBestOfRunSTFT.png>
Package pdftex.def Info: EvolvingLionRoarBestOfRunSTFT.png used on input line 1
846.
(pdftex.def)             Requested size: 393.47589pt x 237.4908pt.


LaTeX Warning: `!h' float specifier changed to `!ht'.


./Dissertation.tex:1850: LaTeX Error: There's no line here to end.

See the LaTeX manual or LaTeX Companion for explanation.
Type  H <return>  for immediate help.
 ...                                              
                                                  
l.1850 \\
         
? 
File: EvolvingLionRoarTargetSTFT.png Graphic file (type png)
<use EvolvingLionRoarTargetSTFT.png>
Package pdftex.def Info: EvolvingLionRoarTargetSTFT.png used on input line 1854
.
(pdftex.def)             Requested size: 390.66536pt x 239.24739pt.


LaTeX Warning: `!h' float specifier changed to `!ht'.

[261]

LaTeX Warning: Text page 262 contains only floats.

[262 <./Lion_Best.png>] [263 <./EvolvingLionRoarBestOfRunSTFT.png>] [264]
<FreightTrain_Best.png, id=2913, 1084.05pt x 311.1625pt>
File: FreightTrain_Best.png Graphic file (type png)

<use FreightTrain_Best.png>
Package pdftex.def Info: FreightTrain_Best.png used on input line 1870.
(pdftex.def)             Requested size: 1084.04736pt x 311.16174pt.


LaTeX Warning: Float too large for page by 8.43358pt on input line 1873.


LaTeX Warning: `!h' float specifier changed to `!ht'.

<FreightTrainBestOfRunSTFT.png, id=2914, 1124.2pt x 685.56125pt>
File: FreightTrainBestOfRunSTFT.png Graphic file (type png)

<use FreightTrainBestOfRunSTFT.png>
Package pdftex.def Info: FreightTrainBestOfRunSTFT.png used on input line 1876.

(pdftex.def)             Requested size: 393.47589pt x 239.95003pt.


LaTeX Warning: `!h' float specifier changed to `!ht'.


./Dissertation.tex:1880: LaTeX Error: There's no line here to end.

See the LaTeX manual or LaTeX Companion for explanation.
Type  H <return>  for immediate help.
 ...                                              
                                                  
l.1880 \\
         
? 
File: FreightTrainTargetSTFT.png Graphic file (type png)
<use FreightTrainTargetSTFT.png>
Package pdftex.def Info: FreightTrainTargetSTFT.png used on input line 1884.
(pdftex.def)             Requested size: 391.01668pt x 238.89607pt.


LaTeX Warning: `!h' float specifier changed to `!ht'.

[265

] [266] [267 <./FreightTrain_Best.png>] [268 <./FreightTrainBestOfRunSTFT.png>]
 [269] <MetalGong_Best.png, id=2931, 1144.275pt x 493.845pt>
File: MetalGong_Best.png Graphic file (type png)

<use MetalGong_Best.png>
Package pdftex.def Info: MetalGong_Best.png used on input line 1902.
(pdftex.def)             Requested size: 1144.2722pt x 493.84378pt.


LaTeX Warning: `!h' float specifier changed to `!ht'.

<MetalGongBestOfRunSTFT.png, id=2932, 1121.18875pt x 684.5575pt>
File: MetalGongBestOfRunSTFT.png Graphic file (type png)

<use MetalGongBestOfRunSTFT.png>
Package pdftex.def Info: MetalGongBestOfRunSTFT.png used on input line 1908.
(pdftex.def)             Requested size: 392.42194pt x 239.59871pt.


LaTeX Warning: `!h' float specifier changed to `!ht'.


./Dissertation.tex:1912: LaTeX Error: There's no line here to end.

See the LaTeX manual or LaTeX Companion for explanation.
Type  H <return>  for immediate help.
 ...                                              
                                                  
l.1912 \\
         
? 
File: MetalGongTargetSTFT.png Graphic file (type png)
<use MetalGongTargetSTFT.png>
Package pdftex.def Info: MetalGongTargetSTFT.png used on input line 1916.
(pdftex.def)             Requested size: 392.07062pt x 239.59871pt.


LaTeX Warning: `!h' float specifier changed to `!ht'.

[270

] [271 <./MetalGong_Best.png>] [272 <./MetalGongBestOfRunSTFT.png>]
[273] <MetallicSynth_Best.png, id=2946, 430.60875pt x 273.02pt>
File: MetallicSynth_Best.png Graphic file (type png)

<use MetallicSynth_Best.png>
Package pdftex.def Info: MetallicSynth_Best.png used on input line 1930.
(pdftex.def)             Requested size: 380.69788pt x 241.37898pt.

<EvolvingMetallicSynthBestOfRun.png, id=2947, 1116.17pt x 682.55pt>
File: EvolvingMetallicSynthBestOfRun.png Graphic file (type png)

<use EvolvingMetallicSynthBestOfRun.png>
Package pdftex.def Info: EvolvingMetallicSynthBestOfRun.png used on input line 
1936.
(pdftex.def)             Requested size: 390.66536pt x 238.89607pt.


LaTeX Warning: `!h' float specifier changed to `!ht'.


./Dissertation.tex:1940: LaTeX Error: There's no line here to end.

See the LaTeX manual or LaTeX Companion for explanation.
Type  H <return>  for immediate help.
 ...                                              
                                                  
l.1940 \\
         
? 
File: EvolvingMetallicSynthTargetSTFT.png Graphic file (type png)
<use EvolvingMetallicSynthTargetSTFT.png>
Package pdftex.def Info: EvolvingMetallicSynthTargetSTFT.png used on input line
 1944.
(pdftex.def)             Requested size: 392.07062pt x 240.65266pt.


LaTeX Warning: `!h' float specifier changed to `!ht'.

[274

 <./MetallicSynth_Best.png>] [275 <./EvolvingMetallicSynthBestOfRun.png>]
[276] <RandomAnalog_Best.png, id=2957, 774.895pt x 603.25375pt>
File: RandomAnalog_Best.png Graphic file (type png)

<use RandomAnalog_Best.png>
Package pdftex.def Info: RandomAnalog_Best.png used on input line 1960.
(pdftex.def)             Requested size: 774.89311pt x 603.25227pt.

Overfull \hbox (11.41241pt too wide) in paragraph at lines 1960--1961
 [] 
 []


LaTeX Warning: `!h' float specifier changed to `!ht'.

<RandomAnalogReverbBestOfRunSTFT.png, id=2958, 1120.185pt x 684.5575pt>
File: RandomAnalogReverbBestOfRunSTFT.png Graphic file (type png)

<use RandomAnalogReverbBestOfRunSTFT.png>
Package pdftex.def Info: RandomAnalogReverbBestOfRunSTFT.png used on input line
 1966.
(pdftex.def)             Requested size: 392.07062pt x 239.59871pt.


LaTeX Warning: `!h' float specifier changed to `!ht'.


./Dissertation.tex:1970: LaTeX Error: There's no line here to end.

See the LaTeX manual or LaTeX Companion for explanation.
Type  H <return>  for immediate help.
 ...                                              
                                                  
l.1970 \\
         
? 
File: RandomAnalogReverbTargetSTFT.png Graphic file (type png)
<use RandomAnalogReverbTargetSTFT.png>
Package pdftex.def Info: RandomAnalogReverbTargetSTFT.png used on input line 19
74.
(pdftex.def)             Requested size: 393.12457pt x 238.89607pt.
 [277

]

LaTeX Warning: `!h' float specifier changed to `!ht'.

[278] [279 <./RandomAnalog_Best.png>] [280 <./RandomAnalogReverbBestOfRunSTFT.p
ng>] [281]
Chapter 6.
[282

] [283] [284] [285] [286] [287] [288] (./Dissertation.bbl [289

] [290]
[291] [292] [293] [294] [295] [296] [297] [298] [299] [300] [301] [302]
[303] [304]) [305] (./Dissertation.aux)

LaTeX Font Warning: Some font shapes were not available, defaults substituted.

 ) 
Here is how much of TeX's memory you used:
 4639 strings out of 493315
 73983 string characters out of 6137904
 126200 words of memory out of 5000000
 7901 multiletter control sequences out of 15000+600000
 21861 words of font info for 48 fonts, out of 8000000 for 9000
 957 hyphenation exceptions out of 8191
 38i,12n,23p,2406b,585s stack positions out of 5000i,500n,10000p,200000b,80000s
{/usr/local/texlive/2013/texmf-dist/fonts/enc/dvips/base/8r.enc}</usr/local/t
exlive/2013/texmf-dist/fonts/type1/public/amsfonts/cm/cmex10.pfb></usr/local/te
xlive/2013/texmf-dist/fonts/type1/public/amsfonts/cm/cmmi10.pfb></usr/local/tex
live/2013/texmf-dist/fonts/type1/public/amsfonts/cm/cmmi12.pfb></usr/local/texl
ive/2013/texmf-dist/fonts/type1/public/amsfonts/cm/cmmi5.pfb></usr/local/texliv
e/2013/texmf-dist/fonts/type1/public/amsfonts/cm/cmmi6.pfb></usr/local/texlive/
2013/texmf-dist/fonts/type1/public/amsfonts/cm/cmmi7.pfb></usr/local/texlive/20
13/texmf-dist/fonts/type1/public/amsfonts/cm/cmmi8.pfb></usr/local/texlive/2013
/texmf-dist/fonts/type1/public/amsfonts/cm/cmr10.pfb></usr/local/texlive/2013/t
exmf-dist/fonts/type1/public/amsfonts/cm/cmr12.pfb></usr/local/texlive/2013/tex
mf-dist/fonts/type1/public/amsfonts/cm/cmr6.pfb></usr/local/texlive/2013/texmf-
dist/fonts/type1/public/amsfonts/cm/cmr7.pfb></usr/local/texlive/2013/texmf-dis
t/fonts/type1/public/amsfonts/cm/cmr8.pfb></usr/local/texlive/2013/texmf-dist/f
onts/type1/public/amsfonts/cm/cmsy10.pfb></usr/local/texlive/2013/texmf-dist/fo
nts/type1/public/amsfonts/cm/cmsy6.pfb></usr/local/texlive/2013/texmf-dist/font
s/type1/public/amsfonts/cm/cmsy7.pfb></usr/local/texlive/2013/texmf-dist/fonts/
type1/public/amsfonts/cm/cmsy8.pfb></usr/local/texlive/2013/texmf-dist/fonts/ty
pe1/urw/times/utmb8a.pfb></usr/local/texlive/2013/texmf-dist/fonts/type1/urw/ti
mes/utmbi8a.pfb></usr/local/texlive/2013/texmf-dist/fonts/type1/urw/times/utmr8
a.pfb></usr/local/texlive/2013/texmf-dist/fonts/type1/urw/times/utmri8a.pfb>
Output written on Dissertation.pdf (321 pages, 34529745 bytes).
PDF statistics:
 3112 PDF objects out of 3580 (max. 8388607)
 2133 compressed objects within 22 object streams
 0 named destinations out of 1000 (max. 500000)
 546 words of extra memory for PDF output out of 10000 (max. 10000000)

